<?xml version="1.0" encoding="UTF-8"?>
<testsuites name="CreateNewAdminAndLogin" time="57" tests="1" failures="1" errors="0">
   <testsuite name="CreateNewAdminAndLogin" tests="1" failures="1" errors="0" time="57" timestamp="2018-10-22 11:30:03" hostname="Saranya - Saranya-PC" id="Test Suites/CreateNewAdminAndLogin">
      <properties>
         <property name="deviceName" value=""/>
         <property name="devicePlatform" value=""/>
         <property name="logFolder" value="C:\\Users\\Saranya\\Katalon Studio\\Saranya_Katalon_Assignment2\\Reports\\CreateNewAdminAndLogin\\20181022_113000"/>
         <property name="logFiles" value="C:\\Users\\Saranya\\Katalon Studio\\Saranya_Katalon_Assignment2\\Reports\\CreateNewAdminAndLogin\\20181022_113000\\execution0.log"/>
         <property name="attachments" value="C:\\Users\\Saranya\\Katalon Studio\\Saranya_Katalon_Assignment2\\Reports\\CreateNewAdminAndLogin\\20181022_113000\\1540188059933.png"/>
         <property name="hostName" value="Saranya - Saranya-PC"/>
         <property name="os" value="Windows 7 64bit"/>
         <property name="katalonVersion" value="5.4.1.1"/>
         <property name="browser" value="Chrome 69.0.3497.100"/>
         <property name="hostAddress" value="192.168.1.142"/>
         <property name="sessionId" value="c3b5583e6419a44a4471c203e6055e76"/>
         <property name="seleniumVersion" value="3.7.1"/>
         <property name="proxyInformation" value="ProxyInformation{proxyOption=NO_PROXY, proxyServerType=HTTP, password=, proxyServerAddress=, proxyServerPort=0}"/>
         <property name="platform" value="Windows 7"/>
      </properties>
      <testcase name="Test Cases/Common/LoginAsSuperAdmin" classname="Test Cases/Common/LoginAsSuperAdmin" status="PASSED">
         <system-out><![CDATA[2018-10-22 11:30:04 - [TEST_CASE][PASSED] - Test Cases/Common/LoginAsSuperAdmin: Test Cases/Common/LoginAsSuperAdmin

2018-10-22 11:30:05 - [TEST_STEP][PASSED] - openBrowser: Browser is opened with url: ''

2018-10-22 11:30:11 - [MESSAGE][PASSED] - Browser is opened with url: ''

2018-10-22 11:30:11 - [TEST_STEP][PASSED] - navigateToUrl: Navigate to 'https://www.phptravels.net/admin' successfully

2018-10-22 11:30:14 - [MESSAGE][PASSED] - Navigate to 'https://www.phptravels.net/admin' successfully

2018-10-22 11:30:14 - [TEST_STEP][PASSED] - setText: Text 'admin@phptravels.com' is set on object 'Object Repository/common/super_admin/Page_Administator Login/input_email'

2018-10-22 11:30:14 - [MESSAGE][PASSED] - Text 'admin@phptravels.com' is set on object 'Object Repository/common/super_admin/Page_Administator Login/input_email'

2018-10-22 11:30:14 - [TEST_STEP][PASSED] - setText: Text 'demoadmin' is set on object 'Object Repository/common/super_admin/Page_Administator Login/input_password'

2018-10-22 11:30:15 - [MESSAGE][PASSED] - Text 'demoadmin' is set on object 'Object Repository/common/super_admin/Page_Administator Login/input_password'

2018-10-22 11:30:15 - [TEST_STEP][PASSED] - click: Object: 'Object Repository/common/super_admin/Page_Administator Login/button_Login' is clicked on

2018-10-22 11:30:15 - [MESSAGE][PASSED] - Object: 'Object Repository/common/super_admin/Page_Administator Login/button_Login' is clicked on]]></system-out>
         <system-err><![CDATA[]]></system-err>
      </testcase>
      <testcase name="Test Cases/CreateUser/CreateNewAdmin" classname="Test Cases/CreateUser/CreateNewAdmin" status="FAILED">
         <failure type="FAILED" message="Unable to click on object 'Object Repository/user/create_new_admin/Access/add/Page_Add Admin/checkbox_all' (Root cause: com.kms.katalon.core.webui.exception.WebElementNotFoundException: Web element with id: 'Object Repository/user/create_new_admin/Access/add/Page_Add Admin/checkbox_all' located by 'By.xpath: .//*[contains(@class,'panel-heading')]//self::*[(text()='Add')]//following-sibling::*//li[${i}]//div
' not found)"/>
         <system-out><![CDATA[2018-10-22 11:30:15 - [TEST_CASE][FAILED] - Test Cases/CreateUser/CreateNewAdmin: Test Cases/CreateUser/CreateNewAdmin FAILED because (of) Unable to click on object 'Object Repository/user/create_new_admin/Access/add/Page_Add Admin/checkbox_all' (Root cause: com.kms.katalon.core.webui.exception.WebElementNotFoundException: Web element with id: 'Object Repository/user/create_new_admin/Access/add/Page_Add Admin/checkbox_all' located by 'By.xpath: .//*[contains(@class,'panel-heading')]//self::*[(text()='Add')]//following-sibling::*//li[${i}]//div
' not found)

2018-10-22 11:30:16 - [TEST_STEP][PASSED] - phpTravels.PhpKeys.navigateToCreateAdminPage: phpTravels.PhpKeys.navigateToCreateAdminPage is PASSED

2018-10-22 11:30:20 - [MESSAGE][PASSED] - Object: 'Object Repository/user/create_new_admin/Page_Dashboard/a_Accounts' is clicked on

2018-10-22 11:30:22 - [MESSAGE][PASSED] - Object: 'Object Repository/user/create_new_admin/Page_Dashboard/a_Admins' is clicked on

2018-10-22 11:30:24 - [MESSAGE][PASSED] - Object: 'Object Repository/user/create_new_admin/Page_Admins Management/button_Add' is clicked on

2018-10-22 11:30:24 - [MESSAGE][PASSED] - phpTravels.PhpKeys.navigateToCreateAdminPage is PASSED

2018-10-22 11:30:24 - [TEST_STEP][PASSED] - phpTravels.PhpKeys.provideAdminDetails: phpTravels.PhpKeys.provideAdminDetails is PASSED

2018-10-22 11:30:24 - [MESSAGE][PASSED] - Text 'fName' is set on object 'Object Repository/user/create_new_admin/Page_Add Admin/input_fname'

2018-10-22 11:30:24 - [MESSAGE][PASSED] - Text 'lName' is set on object 'Object Repository/user/create_new_admin/Page_Add Admin/input_lname'

2018-10-22 11:30:25 - [MESSAGE][PASSED] - Text 'mail@demo.com' is set on object 'Object Repository/user/create_new_admin/Page_Add Admin/input_email'

2018-10-22 11:30:25 - [MESSAGE][PASSED] - Text 'password123' is set on object 'Object Repository/user/create_new_admin/Page_Add Admin/input_password'

2018-10-22 11:30:26 - [MESSAGE][PASSED] - Text '9495441434' is set on object 'Object Repository/user/create_new_admin/Page_Add Admin/input_mobile'

2018-10-22 11:30:26 - [MESSAGE][PASSED] - Object: 'Object Repository/user/create_new_admin/Page_Add Admin/autocomplete_country1' is clicked on

2018-10-22 11:30:26 - [MESSAGE][PASSED] - Object: 'Object Repository/user/create_new_admin/Page_Add Admin/autocomplete_country2' is clicked on

2018-10-22 11:30:27 - [MESSAGE][PASSED] - Text 'India' is set on object 'Object Repository/user/create_new_admin/Page_Add Admin/autocomplete_country2'

2018-10-22 11:30:27 - [MESSAGE][PASSED] - Object: 'Object Repository/user/create_new_admin/Page_Add Admin/autocomplete_country3' is clicked on

2018-10-22 11:30:27 - [MESSAGE][PASSED] - Text 'Address1' is set on object 'Object Repository/user/create_new_admin/Page_Add Admin/input_address1'

2018-10-22 11:30:28 - [MESSAGE][PASSED] - Text 'Address2' is set on object 'Object Repository/user/create_new_admin/Page_Add Admin/input_address2'

2018-10-22 11:30:28 - [MESSAGE][PASSED] - phpTravels.PhpKeys.provideAdminDetails is PASSED

2018-10-22 11:30:28 - [TEST_STEP][FAILED] - phpTravels.PhpKeys.provideAccessDetailsForAdd: Unable to click on object 'Object Repository/user/create_new_admin/Access/add/Page_Add Admin/checkbox_all' (Root cause: com.kms.katalon.core.webui.exception.WebElementNotFoundException: Web element with id: 'Object Repository/user/create_new_admin/Access/add/Page_Add Admin/checkbox_all' located by 'By.xpath: .//*[contains(@class,'panel-heading')]//self::*[(text()='Add')]//following-sibling::*//li[${i}]//div
' not found)

2018-10-22 11:31:00 - [MESSAGE][FAILED] - Unable to click on object 'Object Repository/user/create_new_admin/Access/add/Page_Add Admin/checkbox_all' (Root cause: com.kms.katalon.core.webui.exception.WebElementNotFoundException: Web element with id: 'Object Repository/user/create_new_admin/Access/add/Page_Add Admin/checkbox_all' located by 'By.xpath: .//*[contains(@class,'panel-heading')]//self::*[(text()='Add')]//following-sibling::*//li[${i}]//div
' not found)
[[ATTACHMENT|C:\\Users\\Saranya\\Katalon Studio\\Saranya_Katalon_Assignment2\\Reports\\CreateNewAdminAndLogin\\20181022_113000\\1540188059933.png]]

2018-10-22 11:31:00 - [MESSAGE][FAILED] - Unable to click on object 'Object Repository/user/create_new_admin/Access/add/Page_Add Admin/checkbox_all' (Root cause: com.kms.katalon.core.webui.exception.WebElementNotFoundException: Web element with id: 'Object Repository/user/create_new_admin/Access/add/Page_Add Admin/checkbox_all' located by 'By.xpath: .//*[contains(@class,'panel-heading')]//self::*[(text()='Add')]//following-sibling::*//li[${i}]//div
' not found)]]></system-out>
         <system-err><![CDATA[2018-10-22 11:30:15 - [TEST_CASE][FAILED] - Test Cases/CreateUser/CreateNewAdmin: Test Cases/CreateUser/CreateNewAdmin FAILED because (of) Unable to click on object 'Object Repository/user/create_new_admin/Access/add/Page_Add Admin/checkbox_all' (Root cause: com.kms.katalon.core.webui.exception.WebElementNotFoundException: Web element with id: 'Object Repository/user/create_new_admin/Access/add/Page_Add Admin/checkbox_all' located by 'By.xpath: .//*[contains(@class,'panel-heading')]//self::*[(text()='Add')]//following-sibling::*//li[${i}]//div
' not found)]]></system-err>
      </testcase>
      <system-out><![CDATA[2018-10-22 11:30:03 - [TEST_SUITE][FAILED] - CreateNewAdminAndLogin: Test Cases/CreateUser/CreateNewAdmin FAILED because (of) Unable to click on object 'Object Repository/user/create_new_admin/Access/add/Page_Add Admin/checkbox_all' (Root cause: com.kms.katalon.core.webui.exception.WebElementNotFoundException: Web element with id: 'Object Repository/user/create_new_admin/Access/add/Page_Add Admin/checkbox_all' located by 'By.xpath: .//*[contains(@class,'panel-heading')]//self::*[(text()='Add')]//following-sibling::*//li[${i}]//div
' not found)]]></system-out>
      <system-err><![CDATA[2018-10-22 11:30:03 - [TEST_SUITE][FAILED] - CreateNewAdminAndLogin: Test Cases/CreateUser/CreateNewAdmin FAILED because (of) Unable to click on object 'Object Repository/user/create_new_admin/Access/add/Page_Add Admin/checkbox_all' (Root cause: com.kms.katalon.core.webui.exception.WebElementNotFoundException: Web element with id: 'Object Repository/user/create_new_admin/Access/add/Page_Add Admin/checkbox_all' located by 'By.xpath: .//*[contains(@class,'panel-heading')]//self::*[(text()='Add')]//following-sibling::*//li[${i}]//div
' not found)]]></system-err>
   </testsuite>
</testsuites>
