{"devicePlatform":"","logFolder":"C:\\Users\\Saranya\\Katalon Studio\\Saranya_Katalon_Assignment2\\Reports\\CreateNewAdminAndLogin\\20181018_115149","runData":{"hostName":"Saranya - Saranya-PC","os":"Windows 7 64bit","katalonVersion":"5.4.1.1","browser":"Firefox 47.0","hostAddress":"192.168.1.142","sessionId":"0d5153d1-7a14-4057-b250-dc09e8e2a62e","seleniumVersion":"3.7.1","proxyInformation":"ProxyInformation{proxyOption\u003dNO_PROXY, proxyServerType\u003dHTTP, password\u003d, proxyServerAddress\u003d, proxyServerPort\u003d0}","platform":"Windows 7"},"type":"TEST_SUITE","name":"CreateNewAdminAndLogin","id":"Test Suites/CreateNewAdminAndLogin","source":"","message":"Test Cases/CreateUser/CreateNewAdmin FAILED because (of) org.codehaus.groovy.runtime.InvokerInvocationException: groovy.lang.MissingMethodException: No signature of method: static com.kms.katalon.core.webui.keyword.WebUiBuiltInKeywords.click() is applicable for argument types: (com.kms.katalon.core.testobject.TestObject, java.lang.Integer) values: [TestObject - \u0027Object Repository/user/create_new_admin/Access/add/Page_Add Admin/checkbox_All_Access\u0027, ...]\nPossible solutions: click(com.kms.katalon.core.testobject.TestObject), click(com.kms.katalon.core.testobject.TestObject, com.kms.katalon.core.model.FailureHandling), check(com.kms.katalon.core.testobject.TestObject), check(com.kms.katalon.core.testobject.TestObject, com.kms.katalon.core.model.FailureHandling), back(), wait()","description":"","startTime":1539843712804,"endTime":1539843762512,"childRecords":[{"isOptional":false,"type":"TEST_CASE","name":"Test Cases/Common/LoginAsSuperAdmin","id":"Test Cases/Common/LoginAsSuperAdmin","source":"C:\\\\Users\\\\Saranya\\\\Katalon Studio\\\\Saranya_Katalon_Assignment2\\\\Test Cases\\\\Common\\\\LoginAsSuperAdmin.tc","message":"Test Cases/Common/LoginAsSuperAdmin","description":"","startTime":1539843713440,"endTime":1539843733767,"childRecords":[{"testStatus":{"stackTrace":"","statusValue":"INFO"},"type":"MESSAGE","name":"","message":"Evaluating variables for test case","startTime":1539843713510,"endTime":0,"childRecords":[],"interuppted":false},{"testStatus":{"stackTrace":"","statusValue":"INFO"},"type":"MESSAGE","name":"","message":"Variable \u0027userName\u0027 is set to admin@phptravels.com as default","startTime":1539843713643,"endTime":0,"childRecords":[],"interuppted":false},{"testStatus":{"stackTrace":"","statusValue":"INFO"},"type":"MESSAGE","name":"","message":"Variable \u0027password\u0027 is set to demoadmin as default","startTime":1539843713665,"endTime":0,"childRecords":[],"interuppted":false},{"index":1,"isIgnoredIfFailed":false,"type":"TEST_STEP","name":"openBrowser","message":"Browser is opened with url: \u0027\u0027","description":"","startTime":1539843714295,"endTime":1539843729880,"childRecords":[{"testStatus":{"stackTrace":"","statusValue":"PASSED"},"type":"MESSAGE","name":"","message":"Browser is opened with url: \u0027\u0027","startTime":1539843729879,"endTime":0,"childRecords":[],"interuppted":false}],"interuppted":false},{"index":2,"isIgnoredIfFailed":false,"type":"TEST_STEP","name":"navigateToUrl","message":"Navigate to \u0027https://www.phptravels.net/admin\u0027 successfully","description":"","startTime":1539843729881,"endTime":1539843732240,"childRecords":[{"testStatus":{"stackTrace":"","statusValue":"PASSED"},"type":"MESSAGE","name":"","message":"Navigate to \u0027https://www.phptravels.net/admin\u0027 successfully","startTime":1539843732239,"endTime":0,"childRecords":[],"interuppted":false}],"interuppted":false},{"index":3,"isIgnoredIfFailed":false,"type":"TEST_STEP","name":"setText","message":"Text \u0027admin@phptravels.com\u0027 is set on object \u0027Object Repository/common/super_admin/Page_Administator Login/input_email\u0027","description":"","startTime":1539843732242,"endTime":1539843732666,"childRecords":[{"testStatus":{"stackTrace":"","statusValue":"PASSED"},"type":"MESSAGE","name":"","message":"Text \u0027admin@phptravels.com\u0027 is set on object \u0027Object Repository/common/super_admin/Page_Administator Login/input_email\u0027","startTime":1539843732665,"endTime":0,"childRecords":[],"interuppted":false}],"interuppted":false},{"index":4,"isIgnoredIfFailed":false,"type":"TEST_STEP","name":"setText","message":"Text \u0027demoadmin\u0027 is set on object \u0027Object Repository/common/super_admin/Page_Administator Login/input_password\u0027","description":"","startTime":1539843732666,"endTime":1539843733503,"childRecords":[{"testStatus":{"stackTrace":"","statusValue":"PASSED"},"type":"MESSAGE","name":"","message":"Text \u0027demoadmin\u0027 is set on object \u0027Object Repository/common/super_admin/Page_Administator Login/input_password\u0027","startTime":1539843733502,"endTime":0,"childRecords":[],"interuppted":false}],"interuppted":false},{"index":5,"isIgnoredIfFailed":false,"type":"TEST_STEP","name":"click","message":"Object: \u0027Object Repository/common/super_admin/Page_Administator Login/button_Login\u0027 is clicked on","description":"","startTime":1539843733503,"endTime":1539843733766,"childRecords":[{"testStatus":{"stackTrace":"","statusValue":"PASSED"},"type":"MESSAGE","name":"","message":"Object: \u0027Object Repository/common/super_admin/Page_Administator Login/button_Login\u0027 is clicked on","startTime":1539843733765,"endTime":0,"childRecords":[],"interuppted":false}],"interuppted":false},{"testStatus":{"stackTrace":"","statusValue":"PASSED"},"type":"MESSAGE","name":"","message":"Test Cases/Common/LoginAsSuperAdmin","startTime":1539843733767,"endTime":0,"childRecords":[],"interuppted":false}],"interuppted":false},{"isOptional":false,"type":"TEST_CASE","name":"Test Cases/CreateUser/CreateNewAdmin","id":"Test Cases/CreateUser/CreateNewAdmin","source":"C:\\\\Users\\\\Saranya\\\\Katalon Studio\\\\Saranya_Katalon_Assignment2\\\\Test Cases\\\\CreateUser\\\\CreateNewAdmin.tc","message":"Test Cases/CreateUser/CreateNewAdmin FAILED because (of) org.codehaus.groovy.runtime.InvokerInvocationException: groovy.lang.MissingMethodException: No signature of method: static com.kms.katalon.core.webui.keyword.WebUiBuiltInKeywords.click() is applicable for argument types: (com.kms.katalon.core.testobject.TestObject, java.lang.Integer) values: [TestObject - \u0027Object Repository/user/create_new_admin/Access/add/Page_Add Admin/checkbox_All_Access\u0027, ...]\nPossible solutions: click(com.kms.katalon.core.testobject.TestObject), click(com.kms.katalon.core.testobject.TestObject, com.kms.katalon.core.model.FailureHandling), check(com.kms.katalon.core.testobject.TestObject), check(com.kms.katalon.core.testobject.TestObject, com.kms.katalon.core.model.FailureHandling), back(), wait()","description":"","startTime":1539843733777,"endTime":1539843762057,"childRecords":[{"testStatus":{"stackTrace":"","statusValue":"INFO"},"type":"MESSAGE","name":"","message":"Evaluating variables for test case","startTime":1539843733820,"endTime":0,"childRecords":[],"interuppted":false},{"index":1,"isIgnoredIfFailed":false,"type":"TEST_STEP","name":"phpTravels.PhpKeys.navigateToCreateAdminPage","message":"phpTravels.PhpKeys.navigateToCreateAdminPage is PASSED","description":"","startTime":1539843734190,"endTime":1539843744440,"childRecords":[{"testStatus":{"stackTrace":"","statusValue":"PASSED"},"type":"MESSAGE","name":"","message":"Object: \u0027Object Repository/user/create_new_admin/Page_Dashboard/a_Accounts\u0027 is clicked on","startTime":1539843742071,"endTime":0,"childRecords":[],"interuppted":false},{"testStatus":{"stackTrace":"","statusValue":"PASSED"},"type":"MESSAGE","name":"","message":"Object: \u0027Object Repository/user/create_new_admin/Page_Dashboard/a_Admins\u0027 is clicked on","startTime":1539843742295,"endTime":0,"childRecords":[],"interuppted":false},{"testStatus":{"stackTrace":"","statusValue":"PASSED"},"type":"MESSAGE","name":"","message":"Object: \u0027Object Repository/user/create_new_admin/Page_Admins Management/button_Add\u0027 is clicked on","startTime":1539843744439,"endTime":0,"childRecords":[],"interuppted":false},{"testStatus":{"stackTrace":"","statusValue":"PASSED"},"type":"MESSAGE","name":"","message":"phpTravels.PhpKeys.navigateToCreateAdminPage is PASSED","startTime":1539843744440,"endTime":0,"childRecords":[],"interuppted":false}],"interuppted":false},{"index":2,"isIgnoredIfFailed":false,"type":"TEST_STEP","name":"phpTravels.PhpKeys.provideAdminDetails","message":"phpTravels.PhpKeys.provideAdminDetails is PASSED","description":"","startTime":1539843744441,"endTime":1539843761962,"childRecords":[{"testStatus":{"stackTrace":"","statusValue":"PASSED"},"type":"MESSAGE","name":"","message":"Text \u0027fName\u0027 is set on object \u0027Object Repository/user/create_new_admin/Page_Add Admin/input_fname\u0027","startTime":1539843759132,"endTime":0,"childRecords":[],"interuppted":false},{"testStatus":{"stackTrace":"","statusValue":"PASSED"},"type":"MESSAGE","name":"","message":"Text \u0027lName\u0027 is set on object \u0027Object Repository/user/create_new_admin/Page_Add Admin/input_lname\u0027","startTime":1539843759429,"endTime":0,"childRecords":[],"interuppted":false},{"testStatus":{"stackTrace":"","statusValue":"PASSED"},"type":"MESSAGE","name":"","message":"Text \u0027mail@demo.com\u0027 is set on object \u0027Object Repository/user/create_new_admin/Page_Add Admin/input_email\u0027","startTime":1539843759697,"endTime":0,"childRecords":[],"interuppted":false},{"testStatus":{"stackTrace":"","statusValue":"PASSED"},"type":"MESSAGE","name":"","message":"Text \u0027password123\u0027 is set on object \u0027Object Repository/user/create_new_admin/Page_Add Admin/input_password\u0027","startTime":1539843759927,"endTime":0,"childRecords":[],"interuppted":false},{"testStatus":{"stackTrace":"","statusValue":"PASSED"},"type":"MESSAGE","name":"","message":"Text \u00279495441434\u0027 is set on object \u0027Object Repository/user/create_new_admin/Page_Add Admin/input_mobile\u0027","startTime":1539843760129,"endTime":0,"childRecords":[],"interuppted":false},{"testStatus":{"stackTrace":"","statusValue":"PASSED"},"type":"MESSAGE","name":"","message":"Object: \u0027Object Repository/user/create_new_admin/Page_Add Admin/autocomplete_country1\u0027 is clicked on","startTime":1539843760545,"endTime":0,"childRecords":[],"interuppted":false},{"testStatus":{"stackTrace":"","statusValue":"PASSED"},"type":"MESSAGE","name":"","message":"Object: \u0027Object Repository/user/create_new_admin/Page_Add Admin/autocomplete_country2\u0027 is clicked on","startTime":1539843760870,"endTime":0,"childRecords":[],"interuppted":false},{"testStatus":{"stackTrace":"","statusValue":"PASSED"},"type":"MESSAGE","name":"","message":"Text \u0027India\u0027 is set on object \u0027Object Repository/user/create_new_admin/Page_Add Admin/autocomplete_country2\u0027","startTime":1539843761256,"endTime":0,"childRecords":[],"interuppted":false},{"testStatus":{"stackTrace":"","statusValue":"PASSED"},"type":"MESSAGE","name":"","message":"Object: \u0027Object Repository/user/create_new_admin/Page_Add Admin/autocomplete_country3\u0027 is clicked on","startTime":1539843761469,"endTime":0,"childRecords":[],"interuppted":false},{"testStatus":{"stackTrace":"","statusValue":"PASSED"},"type":"MESSAGE","name":"","message":"Text \u0027Address1\u0027 is set on object \u0027Object Repository/user/create_new_admin/Page_Add Admin/input_address1\u0027","startTime":1539843761791,"endTime":0,"childRecords":[],"interuppted":false},{"testStatus":{"stackTrace":"","statusValue":"PASSED"},"type":"MESSAGE","name":"","message":"Text \u0027Address2\u0027 is set on object \u0027Object Repository/user/create_new_admin/Page_Add Admin/input_address2\u0027","startTime":1539843761960,"endTime":0,"childRecords":[],"interuppted":false},{"testStatus":{"stackTrace":"","statusValue":"PASSED"},"type":"MESSAGE","name":"","message":"phpTravels.PhpKeys.provideAdminDetails is PASSED","startTime":1539843761961,"endTime":0,"childRecords":[],"interuppted":false}],"interuppted":false},{"index":3,"isIgnoredIfFailed":false,"type":"TEST_STEP","name":"phpTravels.PhpKeys.provideAccessDetailsForAdd","message":"groovy.lang.MissingMethodException: No signature of method: static com.kms.katalon.core.webui.keyword.WebUiBuiltInKeywords.click() is applicable for argument types: (com.kms.katalon.core.testobject.TestObject, java.lang.Integer) values: [TestObject - \u0027Object Repository/user/create_new_admin/Access/add/Page_Add Admin/checkbox_All_Access\u0027, ...]\nPossible solutions: click(com.kms.katalon.core.testobject.TestObject), click(com.kms.katalon.core.testobject.TestObject, com.kms.katalon.core.model.FailureHandling), check(com.kms.katalon.core.testobject.TestObject), check(com.kms.katalon.core.testobject.TestObject, com.kms.katalon.core.model.FailureHandling), back(), wait()","description":"","startTime":1539843761963,"endTime":1539843762012,"childRecords":[{"testStatus":{"stackTrace":"","statusValue":"ERROR"},"type":"MESSAGE","name":"","message":"groovy.lang.MissingMethodException: No signature of method: static com.kms.katalon.core.webui.keyword.WebUiBuiltInKeywords.click() is applicable for argument types: (com.kms.katalon.core.testobject.TestObject, java.lang.Integer) values: [TestObject - \u0027Object Repository/user/create_new_admin/Access/add/Page_Add Admin/checkbox_All_Access\u0027, ...]\nPossible solutions: click(com.kms.katalon.core.testobject.TestObject), click(com.kms.katalon.core.testobject.TestObject, com.kms.katalon.core.model.FailureHandling), check(com.kms.katalon.core.testobject.TestObject), check(com.kms.katalon.core.testobject.TestObject, com.kms.katalon.core.model.FailureHandling), back(), wait()","startTime":1539843762002,"endTime":0,"childRecords":[],"interuppted":false}],"interuppted":false},{"testStatus":{"stackTrace":"","statusValue":"ERROR"},"type":"MESSAGE","name":"","message":"Test Cases/CreateUser/CreateNewAdmin FAILED because (of) org.codehaus.groovy.runtime.InvokerInvocationException: groovy.lang.MissingMethodException: No signature of method: static com.kms.katalon.core.webui.keyword.WebUiBuiltInKeywords.click() is applicable for argument types: (com.kms.katalon.core.testobject.TestObject, java.lang.Integer) values: [TestObject - \u0027Object Repository/user/create_new_admin/Access/add/Page_Add Admin/checkbox_All_Access\u0027, ...]\nPossible solutions: click(com.kms.katalon.core.testobject.TestObject), click(com.kms.katalon.core.testobject.TestObject, com.kms.katalon.core.model.FailureHandling), check(com.kms.katalon.core.testobject.TestObject), check(com.kms.katalon.core.testobject.TestObject, com.kms.katalon.core.model.FailureHandling), back(), wait()","startTime":1539843762028,"endTime":0,"childRecords":[],"interuppted":false}],"interuppted":false}],"interuppted":false}