{"devicePlatform":"","logFolder":"C:\\Users\\Saranya\\Katalon Studio\\Saranya_Katalon_Assignment2\\Reports\\CreateNewAdminAndLogin\\20181018_144423","runData":{"hostName":"Saranya - Saranya-PC","os":"Windows 7 64bit","katalonVersion":"5.4.1.1","browser":"Chrome 69.0.3497.100","hostAddress":"192.168.1.142","sessionId":"98371d189cea93e32288a1d5f3b8d577","seleniumVersion":"3.7.1","proxyInformation":"ProxyInformation{proxyOption\u003dNO_PROXY, proxyServerType\u003dHTTP, password\u003d, proxyServerAddress\u003d, proxyServerPort\u003d0}","platform":"Windows 7"},"type":"TEST_SUITE","name":"CreateNewAdminAndLogin","id":"Test Suites/CreateNewAdminAndLogin","source":"","message":"Test Cases/CreateUser/CreateNewAdmin FAILED because (of) Unable to click on object \u0027Object Repository/user/create_new_admin/Page_Add Admin/autocomplete_country3\u0027 (Root cause: org.openqa.selenium.WebDriverException: unknown error: Element \u003cspan class\u003d\"select2-match\"\u003e...\u003c/span\u003e is not clickable at point (713, 148). Other element would receive the click: \u003cdiv class\u003d\"select2-result-label\"\u003e...\u003c/div\u003e\n  (Session info: chrome\u003d69.0.3497.100)\n  (Driver info: chromedriver\u003d2.35.528161 (5b82f2d2aae0ca24b877009200ced9065a772e73),platform\u003dWindows NT 6.1.7601 SP1 x86_64) (WARNING: The server did not provide any stacktrace information)\nCommand duration or timeout: 0 milliseconds\nBuild info: version: \u00273.7.1\u0027, revision: \u00278a0099a\u0027, time: \u00272017-11-06T21:07:36.161Z\u0027\nSystem info: host: \u0027SARANYA-PC\u0027, ip: \u0027192.168.1.142\u0027, os.name: \u0027Windows 7\u0027, os.arch: \u0027amd64\u0027, os.version: \u00276.1\u0027, java.version: \u00271.8.0_102\u0027\nDriver info: com.kms.katalon.selenium.driver.CChromeDriver\nCapabilities {acceptInsecureCerts: false, acceptSslCerts: false, applicationCacheEnabled: false, browserConnectionEnabled: false, browserName: chrome, chrome: {chromedriverVersion: 2.35.528161 (5b82f2d2aae0ca..., userDataDir: C:\\Users\\Saranya\\AppData\\Lo...}, cssSelectorsEnabled: true, databaseEnabled: false, handlesAlerts: true, hasTouchScreen: false, javascriptEnabled: true, locationContextEnabled: true, mobileEmulationEnabled: false, nativeEvents: true, networkConnectionEnabled: false, pageLoadStrategy: normal, platform: XP, platformName: XP, rotatable: false, setWindowRect: true, takesHeapSnapshot: true, takesScreenshot: true, unexpectedAlertBehaviour: , unhandledPromptBehavior: , version: 69.0.3497.100, webStorageEnabled: true}\nSession ID: 98371d189cea93e32288a1d5f3b8d577)","description":"","startTime":1539854067529,"endTime":1539854103056,"childRecords":[{"isOptional":false,"type":"TEST_CASE","name":"Test Cases/Common/LoginAsSuperAdmin","id":"Test Cases/Common/LoginAsSuperAdmin","source":"C:\\\\Users\\\\Saranya\\\\Katalon Studio\\\\Saranya_Katalon_Assignment2\\\\Test Cases\\\\Common\\\\LoginAsSuperAdmin.tc","message":"Test Cases/Common/LoginAsSuperAdmin","description":"","startTime":1539854069535,"endTime":1539854083428,"childRecords":[{"testStatus":{"stackTrace":"","statusValue":"INFO"},"type":"MESSAGE","name":"","message":"Evaluating variables for test case","startTime":1539854069614,"endTime":0,"childRecords":[],"interuppted":false},{"testStatus":{"stackTrace":"","statusValue":"INFO"},"type":"MESSAGE","name":"","message":"Variable \u0027userName\u0027 is set to admin@phptravels.com as default","startTime":1539854069718,"endTime":0,"childRecords":[],"interuppted":false},{"testStatus":{"stackTrace":"","statusValue":"INFO"},"type":"MESSAGE","name":"","message":"Variable \u0027password\u0027 is set to demoadmin as default","startTime":1539854069730,"endTime":0,"childRecords":[],"interuppted":false},{"index":1,"isIgnoredIfFailed":false,"type":"TEST_STEP","name":"openBrowser","message":"Browser is opened with url: \u0027\u0027","description":"","startTime":1539854071172,"endTime":1539854078480,"childRecords":[{"testStatus":{"stackTrace":"","statusValue":"PASSED"},"type":"MESSAGE","name":"","message":"Browser is opened with url: \u0027\u0027","startTime":1539854078478,"endTime":0,"childRecords":[],"interuppted":false}],"interuppted":false},{"index":2,"isIgnoredIfFailed":false,"type":"TEST_STEP","name":"navigateToUrl","message":"Navigate to \u0027https://www.phptravels.net/admin\u0027 successfully","description":"","startTime":1539854078481,"endTime":1539854080950,"childRecords":[{"testStatus":{"stackTrace":"","statusValue":"PASSED"},"type":"MESSAGE","name":"","message":"Navigate to \u0027https://www.phptravels.net/admin\u0027 successfully","startTime":1539854080947,"endTime":0,"childRecords":[],"interuppted":false}],"interuppted":false},{"index":3,"isIgnoredIfFailed":false,"type":"TEST_STEP","name":"setText","message":"Text \u0027admin@phptravels.com\u0027 is set on object \u0027Object Repository/common/super_admin/Page_Administator Login/input_email\u0027","description":"","startTime":1539854080951,"endTime":1539854082480,"childRecords":[{"testStatus":{"stackTrace":"","statusValue":"PASSED"},"type":"MESSAGE","name":"","message":"Text \u0027admin@phptravels.com\u0027 is set on object \u0027Object Repository/common/super_admin/Page_Administator Login/input_email\u0027","startTime":1539854082479,"endTime":0,"childRecords":[],"interuppted":false}],"interuppted":false},{"index":4,"isIgnoredIfFailed":false,"type":"TEST_STEP","name":"setText","message":"Text \u0027demoadmin\u0027 is set on object \u0027Object Repository/common/super_admin/Page_Administator Login/input_password\u0027","description":"","startTime":1539854082480,"endTime":1539854083081,"childRecords":[{"testStatus":{"stackTrace":"","statusValue":"PASSED"},"type":"MESSAGE","name":"","message":"Text \u0027demoadmin\u0027 is set on object \u0027Object Repository/common/super_admin/Page_Administator Login/input_password\u0027","startTime":1539854083080,"endTime":0,"childRecords":[],"interuppted":false}],"interuppted":false},{"index":5,"isIgnoredIfFailed":false,"type":"TEST_STEP","name":"click","message":"Object: \u0027Object Repository/common/super_admin/Page_Administator Login/button_Login\u0027 is clicked on","description":"","startTime":1539854083082,"endTime":1539854083427,"childRecords":[{"testStatus":{"stackTrace":"","statusValue":"PASSED"},"type":"MESSAGE","name":"","message":"Object: \u0027Object Repository/common/super_admin/Page_Administator Login/button_Login\u0027 is clicked on","startTime":1539854083426,"endTime":0,"childRecords":[],"interuppted":false}],"interuppted":false},{"testStatus":{"stackTrace":"","statusValue":"PASSED"},"type":"MESSAGE","name":"","message":"Test Cases/Common/LoginAsSuperAdmin","startTime":1539854083427,"endTime":0,"childRecords":[],"interuppted":false}],"interuppted":false},{"isOptional":false,"type":"TEST_CASE","name":"Test Cases/CreateUser/CreateNewAdmin","id":"Test Cases/CreateUser/CreateNewAdmin","source":"C:\\\\Users\\\\Saranya\\\\Katalon Studio\\\\Saranya_Katalon_Assignment2\\\\Test Cases\\\\CreateUser\\\\CreateNewAdmin.tc","message":"Test Cases/CreateUser/CreateNewAdmin FAILED because (of) Unable to click on object \u0027Object Repository/user/create_new_admin/Page_Add Admin/autocomplete_country3\u0027 (Root cause: org.openqa.selenium.WebDriverException: unknown error: Element \u003cspan class\u003d\"select2-match\"\u003e...\u003c/span\u003e is not clickable at point (713, 148). Other element would receive the click: \u003cdiv class\u003d\"select2-result-label\"\u003e...\u003c/div\u003e\n  (Session info: chrome\u003d69.0.3497.100)\n  (Driver info: chromedriver\u003d2.35.528161 (5b82f2d2aae0ca24b877009200ced9065a772e73),platform\u003dWindows NT 6.1.7601 SP1 x86_64) (WARNING: The server did not provide any stacktrace information)\nCommand duration or timeout: 0 milliseconds\nBuild info: version: \u00273.7.1\u0027, revision: \u00278a0099a\u0027, time: \u00272017-11-06T21:07:36.161Z\u0027\nSystem info: host: \u0027SARANYA-PC\u0027, ip: \u0027192.168.1.142\u0027, os.name: \u0027Windows 7\u0027, os.arch: \u0027amd64\u0027, os.version: \u00276.1\u0027, java.version: \u00271.8.0_102\u0027\nDriver info: com.kms.katalon.selenium.driver.CChromeDriver\nCapabilities {acceptInsecureCerts: false, acceptSslCerts: false, applicationCacheEnabled: false, browserConnectionEnabled: false, browserName: chrome, chrome: {chromedriverVersion: 2.35.528161 (5b82f2d2aae0ca..., userDataDir: C:\\Users\\Saranya\\AppData\\Lo...}, cssSelectorsEnabled: true, databaseEnabled: false, handlesAlerts: true, hasTouchScreen: false, javascriptEnabled: true, locationContextEnabled: true, mobileEmulationEnabled: false, nativeEvents: true, networkConnectionEnabled: false, pageLoadStrategy: normal, platform: XP, platformName: XP, rotatable: false, setWindowRect: true, takesHeapSnapshot: true, takesScreenshot: true, unexpectedAlertBehaviour: , unhandledPromptBehavior: , version: 69.0.3497.100, webStorageEnabled: true}\nSession ID: 98371d189cea93e32288a1d5f3b8d577)","description":"","startTime":1539854083433,"endTime":1539854101970,"childRecords":[{"testStatus":{"stackTrace":"","statusValue":"INFO"},"type":"MESSAGE","name":"","message":"Evaluating variables for test case","startTime":1539854083486,"endTime":0,"childRecords":[],"interuppted":false},{"index":1,"isIgnoredIfFailed":false,"type":"TEST_STEP","name":"phpTravels.PhpKeys.navigateToCreateAdminPage","message":"phpTravels.PhpKeys.navigateToCreateAdminPage is PASSED","description":"","startTime":1539854084327,"endTime":1539854094515,"childRecords":[{"testStatus":{"stackTrace":"","statusValue":"PASSED"},"type":"MESSAGE","name":"","message":"Object: \u0027Object Repository/user/create_new_admin/Page_Dashboard/a_Accounts\u0027 is clicked on","startTime":1539854089806,"endTime":0,"childRecords":[],"interuppted":false},{"testStatus":{"stackTrace":"","statusValue":"PASSED"},"type":"MESSAGE","name":"","message":"Object: \u0027Object Repository/user/create_new_admin/Page_Dashboard/a_Admins\u0027 is clicked on","startTime":1539854092093,"endTime":0,"childRecords":[],"interuppted":false},{"testStatus":{"stackTrace":"","statusValue":"PASSED"},"type":"MESSAGE","name":"","message":"Object: \u0027Object Repository/user/create_new_admin/Page_Admins Management/button_Add\u0027 is clicked on","startTime":1539854094513,"endTime":0,"childRecords":[],"interuppted":false},{"testStatus":{"stackTrace":"","statusValue":"PASSED"},"type":"MESSAGE","name":"","message":"phpTravels.PhpKeys.navigateToCreateAdminPage is PASSED","startTime":1539854094514,"endTime":0,"childRecords":[],"interuppted":false}],"interuppted":false},{"attachment":"1539854101432.png","index":2,"isIgnoredIfFailed":false,"type":"TEST_STEP","name":"phpTravels.PhpKeys.provideAdminDetails","message":"Unable to click on object \u0027Object Repository/user/create_new_admin/Page_Add Admin/autocomplete_country3\u0027 (Root cause: org.openqa.selenium.WebDriverException: unknown error: Element \u003cspan class\u003d\"select2-match\"\u003e...\u003c/span\u003e is not clickable at point (713, 148). Other element would receive the click: \u003cdiv class\u003d\"select2-result-label\"\u003e...\u003c/div\u003e\n  (Session info: chrome\u003d69.0.3497.100)\n  (Driver info: chromedriver\u003d2.35.528161 (5b82f2d2aae0ca24b877009200ced9065a772e73),platform\u003dWindows NT 6.1.7601 SP1 x86_64) (WARNING: The server did not provide any stacktrace information)\nCommand duration or timeout: 0 milliseconds\nBuild info: version: \u00273.7.1\u0027, revision: \u00278a0099a\u0027, time: \u00272017-11-06T21:07:36.161Z\u0027\nSystem info: host: \u0027SARANYA-PC\u0027, ip: \u0027192.168.1.142\u0027, os.name: \u0027Windows 7\u0027, os.arch: \u0027amd64\u0027, os.version: \u00276.1\u0027, java.version: \u00271.8.0_102\u0027\nDriver info: com.kms.katalon.selenium.driver.CChromeDriver\nCapabilities {acceptInsecureCerts: false, acceptSslCerts: false, applicationCacheEnabled: false, browserConnectionEnabled: false, browserName: chrome, chrome: {chromedriverVersion: 2.35.528161 (5b82f2d2aae0ca..., userDataDir: C:\\Users\\Saranya\\AppData\\Lo...}, cssSelectorsEnabled: true, databaseEnabled: false, handlesAlerts: true, hasTouchScreen: false, javascriptEnabled: true, locationContextEnabled: true, mobileEmulationEnabled: false, nativeEvents: true, networkConnectionEnabled: false, pageLoadStrategy: normal, platform: XP, platformName: XP, rotatable: false, setWindowRect: true, takesHeapSnapshot: true, takesScreenshot: true, unexpectedAlertBehaviour: , unhandledPromptBehavior: , version: 69.0.3497.100, webStorageEnabled: true}\nSession ID: 98371d189cea93e32288a1d5f3b8d577)","description":"","startTime":1539854094515,"endTime":1539854101943,"childRecords":[{"testStatus":{"stackTrace":"","statusValue":"PASSED"},"type":"MESSAGE","name":"","message":"Text \u0027fName\u0027 is set on object \u0027Object Repository/user/create_new_admin/Page_Add Admin/input_fname\u0027","startTime":1539854095278,"endTime":0,"childRecords":[],"interuppted":false},{"testStatus":{"stackTrace":"","statusValue":"PASSED"},"type":"MESSAGE","name":"","message":"Text \u0027lName\u0027 is set on object \u0027Object Repository/user/create_new_admin/Page_Add Admin/input_lname\u0027","startTime":1539854095884,"endTime":0,"childRecords":[],"interuppted":false},{"testStatus":{"stackTrace":"","statusValue":"PASSED"},"type":"MESSAGE","name":"","message":"Text \u0027mail@demo.com\u0027 is set on object \u0027Object Repository/user/create_new_admin/Page_Add Admin/input_email\u0027","startTime":1539854096661,"endTime":0,"childRecords":[],"interuppted":false},{"testStatus":{"stackTrace":"","statusValue":"PASSED"},"type":"MESSAGE","name":"","message":"Text \u0027password123\u0027 is set on object \u0027Object Repository/user/create_new_admin/Page_Add Admin/input_password\u0027","startTime":1539854097515,"endTime":0,"childRecords":[],"interuppted":false},{"testStatus":{"stackTrace":"","statusValue":"PASSED"},"type":"MESSAGE","name":"","message":"Text \u00279495441434\u0027 is set on object \u0027Object Repository/user/create_new_admin/Page_Add Admin/input_mobile\u0027","startTime":1539854098241,"endTime":0,"childRecords":[],"interuppted":false},{"testStatus":{"stackTrace":"","statusValue":"PASSED"},"type":"MESSAGE","name":"","message":"Object: \u0027Object Repository/user/create_new_admin/Page_Add Admin/autocomplete_country1\u0027 is clicked on","startTime":1539854098822,"endTime":0,"childRecords":[],"interuppted":false},{"testStatus":{"stackTrace":"","statusValue":"PASSED"},"type":"MESSAGE","name":"","message":"Object: \u0027Object Repository/user/create_new_admin/Page_Add Admin/autocomplete_country2\u0027 is clicked on","startTime":1539854099172,"endTime":0,"childRecords":[],"interuppted":false},{"testStatus":{"stackTrace":"","statusValue":"PASSED"},"type":"MESSAGE","name":"","message":"Text \u0027India\u0027 is set on object \u0027Object Repository/user/create_new_admin/Page_Add Admin/autocomplete_country2\u0027","startTime":1539854100593,"endTime":0,"childRecords":[],"interuppted":false},{"testStatus":{"stackTrace":"","statusValue":"FAILED"},"attachment":"1539854101432.png","type":"MESSAGE","name":"","message":"Unable to click on object \u0027Object Repository/user/create_new_admin/Page_Add Admin/autocomplete_country3\u0027 (Root cause: org.openqa.selenium.WebDriverException: unknown error: Element \u003cspan class\u003d\"select2-match\"\u003e...\u003c/span\u003e is not clickable at point (713, 148). Other element would receive the click: \u003cdiv class\u003d\"select2-result-label\"\u003e...\u003c/div\u003e\n  (Session info: chrome\u003d69.0.3497.100)\n  (Driver info: chromedriver\u003d2.35.528161 (5b82f2d2aae0ca24b877009200ced9065a772e73),platform\u003dWindows NT 6.1.7601 SP1 x86_64) (WARNING: The server did not provide any stacktrace information)\nCommand duration or timeout: 0 milliseconds\nBuild info: version: \u00273.7.1\u0027, revision: \u00278a0099a\u0027, time: \u00272017-11-06T21:07:36.161Z\u0027\nSystem info: host: \u0027SARANYA-PC\u0027, ip: \u0027192.168.1.142\u0027, os.name: \u0027Windows 7\u0027, os.arch: \u0027amd64\u0027, os.version: \u00276.1\u0027, java.version: \u00271.8.0_102\u0027\nDriver info: com.kms.katalon.selenium.driver.CChromeDriver\nCapabilities {acceptInsecureCerts: false, acceptSslCerts: false, applicationCacheEnabled: false, browserConnectionEnabled: false, browserName: chrome, chrome: {chromedriverVersion: 2.35.528161 (5b82f2d2aae0ca..., userDataDir: C:\\Users\\Saranya\\AppData\\Lo...}, cssSelectorsEnabled: true, databaseEnabled: false, handlesAlerts: true, hasTouchScreen: false, javascriptEnabled: true, locationContextEnabled: true, mobileEmulationEnabled: false, nativeEvents: true, networkConnectionEnabled: false, pageLoadStrategy: normal, platform: XP, platformName: XP, rotatable: false, setWindowRect: true, takesHeapSnapshot: true, takesScreenshot: true, unexpectedAlertBehaviour: , unhandledPromptBehavior: , version: 69.0.3497.100, webStorageEnabled: true}\nSession ID: 98371d189cea93e32288a1d5f3b8d577)","startTime":1539854101940,"endTime":0,"childRecords":[],"interuppted":false},{"testStatus":{"stackTrace":"","statusValue":"FAILED"},"type":"MESSAGE","name":"","message":"Unable to click on object \u0027Object Repository/user/create_new_admin/Page_Add Admin/autocomplete_country3\u0027 (Root cause: org.openqa.selenium.WebDriverException: unknown error: Element \u003cspan class\u003d\"select2-match\"\u003e...\u003c/span\u003e is not clickable at point (713, 148). Other element would receive the click: \u003cdiv class\u003d\"select2-result-label\"\u003e...\u003c/div\u003e\n  (Session info: chrome\u003d69.0.3497.100)\n  (Driver info: chromedriver\u003d2.35.528161 (5b82f2d2aae0ca24b877009200ced9065a772e73),platform\u003dWindows NT 6.1.7601 SP1 x86_64) (WARNING: The server did not provide any stacktrace information)\nCommand duration or timeout: 0 milliseconds\nBuild info: version: \u00273.7.1\u0027, revision: \u00278a0099a\u0027, time: \u00272017-11-06T21:07:36.161Z\u0027\nSystem info: host: \u0027SARANYA-PC\u0027, ip: \u0027192.168.1.142\u0027, os.name: \u0027Windows 7\u0027, os.arch: \u0027amd64\u0027, os.version: \u00276.1\u0027, java.version: \u00271.8.0_102\u0027\nDriver info: com.kms.katalon.selenium.driver.CChromeDriver\nCapabilities {acceptInsecureCerts: false, acceptSslCerts: false, applicationCacheEnabled: false, browserConnectionEnabled: false, browserName: chrome, chrome: {chromedriverVersion: 2.35.528161 (5b82f2d2aae0ca..., userDataDir: C:\\Users\\Saranya\\AppData\\Lo...}, cssSelectorsEnabled: true, databaseEnabled: false, handlesAlerts: true, hasTouchScreen: false, javascriptEnabled: true, locationContextEnabled: true, mobileEmulationEnabled: false, nativeEvents: true, networkConnectionEnabled: false, pageLoadStrategy: normal, platform: XP, platformName: XP, rotatable: false, setWindowRect: true, takesHeapSnapshot: true, takesScreenshot: true, unexpectedAlertBehaviour: , unhandledPromptBehavior: , version: 69.0.3497.100, webStorageEnabled: true}\nSession ID: 98371d189cea93e32288a1d5f3b8d577)","startTime":1539854101942,"endTime":0,"childRecords":[],"interuppted":false}],"interuppted":false},{"testStatus":{"stackTrace":"","statusValue":"FAILED"},"type":"MESSAGE","name":"","message":"Test Cases/CreateUser/CreateNewAdmin FAILED because (of) Unable to click on object \u0027Object Repository/user/create_new_admin/Page_Add Admin/autocomplete_country3\u0027 (Root cause: org.openqa.selenium.WebDriverException: unknown error: Element \u003cspan class\u003d\"select2-match\"\u003e...\u003c/span\u003e is not clickable at point (713, 148). Other element would receive the click: \u003cdiv class\u003d\"select2-result-label\"\u003e...\u003c/div\u003e\n  (Session info: chrome\u003d69.0.3497.100)\n  (Driver info: chromedriver\u003d2.35.528161 (5b82f2d2aae0ca24b877009200ced9065a772e73),platform\u003dWindows NT 6.1.7601 SP1 x86_64) (WARNING: The server did not provide any stacktrace information)\nCommand duration or timeout: 0 milliseconds\nBuild info: version: \u00273.7.1\u0027, revision: \u00278a0099a\u0027, time: \u00272017-11-06T21:07:36.161Z\u0027\nSystem info: host: \u0027SARANYA-PC\u0027, ip: \u0027192.168.1.142\u0027, os.name: \u0027Windows 7\u0027, os.arch: \u0027amd64\u0027, os.version: \u00276.1\u0027, java.version: \u00271.8.0_102\u0027\nDriver info: com.kms.katalon.selenium.driver.CChromeDriver\nCapabilities {acceptInsecureCerts: false, acceptSslCerts: false, applicationCacheEnabled: false, browserConnectionEnabled: false, browserName: chrome, chrome: {chromedriverVersion: 2.35.528161 (5b82f2d2aae0ca..., userDataDir: C:\\Users\\Saranya\\AppData\\Lo...}, cssSelectorsEnabled: true, databaseEnabled: false, handlesAlerts: true, hasTouchScreen: false, javascriptEnabled: true, locationContextEnabled: true, mobileEmulationEnabled: false, nativeEvents: true, networkConnectionEnabled: false, pageLoadStrategy: normal, platform: XP, platformName: XP, rotatable: false, setWindowRect: true, takesHeapSnapshot: true, takesScreenshot: true, unexpectedAlertBehaviour: , unhandledPromptBehavior: , version: 69.0.3497.100, webStorageEnabled: true}\nSession ID: 98371d189cea93e32288a1d5f3b8d577)","startTime":1539854101944,"endTime":0,"childRecords":[],"interuppted":false}],"interuppted":false}],"interuppted":false}