<?xml version="1.0" encoding="UTF-8"?>
<testsuites name="createTour" time="94" tests="1" failures="1" errors="0">
   <testsuite name="createTour" tests="1" failures="1" errors="0" time="94" timestamp="2018-10-30 11:44:40" hostname="Saranya - Saranya-PC" id="Test Suites/createTour">
      <properties>
         <property name="deviceName" value=""/>
         <property name="devicePlatform" value=""/>
         <property name="logFolder" value="C:\\Users\\Saranya\\Katalon Studio\\Saranya_Katalon_Assignment2\\Reports\\createTour\\20181030_114436"/>
         <property name="logFiles" value="C:\\Users\\Saranya\\Katalon Studio\\Saranya_Katalon_Assignment2\\Reports\\createTour\\20181030_114436\\execution0.log"/>
         <property name="attachments" value="C:\\Users\\Saranya\\Katalon Studio\\Saranya_Katalon_Assignment2\\Reports\\createTour\\20181030_114436\\1540880171153.png"/>
         <property name="hostName" value="Saranya - Saranya-PC"/>
         <property name="os" value="Windows 7 64bit"/>
         <property name="katalonVersion" value="5.4.1.1"/>
         <property name="dbServerInfo" value="MySQL 5.6.20"/>
         <property name="browser" value="Chrome 69.0.3497.100"/>
         <property name="hostAddress" value="192.168.1.142"/>
         <property name="sessionId" value="cdbc61bf34d04c556ba3737b2b5c55bd"/>
         <property name="seleniumVersion" value="3.7.1"/>
         <property name="proxyInformation" value="ProxyInformation{proxyOption=NO_PROXY, proxyServerType=HTTP, password=, proxyServerAddress=, proxyServerPort=0}"/>
         <property name="platform" value="Windows 7"/>
      </properties>
      <testcase name="Test Cases/Common/LoginAsSuperAdmin" classname="Test Cases/Common/LoginAsSuperAdmin" status="PASSED">
         <system-out><![CDATA[2018-10-30 11:44:41 - [TEST_CASE][PASSED] - Test Cases/Common/LoginAsSuperAdmin: Test Cases/Common/LoginAsSuperAdmin

2018-10-30 11:44:42 - [TEST_STEP][PASSED] - Statement - dbdata = com.kms.katalon.core.testdata.TestDataFactory.findTestData(adminDetails): Reading database data with query 'SELECT * FROM katalon_saranya_16_oct_18.users'

2018-10-30 11:44:42 - [TEST_STEP][PASSED] - Statement - userName = dbdata.getValue(5, 2): null

2018-10-30 11:44:43 - [TEST_STEP][PASSED] - Statement - password = dbdata.getValue(2, 2): null

2018-10-30 11:44:43 - [TEST_STEP][PASSED] - phpTravels.commonUtils.loginToPHPTravels: phpTravels.commonUtils.loginToPHPTravels is PASSED

2018-10-30 11:44:49 - [MESSAGE][PASSED] - Browser is opened with url: ''

2018-10-30 11:44:52 - [MESSAGE][PASSED] - Navigate to 'https://www.phptravels.net/admin' successfully

2018-10-30 11:44:55 - [MESSAGE][PASSED] - Current window maximized

2018-10-30 11:44:59 - [MESSAGE][PASSED] - Text 'admin@phptravels.com' is set on object 'Object Repository/common/super_admin/Page_Administator Login/input_email'

2018-10-30 11:45:03 - [MESSAGE][PASSED] - Text 'demoadmin' is set on object 'Object Repository/common/super_admin/Page_Administator Login/input_password'

2018-10-30 11:45:06 - [MESSAGE][PASSED] - Object: 'Object Repository/common/super_admin/Page_Administator Login/button_Login' is clicked on

2018-10-30 11:45:06 - [MESSAGE][PASSED] - phpTravels.commonUtils.loginToPHPTravels is PASSED]]></system-out>
         <system-err><![CDATA[]]></system-err>
      </testcase>
      <testcase name="Test Cases/CreateTour/CreateATour" classname="Test Cases/CreateTour/CreateATour" status="FAILED">
         <failure type="FAILED" message="Unable to click on object 'Object Repository/create_Tour/Page_Add Tour/span_Enable_1' (Root cause: org.openqa.selenium.WebDriverException: unknown error: Element &lt;span id=&quot;infantbtn&quot;>...&lt;/span> is not clickable at point (1202, 604). Other element would receive the click: &lt;iframe id=&quot;jRSvgw4-1540880121291&quot; src=&quot;about:blank&quot; frameborder=&quot;0&quot; scrolling=&quot;no&quot; title=&quot;chat widget&quot; class=&quot;&quot; style=&quot;outline: none !important; visibility: visible !important; resize: none !important; box-shadow: none !important; overflow: visible !important; background: none transparent !important; opacity: 1 !important; position: fixed !important; border: 0px !important; padding: 0px !important; transition-property: none !important; z-index: 1000001 !important; cursor: auto !important; float: none !important; height: 40px !important; min-height: 40px !important; max-height: 40px !important; width: 320px !important; min-width: 320px !important; max-width: 320px !important; border-radius: 0px !important; transform: rotate(0deg) translateZ(0px) !important; transform-origin: 0px center 0px !important; margin: 0px !important; top: auto !important; bottom: 0px !important; right: 10px !important; left: auto !important; display: block !important;&quot;>&lt;/iframe>
  (Session info: chrome=69.0.3497.100)
  (Driver info: chromedriver=2.35.528161 (5b82f2d2aae0ca24b877009200ced9065a772e73),platform=Windows NT 6.1.7601 SP1 x86_64) (WARNING: The server did not provide any stacktrace information)
Command duration or timeout: 0 milliseconds
Build info: version: '3.7.1', revision: '8a0099a', time: '2017-11-06T21:07:36.161Z'
System info: host: 'SARANYA-PC', ip: '192.168.1.142', os.name: 'Windows 7', os.arch: 'amd64', os.version: '6.1', java.version: '1.8.0_102'
Driver info: com.kms.katalon.selenium.driver.CChromeDriver
Capabilities {acceptInsecureCerts: false, acceptSslCerts: false, applicationCacheEnabled: false, browserConnectionEnabled: false, browserName: chrome, chrome: {chromedriverVersion: 2.35.528161 (5b82f2d2aae0ca..., userDataDir: C:\Users\Saranya\AppData\Lo...}, cssSelectorsEnabled: true, databaseEnabled: false, handlesAlerts: true, hasTouchScreen: false, javascriptEnabled: true, locationContextEnabled: true, mobileEmulationEnabled: false, nativeEvents: true, networkConnectionEnabled: false, pageLoadStrategy: normal, platform: XP, platformName: XP, rotatable: false, setWindowRect: true, takesHeapSnapshot: true, takesScreenshot: true, unexpectedAlertBehaviour: , unhandledPromptBehavior: , version: 69.0.3497.100, webStorageEnabled: true}
Session ID: cdbc61bf34d04c556ba3737b2b5c55bd)"/>
         <system-out><![CDATA[2018-10-30 11:45:06 - [TEST_CASE][FAILED] - Test Cases/CreateTour/CreateATour: Test Cases/CreateTour/CreateATour FAILED because (of) Unable to click on object 'Object Repository/create_Tour/Page_Add Tour/span_Enable_1' (Root cause: org.openqa.selenium.WebDriverException: unknown error: Element <span id="infantbtn">...</span> is not clickable at point (1202, 604). Other element would receive the click: <iframe id="jRSvgw4-1540880121291" src="about:blank" frameborder="0" scrolling="no" title="chat widget" class="" style="outline: none !important; visibility: visible !important; resize: none !important; box-shadow: none !important; overflow: visible !important; background: none transparent !important; opacity: 1 !important; position: fixed !important; border: 0px !important; padding: 0px !important; transition-property: none !important; z-index: 1000001 !important; cursor: auto !important; float: none !important; height: 40px !important; min-height: 40px !important; max-height: 40px !important; width: 320px !important; min-width: 320px !important; max-width: 320px !important; border-radius: 0px !important; transform: rotate(0deg) translateZ(0px) !important; transform-origin: 0px center 0px !important; margin: 0px !important; top: auto !important; bottom: 0px !important; right: 10px !important; left: auto !important; display: block !important;"></iframe>
  (Session info: chrome=69.0.3497.100)
  (Driver info: chromedriver=2.35.528161 (5b82f2d2aae0ca24b877009200ced9065a772e73),platform=Windows NT 6.1.7601 SP1 x86_64) (WARNING: The server did not provide any stacktrace information)
Command duration or timeout: 0 milliseconds
Build info: version: '3.7.1', revision: '8a0099a', time: '2017-11-06T21:07:36.161Z'
System info: host: 'SARANYA-PC', ip: '192.168.1.142', os.name: 'Windows 7', os.arch: 'amd64', os.version: '6.1', java.version: '1.8.0_102'
Driver info: com.kms.katalon.selenium.driver.CChromeDriver
Capabilities {acceptInsecureCerts: false, acceptSslCerts: false, applicationCacheEnabled: false, browserConnectionEnabled: false, browserName: chrome, chrome: {chromedriverVersion: 2.35.528161 (5b82f2d2aae0ca..., userDataDir: C:\Users\Saranya\AppData\Lo...}, cssSelectorsEnabled: true, databaseEnabled: false, handlesAlerts: true, hasTouchScreen: false, javascriptEnabled: true, locationContextEnabled: true, mobileEmulationEnabled: false, nativeEvents: true, networkConnectionEnabled: false, pageLoadStrategy: normal, platform: XP, platformName: XP, rotatable: false, setWindowRect: true, takesHeapSnapshot: true, takesScreenshot: true, unexpectedAlertBehaviour: , unhandledPromptBehavior: , version: 69.0.3497.100, webStorageEnabled: true}
Session ID: cdbc61bf34d04c556ba3737b2b5c55bd)

2018-10-30 11:45:06 - [TEST_STEP][PASSED] - phpTravels.TourKeys.navigateToNewTour: phpTravels.TourKeys.navigateToNewTour is PASSED

2018-10-30 11:45:15 - [MESSAGE][PASSED] - Object: 'Object Repository/create_Tour/Page_Tours Management/a_Tours' is clicked on

2018-10-30 11:45:22 - [MESSAGE][PASSED] - Object: 'Object Repository/create_Tour/Page_Tours Management/a_Add New' is clicked on

2018-10-30 11:45:22 - [MESSAGE][PASSED] - phpTravels.TourKeys.navigateToNewTour is PASSED

2018-10-30 11:45:22 - [TEST_STEP][FAILED] - phpTravels.TourKeys.provideTourDetails: Unable to click on object 'Object Repository/create_Tour/Page_Add Tour/span_Enable_1' (Root cause: org.openqa.selenium.WebDriverException: unknown error: Element <span id="infantbtn">...</span> is not clickable at point (1202, 604). Other element would receive the click: <iframe id="jRSvgw4-1540880121291" src="about:blank" frameborder="0" scrolling="no" title="chat widget" class="" style="outline: none !important; visibility: visible !important; resize: none !important; box-shadow: none !important; overflow: visible !important; background: none transparent !important; opacity: 1 !important; position: fixed !important; border: 0px !important; padding: 0px !important; transition-property: none !important; z-index: 1000001 !important; cursor: auto !important; float: none !important; height: 40px !important; min-height: 40px !important; max-height: 40px !important; width: 320px !important; min-width: 320px !important; max-width: 320px !important; border-radius: 0px !important; transform: rotate(0deg) translateZ(0px) !important; transform-origin: 0px center 0px !important; margin: 0px !important; top: auto !important; bottom: 0px !important; right: 10px !important; left: auto !important; display: block !important;"></iframe>
  (Session info: chrome=69.0.3497.100)
  (Driver info: chromedriver=2.35.528161 (5b82f2d2aae0ca24b877009200ced9065a772e73),platform=Windows NT 6.1.7601 SP1 x86_64) (WARNING: The server did not provide any stacktrace information)
Command duration or timeout: 0 milliseconds
Build info: version: '3.7.1', revision: '8a0099a', time: '2017-11-06T21:07:36.161Z'
System info: host: 'SARANYA-PC', ip: '192.168.1.142', os.name: 'Windows 7', os.arch: 'amd64', os.version: '6.1', java.version: '1.8.0_102'
Driver info: com.kms.katalon.selenium.driver.CChromeDriver
Capabilities {acceptInsecureCerts: false, acceptSslCerts: false, applicationCacheEnabled: false, browserConnectionEnabled: false, browserName: chrome, chrome: {chromedriverVersion: 2.35.528161 (5b82f2d2aae0ca..., userDataDir: C:\Users\Saranya\AppData\Lo...}, cssSelectorsEnabled: true, databaseEnabled: false, handlesAlerts: true, hasTouchScreen: false, javascriptEnabled: true, locationContextEnabled: true, mobileEmulationEnabled: false, nativeEvents: true, networkConnectionEnabled: false, pageLoadStrategy: normal, platform: XP, platformName: XP, rotatable: false, setWindowRect: true, takesHeapSnapshot: true, takesScreenshot: true, unexpectedAlertBehaviour: , unhandledPromptBehavior: , version: 69.0.3497.100, webStorageEnabled: true}
Session ID: cdbc61bf34d04c556ba3737b2b5c55bd)

2018-10-30 11:45:34 - [MESSAGE][PASSED] - All options with value 'Yes' are selected in object 'Object Repository/create_Tour/Page_Add Tour/select_TourStatus'  using regular expression

2018-10-30 11:45:38 - [MESSAGE][PASSED] - Text 'Trip to Ootty' is set on object 'Object Repository/create_Tour/Page_Add Tour/input_tourname'

2018-10-30 11:45:43 - [MESSAGE][PASSED] - Object: 'Object Repository/create_Tour/Page_Add Tour/iframeBody' is clicked on

2018-10-30 11:45:47 - [MESSAGE][PASSED] - Text 'Enjoy Holidays with Family' is set on object 'Object Repository/create_Tour/Page_Add Tour/iframeBody'

2018-10-30 11:45:53 - [MESSAGE][PASSED] - Text '2' is set on object 'Object Repository/create_Tour/Page_Add Tour/input_maxadult'

2018-10-30 11:45:58 - [MESSAGE][PASSED] - Text '1000' is set on object 'Object Repository/create_Tour/Page_Add Tour/input_adultprice'

2018-10-30 11:46:00 - [MESSAGE][PASSED] - Object: 'Object Repository/create_Tour/Page_Add Tour/span_Enable' is clicked on

2018-10-30 11:46:04 - [MESSAGE][PASSED] - Text '1' is set on object 'Object Repository/create_Tour/Page_Add Tour/input_maxchild'

2018-10-30 11:46:08 - [MESSAGE][PASSED] - Text '500' is set on object 'Object Repository/create_Tour/Page_Add Tour/input_childprice'

2018-10-30 11:46:12 - [MESSAGE][FAILED] - Unable to click on object 'Object Repository/create_Tour/Page_Add Tour/span_Enable_1' (Root cause: org.openqa.selenium.WebDriverException: unknown error: Element <span id="infantbtn">...</span> is not clickable at point (1202, 604). Other element would receive the click: <iframe id="jRSvgw4-1540880121291" src="about:blank" frameborder="0" scrolling="no" title="chat widget" class="" style="outline: none !important; visibility: visible !important; resize: none !important; box-shadow: none !important; overflow: visible !important; background: none transparent !important; opacity: 1 !important; position: fixed !important; border: 0px !important; padding: 0px !important; transition-property: none !important; z-index: 1000001 !important; cursor: auto !important; float: none !important; height: 40px !important; min-height: 40px !important; max-height: 40px !important; width: 320px !important; min-width: 320px !important; max-width: 320px !important; border-radius: 0px !important; transform: rotate(0deg) translateZ(0px) !important; transform-origin: 0px center 0px !important; margin: 0px !important; top: auto !important; bottom: 0px !important; right: 10px !important; left: auto !important; display: block !important;"></iframe>
  (Session info: chrome=69.0.3497.100)
  (Driver info: chromedriver=2.35.528161 (5b82f2d2aae0ca24b877009200ced9065a772e73),platform=Windows NT 6.1.7601 SP1 x86_64) (WARNING: The server did not provide any stacktrace information)
Command duration or timeout: 0 milliseconds
Build info: version: '3.7.1', revision: '8a0099a', time: '2017-11-06T21:07:36.161Z'
System info: host: 'SARANYA-PC', ip: '192.168.1.142', os.name: 'Windows 7', os.arch: 'amd64', os.version: '6.1', java.version: '1.8.0_102'
Driver info: com.kms.katalon.selenium.driver.CChromeDriver
Capabilities {acceptInsecureCerts: false, acceptSslCerts: false, applicationCacheEnabled: false, browserConnectionEnabled: false, browserName: chrome, chrome: {chromedriverVersion: 2.35.528161 (5b82f2d2aae0ca..., userDataDir: C:\Users\Saranya\AppData\Lo...}, cssSelectorsEnabled: true, databaseEnabled: false, handlesAlerts: true, hasTouchScreen: false, javascriptEnabled: true, locationContextEnabled: true, mobileEmulationEnabled: false, nativeEvents: true, networkConnectionEnabled: false, pageLoadStrategy: normal, platform: XP, platformName: XP, rotatable: false, setWindowRect: true, takesHeapSnapshot: true, takesScreenshot: true, unexpectedAlertBehaviour: , unhandledPromptBehavior: , version: 69.0.3497.100, webStorageEnabled: true}
Session ID: cdbc61bf34d04c556ba3737b2b5c55bd)
[[ATTACHMENT|C:\\Users\\Saranya\\Katalon Studio\\Saranya_Katalon_Assignment2\\Reports\\createTour\\20181030_114436\\1540880171153.png]]

2018-10-30 11:46:12 - [MESSAGE][FAILED] - Unable to click on object 'Object Repository/create_Tour/Page_Add Tour/span_Enable_1' (Root cause: org.openqa.selenium.WebDriverException: unknown error: Element <span id="infantbtn">...</span> is not clickable at point (1202, 604). Other element would receive the click: <iframe id="jRSvgw4-1540880121291" src="about:blank" frameborder="0" scrolling="no" title="chat widget" class="" style="outline: none !important; visibility: visible !important; resize: none !important; box-shadow: none !important; overflow: visible !important; background: none transparent !important; opacity: 1 !important; position: fixed !important; border: 0px !important; padding: 0px !important; transition-property: none !important; z-index: 1000001 !important; cursor: auto !important; float: none !important; height: 40px !important; min-height: 40px !important; max-height: 40px !important; width: 320px !important; min-width: 320px !important; max-width: 320px !important; border-radius: 0px !important; transform: rotate(0deg) translateZ(0px) !important; transform-origin: 0px center 0px !important; margin: 0px !important; top: auto !important; bottom: 0px !important; right: 10px !important; left: auto !important; display: block !important;"></iframe>
  (Session info: chrome=69.0.3497.100)
  (Driver info: chromedriver=2.35.528161 (5b82f2d2aae0ca24b877009200ced9065a772e73),platform=Windows NT 6.1.7601 SP1 x86_64) (WARNING: The server did not provide any stacktrace information)
Command duration or timeout: 0 milliseconds
Build info: version: '3.7.1', revision: '8a0099a', time: '2017-11-06T21:07:36.161Z'
System info: host: 'SARANYA-PC', ip: '192.168.1.142', os.name: 'Windows 7', os.arch: 'amd64', os.version: '6.1', java.version: '1.8.0_102'
Driver info: com.kms.katalon.selenium.driver.CChromeDriver
Capabilities {acceptInsecureCerts: false, acceptSslCerts: false, applicationCacheEnabled: false, browserConnectionEnabled: false, browserName: chrome, chrome: {chromedriverVersion: 2.35.528161 (5b82f2d2aae0ca..., userDataDir: C:\Users\Saranya\AppData\Lo...}, cssSelectorsEnabled: true, databaseEnabled: false, handlesAlerts: true, hasTouchScreen: false, javascriptEnabled: true, locationContextEnabled: true, mobileEmulationEnabled: false, nativeEvents: true, networkConnectionEnabled: false, pageLoadStrategy: normal, platform: XP, platformName: XP, rotatable: false, setWindowRect: true, takesHeapSnapshot: true, takesScreenshot: true, unexpectedAlertBehaviour: , unhandledPromptBehavior: , version: 69.0.3497.100, webStorageEnabled: true}
Session ID: cdbc61bf34d04c556ba3737b2b5c55bd)]]></system-out>
         <system-err><![CDATA[2018-10-30 11:45:06 - [TEST_CASE][FAILED] - Test Cases/CreateTour/CreateATour: Test Cases/CreateTour/CreateATour FAILED because (of) Unable to click on object 'Object Repository/create_Tour/Page_Add Tour/span_Enable_1' (Root cause: org.openqa.selenium.WebDriverException: unknown error: Element <span id="infantbtn">...</span> is not clickable at point (1202, 604). Other element would receive the click: <iframe id="jRSvgw4-1540880121291" src="about:blank" frameborder="0" scrolling="no" title="chat widget" class="" style="outline: none !important; visibility: visible !important; resize: none !important; box-shadow: none !important; overflow: visible !important; background: none transparent !important; opacity: 1 !important; position: fixed !important; border: 0px !important; padding: 0px !important; transition-property: none !important; z-index: 1000001 !important; cursor: auto !important; float: none !important; height: 40px !important; min-height: 40px !important; max-height: 40px !important; width: 320px !important; min-width: 320px !important; max-width: 320px !important; border-radius: 0px !important; transform: rotate(0deg) translateZ(0px) !important; transform-origin: 0px center 0px !important; margin: 0px !important; top: auto !important; bottom: 0px !important; right: 10px !important; left: auto !important; display: block !important;"></iframe>
  (Session info: chrome=69.0.3497.100)
  (Driver info: chromedriver=2.35.528161 (5b82f2d2aae0ca24b877009200ced9065a772e73),platform=Windows NT 6.1.7601 SP1 x86_64) (WARNING: The server did not provide any stacktrace information)
Command duration or timeout: 0 milliseconds
Build info: version: '3.7.1', revision: '8a0099a', time: '2017-11-06T21:07:36.161Z'
System info: host: 'SARANYA-PC', ip: '192.168.1.142', os.name: 'Windows 7', os.arch: 'amd64', os.version: '6.1', java.version: '1.8.0_102'
Driver info: com.kms.katalon.selenium.driver.CChromeDriver
Capabilities {acceptInsecureCerts: false, acceptSslCerts: false, applicationCacheEnabled: false, browserConnectionEnabled: false, browserName: chrome, chrome: {chromedriverVersion: 2.35.528161 (5b82f2d2aae0ca..., userDataDir: C:\Users\Saranya\AppData\Lo...}, cssSelectorsEnabled: true, databaseEnabled: false, handlesAlerts: true, hasTouchScreen: false, javascriptEnabled: true, locationContextEnabled: true, mobileEmulationEnabled: false, nativeEvents: true, networkConnectionEnabled: false, pageLoadStrategy: normal, platform: XP, platformName: XP, rotatable: false, setWindowRect: true, takesHeapSnapshot: true, takesScreenshot: true, unexpectedAlertBehaviour: , unhandledPromptBehavior: , version: 69.0.3497.100, webStorageEnabled: true}
Session ID: cdbc61bf34d04c556ba3737b2b5c55bd)]]></system-err>
      </testcase>
      <system-out><![CDATA[2018-10-30 11:44:40 - [TEST_SUITE][FAILED] - createTour: Test Cases/CreateTour/CreateATour FAILED because (of) Unable to click on object 'Object Repository/create_Tour/Page_Add Tour/span_Enable_1' (Root cause: org.openqa.selenium.WebDriverException: unknown error: Element <span id="infantbtn">...</span> is not clickable at point (1202, 604). Other element would receive the click: <iframe id="jRSvgw4-1540880121291" src="about:blank" frameborder="0" scrolling="no" title="chat widget" class="" style="outline: none !important; visibility: visible !important; resize: none !important; box-shadow: none !important; overflow: visible !important; background: none transparent !important; opacity: 1 !important; position: fixed !important; border: 0px !important; padding: 0px !important; transition-property: none !important; z-index: 1000001 !important; cursor: auto !important; float: none !important; height: 40px !important; min-height: 40px !important; max-height: 40px !important; width: 320px !important; min-width: 320px !important; max-width: 320px !important; border-radius: 0px !important; transform: rotate(0deg) translateZ(0px) !important; transform-origin: 0px center 0px !important; margin: 0px !important; top: auto !important; bottom: 0px !important; right: 10px !important; left: auto !important; display: block !important;"></iframe>
  (Session info: chrome=69.0.3497.100)
  (Driver info: chromedriver=2.35.528161 (5b82f2d2aae0ca24b877009200ced9065a772e73),platform=Windows NT 6.1.7601 SP1 x86_64) (WARNING: The server did not provide any stacktrace information)
Command duration or timeout: 0 milliseconds
Build info: version: '3.7.1', revision: '8a0099a', time: '2017-11-06T21:07:36.161Z'
System info: host: 'SARANYA-PC', ip: '192.168.1.142', os.name: 'Windows 7', os.arch: 'amd64', os.version: '6.1', java.version: '1.8.0_102'
Driver info: com.kms.katalon.selenium.driver.CChromeDriver
Capabilities {acceptInsecureCerts: false, acceptSslCerts: false, applicationCacheEnabled: false, browserConnectionEnabled: false, browserName: chrome, chrome: {chromedriverVersion: 2.35.528161 (5b82f2d2aae0ca..., userDataDir: C:\Users\Saranya\AppData\Lo...}, cssSelectorsEnabled: true, databaseEnabled: false, handlesAlerts: true, hasTouchScreen: false, javascriptEnabled: true, locationContextEnabled: true, mobileEmulationEnabled: false, nativeEvents: true, networkConnectionEnabled: false, pageLoadStrategy: normal, platform: XP, platformName: XP, rotatable: false, setWindowRect: true, takesHeapSnapshot: true, takesScreenshot: true, unexpectedAlertBehaviour: , unhandledPromptBehavior: , version: 69.0.3497.100, webStorageEnabled: true}
Session ID: cdbc61bf34d04c556ba3737b2b5c55bd)]]></system-out>
      <system-err><![CDATA[2018-10-30 11:44:40 - [TEST_SUITE][FAILED] - createTour: Test Cases/CreateTour/CreateATour FAILED because (of) Unable to click on object 'Object Repository/create_Tour/Page_Add Tour/span_Enable_1' (Root cause: org.openqa.selenium.WebDriverException: unknown error: Element <span id="infantbtn">...</span> is not clickable at point (1202, 604). Other element would receive the click: <iframe id="jRSvgw4-1540880121291" src="about:blank" frameborder="0" scrolling="no" title="chat widget" class="" style="outline: none !important; visibility: visible !important; resize: none !important; box-shadow: none !important; overflow: visible !important; background: none transparent !important; opacity: 1 !important; position: fixed !important; border: 0px !important; padding: 0px !important; transition-property: none !important; z-index: 1000001 !important; cursor: auto !important; float: none !important; height: 40px !important; min-height: 40px !important; max-height: 40px !important; width: 320px !important; min-width: 320px !important; max-width: 320px !important; border-radius: 0px !important; transform: rotate(0deg) translateZ(0px) !important; transform-origin: 0px center 0px !important; margin: 0px !important; top: auto !important; bottom: 0px !important; right: 10px !important; left: auto !important; display: block !important;"></iframe>
  (Session info: chrome=69.0.3497.100)
  (Driver info: chromedriver=2.35.528161 (5b82f2d2aae0ca24b877009200ced9065a772e73),platform=Windows NT 6.1.7601 SP1 x86_64) (WARNING: The server did not provide any stacktrace information)
Command duration or timeout: 0 milliseconds
Build info: version: '3.7.1', revision: '8a0099a', time: '2017-11-06T21:07:36.161Z'
System info: host: 'SARANYA-PC', ip: '192.168.1.142', os.name: 'Windows 7', os.arch: 'amd64', os.version: '6.1', java.version: '1.8.0_102'
Driver info: com.kms.katalon.selenium.driver.CChromeDriver
Capabilities {acceptInsecureCerts: false, acceptSslCerts: false, applicationCacheEnabled: false, browserConnectionEnabled: false, browserName: chrome, chrome: {chromedriverVersion: 2.35.528161 (5b82f2d2aae0ca..., userDataDir: C:\Users\Saranya\AppData\Lo...}, cssSelectorsEnabled: true, databaseEnabled: false, handlesAlerts: true, hasTouchScreen: false, javascriptEnabled: true, locationContextEnabled: true, mobileEmulationEnabled: false, nativeEvents: true, networkConnectionEnabled: false, pageLoadStrategy: normal, platform: XP, platformName: XP, rotatable: false, setWindowRect: true, takesHeapSnapshot: true, takesScreenshot: true, unexpectedAlertBehaviour: , unhandledPromptBehavior: , version: 69.0.3497.100, webStorageEnabled: true}
Session ID: cdbc61bf34d04c556ba3737b2b5c55bd)]]></system-err>
   </testsuite>
</testsuites>
