{"devicePlatform":"","logFolder":"C:\\Users\\Saranya\\Katalon Studio\\Saranya_Katalon_Assignment2\\Reports\\CreateNewAdminAndLogin\\20181018_133337","runData":{"hostName":"Saranya - Saranya-PC","os":"Windows 7 64bit","katalonVersion":"5.4.1.1","browser":"Firefox 47.0","hostAddress":"192.168.1.142","sessionId":"ba66e7a9-a135-4471-a249-88e14efa8324","seleniumVersion":"3.7.1","proxyInformation":"ProxyInformation{proxyOption\u003dNO_PROXY, proxyServerType\u003dHTTP, password\u003d, proxyServerAddress\u003d, proxyServerPort\u003d0}","platform":"Windows 7"},"type":"TEST_SUITE","name":"CreateNewAdminAndLogin","id":"Test Suites/CreateNewAdminAndLogin","source":"","message":"Test Cases/CreateUser/CreateNewAdmin FAILED because (of) org.codehaus.groovy.runtime.InvokerInvocationException: groovy.lang.MissingMethodException: No signature of method: static com.kms.katalon.core.webui.keyword.WebUiBuiltInKeywords.click() is applicable for argument types: (com.kms.katalon.core.testobject.TestObject, java.lang.Integer) values: [TestObject - \u0027Object Repository/user/create_new_admin/Access/add/Page_Add Admin/checkbox_all\u0027, ...]\nPossible solutions: click(com.kms.katalon.core.testobject.TestObject), click(com.kms.katalon.core.testobject.TestObject, com.kms.katalon.core.model.FailureHandling), check(com.kms.katalon.core.testobject.TestObject), check(com.kms.katalon.core.testobject.TestObject, com.kms.katalon.core.model.FailureHandling), back(), wait()","description":"","startTime":1539849820330,"endTime":1539849872438,"childRecords":[{"isOptional":false,"type":"TEST_CASE","name":"Test Cases/Common/LoginAsSuperAdmin","id":"Test Cases/Common/LoginAsSuperAdmin","source":"C:\\\\Users\\\\Saranya\\\\Katalon Studio\\\\Saranya_Katalon_Assignment2\\\\Test Cases\\\\Common\\\\LoginAsSuperAdmin.tc","message":"Test Cases/Common/LoginAsSuperAdmin","description":"","startTime":1539849821165,"endTime":1539849839530,"childRecords":[{"testStatus":{"stackTrace":"","statusValue":"INFO"},"type":"MESSAGE","name":"","message":"Evaluating variables for test case","startTime":1539849821225,"endTime":0,"childRecords":[],"interuppted":false},{"testStatus":{"stackTrace":"","statusValue":"INFO"},"type":"MESSAGE","name":"","message":"Variable \u0027userName\u0027 is set to admin@phptravels.com as default","startTime":1539849821358,"endTime":0,"childRecords":[],"interuppted":false},{"testStatus":{"stackTrace":"","statusValue":"INFO"},"type":"MESSAGE","name":"","message":"Variable \u0027password\u0027 is set to demoadmin as default","startTime":1539849821394,"endTime":0,"childRecords":[],"interuppted":false},{"index":1,"isIgnoredIfFailed":false,"type":"TEST_STEP","name":"openBrowser","message":"Browser is opened with url: \u0027\u0027","description":"","startTime":1539849821922,"endTime":1539849833999,"childRecords":[{"testStatus":{"stackTrace":"","statusValue":"PASSED"},"type":"MESSAGE","name":"","message":"Browser is opened with url: \u0027\u0027","startTime":1539849833973,"endTime":0,"childRecords":[],"interuppted":false}],"interuppted":false},{"index":2,"isIgnoredIfFailed":false,"type":"TEST_STEP","name":"navigateToUrl","message":"Navigate to \u0027https://www.phptravels.net/admin\u0027 successfully","description":"","startTime":1539849834000,"endTime":1539849837971,"childRecords":[{"testStatus":{"stackTrace":"","statusValue":"PASSED"},"type":"MESSAGE","name":"","message":"Navigate to \u0027https://www.phptravels.net/admin\u0027 successfully","startTime":1539849837970,"endTime":0,"childRecords":[],"interuppted":false}],"interuppted":false},{"index":3,"isIgnoredIfFailed":false,"type":"TEST_STEP","name":"setText","message":"Text \u0027admin@phptravels.com\u0027 is set on object \u0027Object Repository/common/super_admin/Page_Administator Login/input_email\u0027","description":"","startTime":1539849837971,"endTime":1539849838530,"childRecords":[{"testStatus":{"stackTrace":"","statusValue":"PASSED"},"type":"MESSAGE","name":"","message":"Text \u0027admin@phptravels.com\u0027 is set on object \u0027Object Repository/common/super_admin/Page_Administator Login/input_email\u0027","startTime":1539849838529,"endTime":0,"childRecords":[],"interuppted":false}],"interuppted":false},{"index":4,"isIgnoredIfFailed":false,"type":"TEST_STEP","name":"setText","message":"Text \u0027demoadmin\u0027 is set on object \u0027Object Repository/common/super_admin/Page_Administator Login/input_password\u0027","description":"","startTime":1539849838530,"endTime":1539849839207,"childRecords":[{"testStatus":{"stackTrace":"","statusValue":"PASSED"},"type":"MESSAGE","name":"","message":"Text \u0027demoadmin\u0027 is set on object \u0027Object Repository/common/super_admin/Page_Administator Login/input_password\u0027","startTime":1539849839207,"endTime":0,"childRecords":[],"interuppted":false}],"interuppted":false},{"index":5,"isIgnoredIfFailed":false,"type":"TEST_STEP","name":"click","message":"Object: \u0027Object Repository/common/super_admin/Page_Administator Login/button_Login\u0027 is clicked on","description":"","startTime":1539849839208,"endTime":1539849839528,"childRecords":[{"testStatus":{"stackTrace":"","statusValue":"PASSED"},"type":"MESSAGE","name":"","message":"Object: \u0027Object Repository/common/super_admin/Page_Administator Login/button_Login\u0027 is clicked on","startTime":1539849839528,"endTime":0,"childRecords":[],"interuppted":false}],"interuppted":false},{"testStatus":{"stackTrace":"","statusValue":"PASSED"},"type":"MESSAGE","name":"","message":"Test Cases/Common/LoginAsSuperAdmin","startTime":1539849839529,"endTime":0,"childRecords":[],"interuppted":false}],"interuppted":false},{"isOptional":false,"type":"TEST_CASE","name":"Test Cases/CreateUser/CreateNewAdmin","id":"Test Cases/CreateUser/CreateNewAdmin","source":"C:\\\\Users\\\\Saranya\\\\Katalon Studio\\\\Saranya_Katalon_Assignment2\\\\Test Cases\\\\CreateUser\\\\CreateNewAdmin.tc","message":"Test Cases/CreateUser/CreateNewAdmin FAILED because (of) org.codehaus.groovy.runtime.InvokerInvocationException: groovy.lang.MissingMethodException: No signature of method: static com.kms.katalon.core.webui.keyword.WebUiBuiltInKeywords.click() is applicable for argument types: (com.kms.katalon.core.testobject.TestObject, java.lang.Integer) values: [TestObject - \u0027Object Repository/user/create_new_admin/Access/add/Page_Add Admin/checkbox_all\u0027, ...]\nPossible solutions: click(com.kms.katalon.core.testobject.TestObject), click(com.kms.katalon.core.testobject.TestObject, com.kms.katalon.core.model.FailureHandling), check(com.kms.katalon.core.testobject.TestObject), check(com.kms.katalon.core.testobject.TestObject, com.kms.katalon.core.model.FailureHandling), back(), wait()","description":"","startTime":1539849839539,"endTime":1539849872149,"childRecords":[{"testStatus":{"stackTrace":"","statusValue":"INFO"},"type":"MESSAGE","name":"","message":"Evaluating variables for test case","startTime":1539849839554,"endTime":0,"childRecords":[],"interuppted":false},{"index":1,"isIgnoredIfFailed":false,"type":"TEST_STEP","name":"phpTravels.PhpKeys.navigateToCreateAdminPage","message":"phpTravels.PhpKeys.navigateToCreateAdminPage is PASSED","description":"","startTime":1539849839959,"endTime":1539849847814,"childRecords":[{"testStatus":{"stackTrace":"","statusValue":"PASSED"},"type":"MESSAGE","name":"","message":"Object: \u0027Object Repository/user/create_new_admin/Page_Dashboard/a_Accounts\u0027 is clicked on","startTime":1539849845184,"endTime":0,"childRecords":[],"interuppted":false},{"testStatus":{"stackTrace":"","statusValue":"PASSED"},"type":"MESSAGE","name":"","message":"Object: \u0027Object Repository/user/create_new_admin/Page_Dashboard/a_Admins\u0027 is clicked on","startTime":1539849845509,"endTime":0,"childRecords":[],"interuppted":false},{"testStatus":{"stackTrace":"","statusValue":"PASSED"},"type":"MESSAGE","name":"","message":"Object: \u0027Object Repository/user/create_new_admin/Page_Admins Management/button_Add\u0027 is clicked on","startTime":1539849847813,"endTime":0,"childRecords":[],"interuppted":false},{"testStatus":{"stackTrace":"","statusValue":"PASSED"},"type":"MESSAGE","name":"","message":"phpTravels.PhpKeys.navigateToCreateAdminPage is PASSED","startTime":1539849847814,"endTime":0,"childRecords":[],"interuppted":false}],"interuppted":false},{"index":2,"isIgnoredIfFailed":false,"type":"TEST_STEP","name":"phpTravels.PhpKeys.provideAdminDetails","message":"phpTravels.PhpKeys.provideAdminDetails is PASSED","description":"","startTime":1539849847815,"endTime":1539849871991,"childRecords":[{"testStatus":{"stackTrace":"","statusValue":"PASSED"},"type":"MESSAGE","name":"","message":"Text \u0027fName\u0027 is set on object \u0027Object Repository/user/create_new_admin/Page_Add Admin/input_fname\u0027","startTime":1539849869130,"endTime":0,"childRecords":[],"interuppted":false},{"testStatus":{"stackTrace":"","statusValue":"PASSED"},"type":"MESSAGE","name":"","message":"Text \u0027lName\u0027 is set on object \u0027Object Repository/user/create_new_admin/Page_Add Admin/input_lname\u0027","startTime":1539849869365,"endTime":0,"childRecords":[],"interuppted":false},{"testStatus":{"stackTrace":"","statusValue":"PASSED"},"type":"MESSAGE","name":"","message":"Text \u0027mail@demo.com\u0027 is set on object \u0027Object Repository/user/create_new_admin/Page_Add Admin/input_email\u0027","startTime":1539849869659,"endTime":0,"childRecords":[],"interuppted":false},{"testStatus":{"stackTrace":"","statusValue":"PASSED"},"type":"MESSAGE","name":"","message":"Text \u0027password123\u0027 is set on object \u0027Object Repository/user/create_new_admin/Page_Add Admin/input_password\u0027","startTime":1539849869898,"endTime":0,"childRecords":[],"interuppted":false},{"testStatus":{"stackTrace":"","statusValue":"PASSED"},"type":"MESSAGE","name":"","message":"Text \u00279495441434\u0027 is set on object \u0027Object Repository/user/create_new_admin/Page_Add Admin/input_mobile\u0027","startTime":1539849870082,"endTime":0,"childRecords":[],"interuppted":false},{"testStatus":{"stackTrace":"","statusValue":"PASSED"},"type":"MESSAGE","name":"","message":"Object: \u0027Object Repository/user/create_new_admin/Page_Add Admin/autocomplete_country1\u0027 is clicked on","startTime":1539849870502,"endTime":0,"childRecords":[],"interuppted":false},{"testStatus":{"stackTrace":"","statusValue":"PASSED"},"type":"MESSAGE","name":"","message":"Object: \u0027Object Repository/user/create_new_admin/Page_Add Admin/autocomplete_country2\u0027 is clicked on","startTime":1539849870824,"endTime":0,"childRecords":[],"interuppted":false},{"testStatus":{"stackTrace":"","statusValue":"PASSED"},"type":"MESSAGE","name":"","message":"Text \u0027India\u0027 is set on object \u0027Object Repository/user/create_new_admin/Page_Add Admin/autocomplete_country2\u0027","startTime":1539849871412,"endTime":0,"childRecords":[],"interuppted":false},{"testStatus":{"stackTrace":"","statusValue":"PASSED"},"type":"MESSAGE","name":"","message":"Object: \u0027Object Repository/user/create_new_admin/Page_Add Admin/autocomplete_country3\u0027 is clicked on","startTime":1539849871569,"endTime":0,"childRecords":[],"interuppted":false},{"testStatus":{"stackTrace":"","statusValue":"PASSED"},"type":"MESSAGE","name":"","message":"Text \u0027Address1\u0027 is set on object \u0027Object Repository/user/create_new_admin/Page_Add Admin/input_address1\u0027","startTime":1539849871803,"endTime":0,"childRecords":[],"interuppted":false},{"testStatus":{"stackTrace":"","statusValue":"PASSED"},"type":"MESSAGE","name":"","message":"Text \u0027Address2\u0027 is set on object \u0027Object Repository/user/create_new_admin/Page_Add Admin/input_address2\u0027","startTime":1539849871989,"endTime":0,"childRecords":[],"interuppted":false},{"testStatus":{"stackTrace":"","statusValue":"PASSED"},"type":"MESSAGE","name":"","message":"phpTravels.PhpKeys.provideAdminDetails is PASSED","startTime":1539849871990,"endTime":0,"childRecords":[],"interuppted":false}],"interuppted":false},{"index":3,"isIgnoredIfFailed":false,"type":"TEST_STEP","name":"phpTravels.PhpKeys.provideAccessDetailsForAdd","message":"groovy.lang.MissingMethodException: No signature of method: static com.kms.katalon.core.webui.keyword.WebUiBuiltInKeywords.click() is applicable for argument types: (com.kms.katalon.core.testobject.TestObject, java.lang.Integer) values: [TestObject - \u0027Object Repository/user/create_new_admin/Access/add/Page_Add Admin/checkbox_all\u0027, ...]\nPossible solutions: click(com.kms.katalon.core.testobject.TestObject), click(com.kms.katalon.core.testobject.TestObject, com.kms.katalon.core.model.FailureHandling), check(com.kms.katalon.core.testobject.TestObject), check(com.kms.katalon.core.testobject.TestObject, com.kms.katalon.core.model.FailureHandling), back(), wait()","description":"","startTime":1539849871995,"endTime":1539849872087,"childRecords":[{"testStatus":{"stackTrace":"","statusValue":"ERROR"},"type":"MESSAGE","name":"","message":"groovy.lang.MissingMethodException: No signature of method: static com.kms.katalon.core.webui.keyword.WebUiBuiltInKeywords.click() is applicable for argument types: (com.kms.katalon.core.testobject.TestObject, java.lang.Integer) values: [TestObject - \u0027Object Repository/user/create_new_admin/Access/add/Page_Add Admin/checkbox_all\u0027, ...]\nPossible solutions: click(com.kms.katalon.core.testobject.TestObject), click(com.kms.katalon.core.testobject.TestObject, com.kms.katalon.core.model.FailureHandling), check(com.kms.katalon.core.testobject.TestObject), check(com.kms.katalon.core.testobject.TestObject, com.kms.katalon.core.model.FailureHandling), back(), wait()","startTime":1539849872039,"endTime":0,"childRecords":[],"interuppted":false}],"interuppted":false},{"testStatus":{"stackTrace":"","statusValue":"ERROR"},"type":"MESSAGE","name":"","message":"Test Cases/CreateUser/CreateNewAdmin FAILED because (of) org.codehaus.groovy.runtime.InvokerInvocationException: groovy.lang.MissingMethodException: No signature of method: static com.kms.katalon.core.webui.keyword.WebUiBuiltInKeywords.click() is applicable for argument types: (com.kms.katalon.core.testobject.TestObject, java.lang.Integer) values: [TestObject - \u0027Object Repository/user/create_new_admin/Access/add/Page_Add Admin/checkbox_all\u0027, ...]\nPossible solutions: click(com.kms.katalon.core.testobject.TestObject), click(com.kms.katalon.core.testobject.TestObject, com.kms.katalon.core.model.FailureHandling), check(com.kms.katalon.core.testobject.TestObject), check(com.kms.katalon.core.testobject.TestObject, com.kms.katalon.core.model.FailureHandling), back(), wait()","startTime":1539849872121,"endTime":0,"childRecords":[],"interuppted":false}],"interuppted":false}],"interuppted":false}