{"devicePlatform":"","logFolder":"C:\\Users\\Saranya\\Katalon Studio\\Saranya_Katalon_Assignment2\\Reports\\CreateNewAdminAndLogin\\20181018_122302","runData":{"hostName":"Saranya - Saranya-PC","os":"Windows 7 64bit","katalonVersion":"5.4.1.1","browser":"Firefox 47.0","hostAddress":"192.168.1.142","sessionId":"718e748e-379e-42af-b077-714f15cf74c6","seleniumVersion":"3.7.1","proxyInformation":"ProxyInformation{proxyOption\u003dNO_PROXY, proxyServerType\u003dHTTP, password\u003d, proxyServerAddress\u003d, proxyServerPort\u003d0}","platform":"Windows 7"},"type":"TEST_SUITE","name":"CreateNewAdminAndLogin","id":"Test Suites/CreateNewAdminAndLogin","source":"","message":"Test Cases/CreateUser/CreateNewAdmin FAILED because (of) org.codehaus.groovy.runtime.InvokerInvocationException: groovy.lang.MissingMethodException: No signature of method: static com.kms.katalon.core.webui.keyword.WebUiBuiltInKeywords.click() is applicable for argument types: (com.kms.katalon.core.testobject.TestObject, java.lang.Integer) values: [TestObject - \u0027Object Repository/user/create_new_admin/Access/add/Page_Add Admin/checkbox_all\u0027, ...]\nPossible solutions: click(com.kms.katalon.core.testobject.TestObject), click(com.kms.katalon.core.testobject.TestObject, com.kms.katalon.core.model.FailureHandling), check(com.kms.katalon.core.testobject.TestObject), check(com.kms.katalon.core.testobject.TestObject, com.kms.katalon.core.model.FailureHandling), back(), wait()","description":"","startTime":1539845585400,"endTime":1539845630380,"childRecords":[{"isOptional":false,"type":"TEST_CASE","name":"Test Cases/Common/LoginAsSuperAdmin","id":"Test Cases/Common/LoginAsSuperAdmin","source":"C:\\\\Users\\\\Saranya\\\\Katalon Studio\\\\Saranya_Katalon_Assignment2\\\\Test Cases\\\\Common\\\\LoginAsSuperAdmin.tc","message":"Test Cases/Common/LoginAsSuperAdmin","description":"","startTime":1539845586108,"endTime":1539845603075,"childRecords":[{"testStatus":{"stackTrace":"","statusValue":"INFO"},"type":"MESSAGE","name":"","message":"Evaluating variables for test case","startTime":1539845586169,"endTime":0,"childRecords":[],"interuppted":false},{"testStatus":{"stackTrace":"","statusValue":"INFO"},"type":"MESSAGE","name":"","message":"Variable \u0027userName\u0027 is set to admin@phptravels.com as default","startTime":1539845586282,"endTime":0,"childRecords":[],"interuppted":false},{"testStatus":{"stackTrace":"","statusValue":"INFO"},"type":"MESSAGE","name":"","message":"Variable \u0027password\u0027 is set to demoadmin as default","startTime":1539845586324,"endTime":0,"childRecords":[],"interuppted":false},{"index":1,"isIgnoredIfFailed":false,"type":"TEST_STEP","name":"openBrowser","message":"Browser is opened with url: \u0027\u0027","description":"","startTime":1539845586879,"endTime":1539845599089,"childRecords":[{"testStatus":{"stackTrace":"","statusValue":"PASSED"},"type":"MESSAGE","name":"","message":"Browser is opened with url: \u0027\u0027","startTime":1539845599088,"endTime":0,"childRecords":[],"interuppted":false}],"interuppted":false},{"index":2,"isIgnoredIfFailed":false,"type":"TEST_STEP","name":"navigateToUrl","message":"Navigate to \u0027https://www.phptravels.net/admin\u0027 successfully","description":"","startTime":1539845599090,"endTime":1539845601321,"childRecords":[{"testStatus":{"stackTrace":"","statusValue":"PASSED"},"type":"MESSAGE","name":"","message":"Navigate to \u0027https://www.phptravels.net/admin\u0027 successfully","startTime":1539845601320,"endTime":0,"childRecords":[],"interuppted":false}],"interuppted":false},{"index":3,"isIgnoredIfFailed":false,"type":"TEST_STEP","name":"setText","message":"Text \u0027admin@phptravels.com\u0027 is set on object \u0027Object Repository/common/super_admin/Page_Administator Login/input_email\u0027","description":"","startTime":1539845601321,"endTime":1539845601910,"childRecords":[{"testStatus":{"stackTrace":"","statusValue":"PASSED"},"type":"MESSAGE","name":"","message":"Text \u0027admin@phptravels.com\u0027 is set on object \u0027Object Repository/common/super_admin/Page_Administator Login/input_email\u0027","startTime":1539845601908,"endTime":0,"childRecords":[],"interuppted":false}],"interuppted":false},{"index":4,"isIgnoredIfFailed":false,"type":"TEST_STEP","name":"setText","message":"Text \u0027demoadmin\u0027 is set on object \u0027Object Repository/common/super_admin/Page_Administator Login/input_password\u0027","description":"","startTime":1539845601911,"endTime":1539845602748,"childRecords":[{"testStatus":{"stackTrace":"","statusValue":"PASSED"},"type":"MESSAGE","name":"","message":"Text \u0027demoadmin\u0027 is set on object \u0027Object Repository/common/super_admin/Page_Administator Login/input_password\u0027","startTime":1539845602747,"endTime":0,"childRecords":[],"interuppted":false}],"interuppted":false},{"index":5,"isIgnoredIfFailed":false,"type":"TEST_STEP","name":"click","message":"Object: \u0027Object Repository/common/super_admin/Page_Administator Login/button_Login\u0027 is clicked on","description":"","startTime":1539845602748,"endTime":1539845603073,"childRecords":[{"testStatus":{"stackTrace":"","statusValue":"PASSED"},"type":"MESSAGE","name":"","message":"Object: \u0027Object Repository/common/super_admin/Page_Administator Login/button_Login\u0027 is clicked on","startTime":1539845603072,"endTime":0,"childRecords":[],"interuppted":false}],"interuppted":false},{"testStatus":{"stackTrace":"","statusValue":"PASSED"},"type":"MESSAGE","name":"","message":"Test Cases/Common/LoginAsSuperAdmin","startTime":1539845603074,"endTime":0,"childRecords":[],"interuppted":false}],"interuppted":false},{"isOptional":false,"type":"TEST_CASE","name":"Test Cases/CreateUser/CreateNewAdmin","id":"Test Cases/CreateUser/CreateNewAdmin","source":"C:\\\\Users\\\\Saranya\\\\Katalon Studio\\\\Saranya_Katalon_Assignment2\\\\Test Cases\\\\CreateUser\\\\CreateNewAdmin.tc","message":"Test Cases/CreateUser/CreateNewAdmin FAILED because (of) org.codehaus.groovy.runtime.InvokerInvocationException: groovy.lang.MissingMethodException: No signature of method: static com.kms.katalon.core.webui.keyword.WebUiBuiltInKeywords.click() is applicable for argument types: (com.kms.katalon.core.testobject.TestObject, java.lang.Integer) values: [TestObject - \u0027Object Repository/user/create_new_admin/Access/add/Page_Add Admin/checkbox_all\u0027, ...]\nPossible solutions: click(com.kms.katalon.core.testobject.TestObject), click(com.kms.katalon.core.testobject.TestObject, com.kms.katalon.core.model.FailureHandling), check(com.kms.katalon.core.testobject.TestObject), check(com.kms.katalon.core.testobject.TestObject, com.kms.katalon.core.model.FailureHandling), back(), wait()","description":"","startTime":1539845603078,"endTime":1539845630054,"childRecords":[{"testStatus":{"stackTrace":"","statusValue":"INFO"},"type":"MESSAGE","name":"","message":"Evaluating variables for test case","startTime":1539845603166,"endTime":0,"childRecords":[],"interuppted":false},{"index":1,"isIgnoredIfFailed":false,"type":"TEST_STEP","name":"phpTravels.PhpKeys.navigateToCreateAdminPage","message":"phpTravels.PhpKeys.navigateToCreateAdminPage is PASSED","description":"","startTime":1539845603520,"endTime":1539845610055,"childRecords":[{"testStatus":{"stackTrace":"","statusValue":"PASSED"},"type":"MESSAGE","name":"","message":"Object: \u0027Object Repository/user/create_new_admin/Page_Dashboard/a_Accounts\u0027 is clicked on","startTime":1539845607638,"endTime":0,"childRecords":[],"interuppted":false},{"testStatus":{"stackTrace":"","statusValue":"PASSED"},"type":"MESSAGE","name":"","message":"Object: \u0027Object Repository/user/create_new_admin/Page_Dashboard/a_Admins\u0027 is clicked on","startTime":1539845607945,"endTime":0,"childRecords":[],"interuppted":false},{"testStatus":{"stackTrace":"","statusValue":"PASSED"},"type":"MESSAGE","name":"","message":"Object: \u0027Object Repository/user/create_new_admin/Page_Admins Management/button_Add\u0027 is clicked on","startTime":1539845610054,"endTime":0,"childRecords":[],"interuppted":false},{"testStatus":{"stackTrace":"","statusValue":"PASSED"},"type":"MESSAGE","name":"","message":"phpTravels.PhpKeys.navigateToCreateAdminPage is PASSED","startTime":1539845610055,"endTime":0,"childRecords":[],"interuppted":false}],"interuppted":false},{"index":2,"isIgnoredIfFailed":false,"type":"TEST_STEP","name":"phpTravels.PhpKeys.provideAdminDetails","message":"phpTravels.PhpKeys.provideAdminDetails is PASSED","description":"","startTime":1539845610057,"endTime":1539845629919,"childRecords":[{"testStatus":{"stackTrace":"","statusValue":"PASSED"},"type":"MESSAGE","name":"","message":"Text \u0027fName\u0027 is set on object \u0027Object Repository/user/create_new_admin/Page_Add Admin/input_fname\u0027","startTime":1539845626739,"endTime":0,"childRecords":[],"interuppted":false},{"testStatus":{"stackTrace":"","statusValue":"PASSED"},"type":"MESSAGE","name":"","message":"Text \u0027lName\u0027 is set on object \u0027Object Repository/user/create_new_admin/Page_Add Admin/input_lname\u0027","startTime":1539845626966,"endTime":0,"childRecords":[],"interuppted":false},{"testStatus":{"stackTrace":"","statusValue":"PASSED"},"type":"MESSAGE","name":"","message":"Text \u0027mail@demo.com\u0027 is set on object \u0027Object Repository/user/create_new_admin/Page_Add Admin/input_email\u0027","startTime":1539845627236,"endTime":0,"childRecords":[],"interuppted":false},{"testStatus":{"stackTrace":"","statusValue":"PASSED"},"type":"MESSAGE","name":"","message":"Text \u0027password123\u0027 is set on object \u0027Object Repository/user/create_new_admin/Page_Add Admin/input_password\u0027","startTime":1539845627475,"endTime":0,"childRecords":[],"interuppted":false},{"testStatus":{"stackTrace":"","statusValue":"PASSED"},"type":"MESSAGE","name":"","message":"Text \u00279495441434\u0027 is set on object \u0027Object Repository/user/create_new_admin/Page_Add Admin/input_mobile\u0027","startTime":1539845627812,"endTime":0,"childRecords":[],"interuppted":false},{"testStatus":{"stackTrace":"","statusValue":"PASSED"},"type":"MESSAGE","name":"","message":"Object: \u0027Object Repository/user/create_new_admin/Page_Add Admin/autocomplete_country1\u0027 is clicked on","startTime":1539845628390,"endTime":0,"childRecords":[],"interuppted":false},{"testStatus":{"stackTrace":"","statusValue":"PASSED"},"type":"MESSAGE","name":"","message":"Object: \u0027Object Repository/user/create_new_admin/Page_Add Admin/autocomplete_country2\u0027 is clicked on","startTime":1539845628875,"endTime":0,"childRecords":[],"interuppted":false},{"testStatus":{"stackTrace":"","statusValue":"PASSED"},"type":"MESSAGE","name":"","message":"Text \u0027India\u0027 is set on object \u0027Object Repository/user/create_new_admin/Page_Add Admin/autocomplete_country2\u0027","startTime":1539845629347,"endTime":0,"childRecords":[],"interuppted":false},{"testStatus":{"stackTrace":"","statusValue":"PASSED"},"type":"MESSAGE","name":"","message":"Object: \u0027Object Repository/user/create_new_admin/Page_Add Admin/autocomplete_country3\u0027 is clicked on","startTime":1539845629509,"endTime":0,"childRecords":[],"interuppted":false},{"testStatus":{"stackTrace":"","statusValue":"PASSED"},"type":"MESSAGE","name":"","message":"Text \u0027Address1\u0027 is set on object \u0027Object Repository/user/create_new_admin/Page_Add Admin/input_address1\u0027","startTime":1539845629724,"endTime":0,"childRecords":[],"interuppted":false},{"testStatus":{"stackTrace":"","statusValue":"PASSED"},"type":"MESSAGE","name":"","message":"Text \u0027Address2\u0027 is set on object \u0027Object Repository/user/create_new_admin/Page_Add Admin/input_address2\u0027","startTime":1539845629918,"endTime":0,"childRecords":[],"interuppted":false},{"testStatus":{"stackTrace":"","statusValue":"PASSED"},"type":"MESSAGE","name":"","message":"phpTravels.PhpKeys.provideAdminDetails is PASSED","startTime":1539845629919,"endTime":0,"childRecords":[],"interuppted":false}],"interuppted":false},{"index":3,"isIgnoredIfFailed":false,"type":"TEST_STEP","name":"phpTravels.PhpKeys.provideAccessDetailsForAdd","message":"groovy.lang.MissingMethodException: No signature of method: static com.kms.katalon.core.webui.keyword.WebUiBuiltInKeywords.click() is applicable for argument types: (com.kms.katalon.core.testobject.TestObject, java.lang.Integer) values: [TestObject - \u0027Object Repository/user/create_new_admin/Access/add/Page_Add Admin/checkbox_all\u0027, ...]\nPossible solutions: click(com.kms.katalon.core.testobject.TestObject), click(com.kms.katalon.core.testobject.TestObject, com.kms.katalon.core.model.FailureHandling), check(com.kms.katalon.core.testobject.TestObject), check(com.kms.katalon.core.testobject.TestObject, com.kms.katalon.core.model.FailureHandling), back(), wait()","description":"","startTime":1539845629920,"endTime":1539845630010,"childRecords":[{"testStatus":{"stackTrace":"","statusValue":"ERROR"},"type":"MESSAGE","name":"","message":"groovy.lang.MissingMethodException: No signature of method: static com.kms.katalon.core.webui.keyword.WebUiBuiltInKeywords.click() is applicable for argument types: (com.kms.katalon.core.testobject.TestObject, java.lang.Integer) values: [TestObject - \u0027Object Repository/user/create_new_admin/Access/add/Page_Add Admin/checkbox_all\u0027, ...]\nPossible solutions: click(com.kms.katalon.core.testobject.TestObject), click(com.kms.katalon.core.testobject.TestObject, com.kms.katalon.core.model.FailureHandling), check(com.kms.katalon.core.testobject.TestObject), check(com.kms.katalon.core.testobject.TestObject, com.kms.katalon.core.model.FailureHandling), back(), wait()","startTime":1539845629964,"endTime":0,"childRecords":[],"interuppted":false}],"interuppted":false},{"testStatus":{"stackTrace":"","statusValue":"ERROR"},"type":"MESSAGE","name":"","message":"Test Cases/CreateUser/CreateNewAdmin FAILED because (of) org.codehaus.groovy.runtime.InvokerInvocationException: groovy.lang.MissingMethodException: No signature of method: static com.kms.katalon.core.webui.keyword.WebUiBuiltInKeywords.click() is applicable for argument types: (com.kms.katalon.core.testobject.TestObject, java.lang.Integer) values: [TestObject - \u0027Object Repository/user/create_new_admin/Access/add/Page_Add Admin/checkbox_all\u0027, ...]\nPossible solutions: click(com.kms.katalon.core.testobject.TestObject), click(com.kms.katalon.core.testobject.TestObject, com.kms.katalon.core.model.FailureHandling), check(com.kms.katalon.core.testobject.TestObject), check(com.kms.katalon.core.testobject.TestObject, com.kms.katalon.core.model.FailureHandling), back(), wait()","startTime":1539845630026,"endTime":0,"childRecords":[],"interuppted":false}],"interuppted":false}],"interuppted":false}