{"devicePlatform":"","logFolder":"C:\\Users\\Saranya\\Katalon Studio\\Saranya_Katalon_Assignment2\\Reports\\CreateNewAdminAndLogin\\20181018_120017","runData":{"hostName":"Saranya - Saranya-PC","os":"Windows 7 64bit","katalonVersion":"5.4.1.1","browser":"Firefox 47.0","hostAddress":"192.168.1.142","sessionId":"fb8037a1-1f11-4658-91e8-def5cc7f1ccc","seleniumVersion":"3.7.1","proxyInformation":"ProxyInformation{proxyOption\u003dNO_PROXY, proxyServerType\u003dHTTP, password\u003d, proxyServerAddress\u003d, proxyServerPort\u003d0}","platform":"Windows 7"},"type":"TEST_SUITE","name":"CreateNewAdminAndLogin","id":"Test Suites/CreateNewAdminAndLogin","source":"","message":"Test Cases/CreateUser/CreateNewAdmin FAILED because (of) org.codehaus.groovy.runtime.InvokerInvocationException: groovy.lang.MissingMethodException: No signature of method: static com.kms.katalon.core.webui.keyword.WebUiBuiltInKeywords.check() is applicable for argument types: (com.kms.katalon.core.testobject.TestObject, java.lang.Integer, com.kms.katalon.core.model.FailureHandling) values: [TestObject - \u0027Object Repository/user/create_new_admin/Access/add/Page_Add Admin/checkbox_All_Access\u0027, ...]\nPossible solutions: check(com.kms.katalon.core.testobject.TestObject, com.kms.katalon.core.model.FailureHandling), check(com.kms.katalon.core.testobject.TestObject), click(com.kms.katalon.core.testobject.TestObject, com.kms.katalon.core.model.FailureHandling), uncheck(com.kms.katalon.core.testobject.TestObject, com.kms.katalon.core.model.FailureHandling), back(), click(com.kms.katalon.core.testobject.TestObject)","description":"","startTime":1539844220248,"endTime":1539844264869,"childRecords":[{"isOptional":false,"type":"TEST_CASE","name":"Test Cases/Common/LoginAsSuperAdmin","id":"Test Cases/Common/LoginAsSuperAdmin","source":"C:\\\\Users\\\\Saranya\\\\Katalon Studio\\\\Saranya_Katalon_Assignment2\\\\Test Cases\\\\Common\\\\LoginAsSuperAdmin.tc","message":"Test Cases/Common/LoginAsSuperAdmin","description":"","startTime":1539844221076,"endTime":1539844240364,"childRecords":[{"testStatus":{"stackTrace":"","statusValue":"INFO"},"type":"MESSAGE","name":"","message":"Evaluating variables for test case","startTime":1539844221131,"endTime":0,"childRecords":[],"interuppted":false},{"testStatus":{"stackTrace":"","statusValue":"INFO"},"type":"MESSAGE","name":"","message":"Variable \u0027userName\u0027 is set to admin@phptravels.com as default","startTime":1539844221231,"endTime":0,"childRecords":[],"interuppted":false},{"testStatus":{"stackTrace":"","statusValue":"INFO"},"type":"MESSAGE","name":"","message":"Variable \u0027password\u0027 is set to demoadmin as default","startTime":1539844221251,"endTime":0,"childRecords":[],"interuppted":false},{"index":1,"isIgnoredIfFailed":false,"type":"TEST_STEP","name":"openBrowser","message":"Browser is opened with url: \u0027\u0027","description":"","startTime":1539844221849,"endTime":1539844235621,"childRecords":[{"testStatus":{"stackTrace":"","statusValue":"PASSED"},"type":"MESSAGE","name":"","message":"Browser is opened with url: \u0027\u0027","startTime":1539844235620,"endTime":0,"childRecords":[],"interuppted":false}],"interuppted":false},{"index":2,"isIgnoredIfFailed":false,"type":"TEST_STEP","name":"navigateToUrl","message":"Navigate to \u0027https://www.phptravels.net/admin\u0027 successfully","description":"","startTime":1539844235622,"endTime":1539844238676,"childRecords":[{"testStatus":{"stackTrace":"","statusValue":"PASSED"},"type":"MESSAGE","name":"","message":"Navigate to \u0027https://www.phptravels.net/admin\u0027 successfully","startTime":1539844238674,"endTime":0,"childRecords":[],"interuppted":false}],"interuppted":false},{"index":3,"isIgnoredIfFailed":false,"type":"TEST_STEP","name":"setText","message":"Text \u0027admin@phptravels.com\u0027 is set on object \u0027Object Repository/common/super_admin/Page_Administator Login/input_email\u0027","description":"","startTime":1539844238684,"endTime":1539844239129,"childRecords":[{"testStatus":{"stackTrace":"","statusValue":"PASSED"},"type":"MESSAGE","name":"","message":"Text \u0027admin@phptravels.com\u0027 is set on object \u0027Object Repository/common/super_admin/Page_Administator Login/input_email\u0027","startTime":1539844239128,"endTime":0,"childRecords":[],"interuppted":false}],"interuppted":false},{"index":4,"isIgnoredIfFailed":false,"type":"TEST_STEP","name":"setText","message":"Text \u0027demoadmin\u0027 is set on object \u0027Object Repository/common/super_admin/Page_Administator Login/input_password\u0027","description":"","startTime":1539844239131,"endTime":1539844240062,"childRecords":[{"testStatus":{"stackTrace":"","statusValue":"PASSED"},"type":"MESSAGE","name":"","message":"Text \u0027demoadmin\u0027 is set on object \u0027Object Repository/common/super_admin/Page_Administator Login/input_password\u0027","startTime":1539844240061,"endTime":0,"childRecords":[],"interuppted":false}],"interuppted":false},{"index":5,"isIgnoredIfFailed":false,"type":"TEST_STEP","name":"click","message":"Object: \u0027Object Repository/common/super_admin/Page_Administator Login/button_Login\u0027 is clicked on","description":"","startTime":1539844240062,"endTime":1539844240363,"childRecords":[{"testStatus":{"stackTrace":"","statusValue":"PASSED"},"type":"MESSAGE","name":"","message":"Object: \u0027Object Repository/common/super_admin/Page_Administator Login/button_Login\u0027 is clicked on","startTime":1539844240362,"endTime":0,"childRecords":[],"interuppted":false}],"interuppted":false},{"testStatus":{"stackTrace":"","statusValue":"PASSED"},"type":"MESSAGE","name":"","message":"Test Cases/Common/LoginAsSuperAdmin","startTime":1539844240363,"endTime":0,"childRecords":[],"interuppted":false}],"interuppted":false},{"isOptional":false,"type":"TEST_CASE","name":"Test Cases/CreateUser/CreateNewAdmin","id":"Test Cases/CreateUser/CreateNewAdmin","source":"C:\\\\Users\\\\Saranya\\\\Katalon Studio\\\\Saranya_Katalon_Assignment2\\\\Test Cases\\\\CreateUser\\\\CreateNewAdmin.tc","message":"Test Cases/CreateUser/CreateNewAdmin FAILED because (of) org.codehaus.groovy.runtime.InvokerInvocationException: groovy.lang.MissingMethodException: No signature of method: static com.kms.katalon.core.webui.keyword.WebUiBuiltInKeywords.check() is applicable for argument types: (com.kms.katalon.core.testobject.TestObject, java.lang.Integer, com.kms.katalon.core.model.FailureHandling) values: [TestObject - \u0027Object Repository/user/create_new_admin/Access/add/Page_Add Admin/checkbox_All_Access\u0027, ...]\nPossible solutions: check(com.kms.katalon.core.testobject.TestObject, com.kms.katalon.core.model.FailureHandling), check(com.kms.katalon.core.testobject.TestObject), click(com.kms.katalon.core.testobject.TestObject, com.kms.katalon.core.model.FailureHandling), uncheck(com.kms.katalon.core.testobject.TestObject, com.kms.katalon.core.model.FailureHandling), back(), click(com.kms.katalon.core.testobject.TestObject)","description":"","startTime":1539844240409,"endTime":1539844264444,"childRecords":[{"testStatus":{"stackTrace":"","statusValue":"INFO"},"type":"MESSAGE","name":"","message":"Evaluating variables for test case","startTime":1539844240437,"endTime":0,"childRecords":[],"interuppted":false},{"index":1,"isIgnoredIfFailed":false,"type":"TEST_STEP","name":"phpTravels.PhpKeys.navigateToCreateAdminPage","message":"phpTravels.PhpKeys.navigateToCreateAdminPage is PASSED","description":"","startTime":1539844241052,"endTime":1539844248294,"childRecords":[{"testStatus":{"stackTrace":"","statusValue":"PASSED"},"type":"MESSAGE","name":"","message":"Object: \u0027Object Repository/user/create_new_admin/Page_Dashboard/a_Accounts\u0027 is clicked on","startTime":1539844246064,"endTime":0,"childRecords":[],"interuppted":false},{"testStatus":{"stackTrace":"","statusValue":"PASSED"},"type":"MESSAGE","name":"","message":"Object: \u0027Object Repository/user/create_new_admin/Page_Dashboard/a_Admins\u0027 is clicked on","startTime":1539844246365,"endTime":0,"childRecords":[],"interuppted":false},{"testStatus":{"stackTrace":"","statusValue":"PASSED"},"type":"MESSAGE","name":"","message":"Object: \u0027Object Repository/user/create_new_admin/Page_Admins Management/button_Add\u0027 is clicked on","startTime":1539844248293,"endTime":0,"childRecords":[],"interuppted":false},{"testStatus":{"stackTrace":"","statusValue":"PASSED"},"type":"MESSAGE","name":"","message":"phpTravels.PhpKeys.navigateToCreateAdminPage is PASSED","startTime":1539844248294,"endTime":0,"childRecords":[],"interuppted":false}],"interuppted":false},{"index":2,"isIgnoredIfFailed":false,"type":"TEST_STEP","name":"phpTravels.PhpKeys.provideAdminDetails","message":"phpTravels.PhpKeys.provideAdminDetails is PASSED","description":"","startTime":1539844248295,"endTime":1539844264259,"childRecords":[{"testStatus":{"stackTrace":"","statusValue":"PASSED"},"type":"MESSAGE","name":"","message":"Text \u0027fName\u0027 is set on object \u0027Object Repository/user/create_new_admin/Page_Add Admin/input_fname\u0027","startTime":1539844261741,"endTime":0,"childRecords":[],"interuppted":false},{"testStatus":{"stackTrace":"","statusValue":"PASSED"},"type":"MESSAGE","name":"","message":"Text \u0027lName\u0027 is set on object \u0027Object Repository/user/create_new_admin/Page_Add Admin/input_lname\u0027","startTime":1539844261977,"endTime":0,"childRecords":[],"interuppted":false},{"testStatus":{"stackTrace":"","statusValue":"PASSED"},"type":"MESSAGE","name":"","message":"Text \u0027mail@demo.com\u0027 is set on object \u0027Object Repository/user/create_new_admin/Page_Add Admin/input_email\u0027","startTime":1539844262208,"endTime":0,"childRecords":[],"interuppted":false},{"testStatus":{"stackTrace":"","statusValue":"PASSED"},"type":"MESSAGE","name":"","message":"Text \u0027password123\u0027 is set on object \u0027Object Repository/user/create_new_admin/Page_Add Admin/input_password\u0027","startTime":1539844262396,"endTime":0,"childRecords":[],"interuppted":false},{"testStatus":{"stackTrace":"","statusValue":"PASSED"},"type":"MESSAGE","name":"","message":"Text \u00279495441434\u0027 is set on object \u0027Object Repository/user/create_new_admin/Page_Add Admin/input_mobile\u0027","startTime":1539844262580,"endTime":0,"childRecords":[],"interuppted":false},{"testStatus":{"stackTrace":"","statusValue":"PASSED"},"type":"MESSAGE","name":"","message":"Object: \u0027Object Repository/user/create_new_admin/Page_Add Admin/autocomplete_country1\u0027 is clicked on","startTime":1539844263039,"endTime":0,"childRecords":[],"interuppted":false},{"testStatus":{"stackTrace":"","statusValue":"PASSED"},"type":"MESSAGE","name":"","message":"Object: \u0027Object Repository/user/create_new_admin/Page_Add Admin/autocomplete_country2\u0027 is clicked on","startTime":1539844263378,"endTime":0,"childRecords":[],"interuppted":false},{"testStatus":{"stackTrace":"","statusValue":"PASSED"},"type":"MESSAGE","name":"","message":"Text \u0027India\u0027 is set on object \u0027Object Repository/user/create_new_admin/Page_Add Admin/autocomplete_country2\u0027","startTime":1539844263737,"endTime":0,"childRecords":[],"interuppted":false},{"testStatus":{"stackTrace":"","statusValue":"PASSED"},"type":"MESSAGE","name":"","message":"Object: \u0027Object Repository/user/create_new_admin/Page_Add Admin/autocomplete_country3\u0027 is clicked on","startTime":1539844263891,"endTime":0,"childRecords":[],"interuppted":false},{"testStatus":{"stackTrace":"","statusValue":"PASSED"},"type":"MESSAGE","name":"","message":"Text \u0027Address1\u0027 is set on object \u0027Object Repository/user/create_new_admin/Page_Add Admin/input_address1\u0027","startTime":1539844264062,"endTime":0,"childRecords":[],"interuppted":false},{"testStatus":{"stackTrace":"","statusValue":"PASSED"},"type":"MESSAGE","name":"","message":"Text \u0027Address2\u0027 is set on object \u0027Object Repository/user/create_new_admin/Page_Add Admin/input_address2\u0027","startTime":1539844264258,"endTime":0,"childRecords":[],"interuppted":false},{"testStatus":{"stackTrace":"","statusValue":"PASSED"},"type":"MESSAGE","name":"","message":"phpTravels.PhpKeys.provideAdminDetails is PASSED","startTime":1539844264259,"endTime":0,"childRecords":[],"interuppted":false}],"interuppted":false},{"index":3,"isIgnoredIfFailed":false,"type":"TEST_STEP","name":"phpTravels.PhpKeys.provideAccessDetailsForAdd","message":"groovy.lang.MissingMethodException: No signature of method: static com.kms.katalon.core.webui.keyword.WebUiBuiltInKeywords.check() is applicable for argument types: (com.kms.katalon.core.testobject.TestObject, java.lang.Integer, com.kms.katalon.core.model.FailureHandling) values: [TestObject - \u0027Object Repository/user/create_new_admin/Access/add/Page_Add Admin/checkbox_All_Access\u0027, ...]\nPossible solutions: check(com.kms.katalon.core.testobject.TestObject, com.kms.katalon.core.model.FailureHandling), check(com.kms.katalon.core.testobject.TestObject), click(com.kms.katalon.core.testobject.TestObject, com.kms.katalon.core.model.FailureHandling), uncheck(com.kms.katalon.core.testobject.TestObject, com.kms.katalon.core.model.FailureHandling), back(), click(com.kms.katalon.core.testobject.TestObject)","description":"","startTime":1539844264260,"endTime":1539844264383,"childRecords":[{"testStatus":{"stackTrace":"","statusValue":"ERROR"},"type":"MESSAGE","name":"","message":"groovy.lang.MissingMethodException: No signature of method: static com.kms.katalon.core.webui.keyword.WebUiBuiltInKeywords.check() is applicable for argument types: (com.kms.katalon.core.testobject.TestObject, java.lang.Integer, com.kms.katalon.core.model.FailureHandling) values: [TestObject - \u0027Object Repository/user/create_new_admin/Access/add/Page_Add Admin/checkbox_All_Access\u0027, ...]\nPossible solutions: check(com.kms.katalon.core.testobject.TestObject, com.kms.katalon.core.model.FailureHandling), check(com.kms.katalon.core.testobject.TestObject), click(com.kms.katalon.core.testobject.TestObject, com.kms.katalon.core.model.FailureHandling), uncheck(com.kms.katalon.core.testobject.TestObject, com.kms.katalon.core.model.FailureHandling), back(), click(com.kms.katalon.core.testobject.TestObject)","startTime":1539844264343,"endTime":0,"childRecords":[],"interuppted":false}],"interuppted":false},{"testStatus":{"stackTrace":"","statusValue":"ERROR"},"type":"MESSAGE","name":"","message":"Test Cases/CreateUser/CreateNewAdmin FAILED because (of) org.codehaus.groovy.runtime.InvokerInvocationException: groovy.lang.MissingMethodException: No signature of method: static com.kms.katalon.core.webui.keyword.WebUiBuiltInKeywords.check() is applicable for argument types: (com.kms.katalon.core.testobject.TestObject, java.lang.Integer, com.kms.katalon.core.model.FailureHandling) values: [TestObject - \u0027Object Repository/user/create_new_admin/Access/add/Page_Add Admin/checkbox_All_Access\u0027, ...]\nPossible solutions: check(com.kms.katalon.core.testobject.TestObject, com.kms.katalon.core.model.FailureHandling), check(com.kms.katalon.core.testobject.TestObject), click(com.kms.katalon.core.testobject.TestObject, com.kms.katalon.core.model.FailureHandling), uncheck(com.kms.katalon.core.testobject.TestObject, com.kms.katalon.core.model.FailureHandling), back(), click(com.kms.katalon.core.testobject.TestObject)","startTime":1539844264401,"endTime":0,"childRecords":[],"interuppted":false}],"interuppted":false}],"interuppted":false}