{"devicePlatform":"","logFolder":"C:\\Users\\Saranya\\Katalon Studio\\Saranya_Katalon_Assignment2\\Reports\\scenario1\\20181031_093254","runData":{"hostName":"Saranya - Saranya-PC","hostAddress":"192.168.1.142","os":"Windows 7 64bit","katalonVersion":"5.4.1.1"},"type":"TEST_SUITE","name":"scenario1","id":"Test Suites/scenario1","source":"","message":"Test Cases/Common/LoginAsSuperAdmin FAILED because (of) java.lang.IllegalArgumentException: Cannot find test data with id \u0027Data Files/adminDetails\u0027 because (of) \u0027com.mysql.jdbc.exceptions.jdbc4.CommunicationsException: Communications link failure\n\nThe last packet sent successfully to the server was 0 milliseconds ago. The driver has not received any packets from the server.\u0027","description":"","startTime":1540958578852,"endTime":1540958627132,"childRecords":[{"isOptional":false,"type":"TEST_CASE","name":"Test Cases/Common/LoginAsSuperAdmin","id":"Test Cases/Common/LoginAsSuperAdmin","source":"C:\\\\Users\\\\Saranya\\\\Katalon Studio\\\\Saranya_Katalon_Assignment2\\\\Test Cases\\\\Common\\\\LoginAsSuperAdmin.tc","message":"Test Cases/Common/LoginAsSuperAdmin FAILED because (of) java.lang.IllegalArgumentException: Cannot find test data with id \u0027Data Files/adminDetails\u0027 because (of) \u0027com.mysql.jdbc.exceptions.jdbc4.CommunicationsException: Communications link failure\n\nThe last packet sent successfully to the server was 0 milliseconds ago. The driver has not received any packets from the server.\u0027","description":"","startTime":1540958579657,"endTime":1540958602243,"childRecords":[{"testStatus":{"stackTrace":"","statusValue":"INFO"},"type":"MESSAGE","name":"","message":"Evaluating variables for test case","startTime":1540958579709,"endTime":0,"childRecords":[],"interuppted":false},{"index":1,"isIgnoredIfFailed":false,"type":"TEST_STEP","name":"Statement - dbdata \u003d com.kms.katalon.core.testdata.TestDataFactory.findTestData(adminDetails)","message":"Reading database data with query \u0027SELECT * FROM katalon_saranya_16_oct_18.users\u0027","description":"","startTime":1540958580368,"endTime":1540958602236,"childRecords":[],"interuppted":false},{"testStatus":{"stackTrace":"","statusValue":"ERROR"},"type":"MESSAGE","name":"","message":"Test Cases/Common/LoginAsSuperAdmin FAILED because (of) java.lang.IllegalArgumentException: Cannot find test data with id \u0027Data Files/adminDetails\u0027 because (of) \u0027com.mysql.jdbc.exceptions.jdbc4.CommunicationsException: Communications link failure\n\nThe last packet sent successfully to the server was 0 milliseconds ago. The driver has not received any packets from the server.\u0027","startTime":1540958602239,"endTime":0,"childRecords":[],"interuppted":false}],"interuppted":false},{"isOptional":false,"type":"TEST_CASE","name":"Test Cases/CreateUser/CreateNewAdmin","id":"Test Cases/CreateUser/CreateNewAdmin","source":"C:\\\\Users\\\\Saranya\\\\Katalon Studio\\\\Saranya_Katalon_Assignment2\\\\Test Cases\\\\CreateUser\\\\CreateNewAdmin.tc","message":"Test Cases/CreateUser/CreateNewAdmin FAILED because (of) Unable to click on object \u0027Object Repository/user/create_new_admin/Page_Dashboard/a_Accounts\u0027 (Root cause: com.kms.katalon.core.webui.exception.BrowserNotOpenedException: Browser is not opened\nBuild info: version: \u00273.7.1\u0027, revision: \u00278a0099a\u0027, time: \u00272017-11-06T21:07:36.161Z\u0027\nSystem info: host: \u0027SARANYA-PC\u0027, ip: \u0027192.168.1.142\u0027, os.name: \u0027Windows 7\u0027, os.arch: \u0027amd64\u0027, os.version: \u00276.1\u0027, java.version: \u00271.8.0_102\u0027\nDriver info: driver.version: unknown)","description":"","startTime":1540958602249,"endTime":1540958603415,"childRecords":[{"testStatus":{"stackTrace":"","statusValue":"INFO"},"type":"MESSAGE","name":"","message":"Evaluating variables for test case","startTime":1540958602268,"endTime":0,"childRecords":[],"interuppted":false},{"index":1,"isIgnoredIfFailed":false,"type":"TEST_STEP","name":"phpTravels.PhpKeys.navigateToCreateAdminPage","message":"Unable to click on object \u0027Object Repository/user/create_new_admin/Page_Dashboard/a_Accounts\u0027 (Root cause: com.kms.katalon.core.webui.exception.BrowserNotOpenedException: Browser is not opened\nBuild info: version: \u00273.7.1\u0027, revision: \u00278a0099a\u0027, time: \u00272017-11-06T21:07:36.161Z\u0027\nSystem info: host: \u0027SARANYA-PC\u0027, ip: \u0027192.168.1.142\u0027, os.name: \u0027Windows 7\u0027, os.arch: \u0027amd64\u0027, os.version: \u00276.1\u0027, java.version: \u00271.8.0_102\u0027\nDriver info: driver.version: unknown)","description":"","startTime":1540958602516,"endTime":1540958603411,"childRecords":[{"testStatus":{"stackTrace":"","statusValue":"WARNING"},"type":"MESSAGE","name":"","message":"Cannot take screenshot","startTime":1540958603397,"endTime":0,"childRecords":[],"interuppted":false},{"testStatus":{"stackTrace":"","statusValue":"FAILED"},"type":"MESSAGE","name":"","message":"Unable to click on object \u0027Object Repository/user/create_new_admin/Page_Dashboard/a_Accounts\u0027 (Root cause: com.kms.katalon.core.webui.exception.BrowserNotOpenedException: Browser is not opened\nBuild info: version: \u00273.7.1\u0027, revision: \u00278a0099a\u0027, time: \u00272017-11-06T21:07:36.161Z\u0027\nSystem info: host: \u0027SARANYA-PC\u0027, ip: \u0027192.168.1.142\u0027, os.name: \u0027Windows 7\u0027, os.arch: \u0027amd64\u0027, os.version: \u00276.1\u0027, java.version: \u00271.8.0_102\u0027\nDriver info: driver.version: unknown)","startTime":1540958603407,"endTime":0,"childRecords":[],"interuppted":false},{"testStatus":{"stackTrace":"","statusValue":"FAILED"},"type":"MESSAGE","name":"","message":"Unable to click on object \u0027Object Repository/user/create_new_admin/Page_Dashboard/a_Accounts\u0027 (Root cause: com.kms.katalon.core.webui.exception.BrowserNotOpenedException: Browser is not opened\nBuild info: version: \u00273.7.1\u0027, revision: \u00278a0099a\u0027, time: \u00272017-11-06T21:07:36.161Z\u0027\nSystem info: host: \u0027SARANYA-PC\u0027, ip: \u0027192.168.1.142\u0027, os.name: \u0027Windows 7\u0027, os.arch: \u0027amd64\u0027, os.version: \u00276.1\u0027, java.version: \u00271.8.0_102\u0027\nDriver info: driver.version: unknown)","startTime":1540958603409,"endTime":0,"childRecords":[],"interuppted":false}],"interuppted":false},{"testStatus":{"stackTrace":"","statusValue":"FAILED"},"type":"MESSAGE","name":"","message":"Test Cases/CreateUser/CreateNewAdmin FAILED because (of) Unable to click on object \u0027Object Repository/user/create_new_admin/Page_Dashboard/a_Accounts\u0027 (Root cause: com.kms.katalon.core.webui.exception.BrowserNotOpenedException: Browser is not opened\nBuild info: version: \u00273.7.1\u0027, revision: \u00278a0099a\u0027, time: \u00272017-11-06T21:07:36.161Z\u0027\nSystem info: host: \u0027SARANYA-PC\u0027, ip: \u0027192.168.1.142\u0027, os.name: \u0027Windows 7\u0027, os.arch: \u0027amd64\u0027, os.version: \u00276.1\u0027, java.version: \u00271.8.0_102\u0027\nDriver info: driver.version: unknown)","startTime":1540958603411,"endTime":0,"childRecords":[],"interuppted":false}],"interuppted":false},{"isOptional":false,"type":"TEST_CASE","name":"Test Cases/Common/LoginAsNewAdmin","id":"Test Cases/Common/LoginAsNewAdmin","source":"C:\\\\Users\\\\Saranya\\\\Katalon Studio\\\\Saranya_Katalon_Assignment2\\\\Test Cases\\\\Common\\\\LoginAsNewAdmin.tc","message":"Test Cases/Common/LoginAsNewAdmin FAILED because (of) java.lang.IllegalArgumentException: Cannot find test data with id \u0027Data Files/adminDetails\u0027 because (of) \u0027com.mysql.jdbc.exceptions.jdbc4.CommunicationsException: Communications link failure\n\nThe last packet sent successfully to the server was 0 milliseconds ago. The driver has not received any packets from the server.\u0027","description":"","startTime":1540958603421,"endTime":1540958625122,"childRecords":[{"testStatus":{"stackTrace":"","statusValue":"INFO"},"type":"MESSAGE","name":"","message":"Evaluating variables for test case","startTime":1540958603444,"endTime":0,"childRecords":[],"interuppted":false},{"index":1,"isIgnoredIfFailed":false,"type":"TEST_STEP","name":"Statement - dbdata \u003d com.kms.katalon.core.testdata.TestDataFactory.findTestData(adminDetails)","message":"Reading database data with query \u0027SELECT * FROM katalon_saranya_16_oct_18.users\u0027","description":"","startTime":1540958604089,"endTime":1540958625110,"childRecords":[],"interuppted":false},{"testStatus":{"stackTrace":"","statusValue":"ERROR"},"type":"MESSAGE","name":"","message":"Test Cases/Common/LoginAsNewAdmin FAILED because (of) java.lang.IllegalArgumentException: Cannot find test data with id \u0027Data Files/adminDetails\u0027 because (of) \u0027com.mysql.jdbc.exceptions.jdbc4.CommunicationsException: Communications link failure\n\nThe last packet sent successfully to the server was 0 milliseconds ago. The driver has not received any packets from the server.\u0027","startTime":1540958625115,"endTime":0,"childRecords":[],"interuppted":false}],"interuppted":false},{"isOptional":false,"type":"TEST_CASE","name":"Test Cases/CreateTour/CreateATour","id":"Test Cases/CreateTour/CreateATour","source":"C:\\\\Users\\\\Saranya\\\\Katalon Studio\\\\Saranya_Katalon_Assignment2\\\\Test Cases\\\\CreateTour\\\\CreateATour.tc","message":"Test Cases/CreateTour/CreateATour FAILED because (of) Unable to click on object \u0027Object Repository/create_Tour/Page_Tours Management/a_Tours\u0027 (Root cause: com.kms.katalon.core.webui.exception.BrowserNotOpenedException: Browser is not opened\nBuild info: version: \u00273.7.1\u0027, revision: \u00278a0099a\u0027, time: \u00272017-11-06T21:07:36.161Z\u0027\nSystem info: host: \u0027SARANYA-PC\u0027, ip: \u0027192.168.1.142\u0027, os.name: \u0027Windows 7\u0027, os.arch: \u0027amd64\u0027, os.version: \u00276.1\u0027, java.version: \u00271.8.0_102\u0027\nDriver info: driver.version: unknown)","description":"","startTime":1540958625139,"endTime":1540958625605,"childRecords":[{"testStatus":{"stackTrace":"","statusValue":"INFO"},"type":"MESSAGE","name":"","message":"Evaluating variables for test case","startTime":1540958625158,"endTime":0,"childRecords":[],"interuppted":false},{"index":1,"isIgnoredIfFailed":false,"type":"TEST_STEP","name":"phpTravels.TourKeys.navigateToNewTour","message":"Unable to click on object \u0027Object Repository/create_Tour/Page_Tours Management/a_Tours\u0027 (Root cause: com.kms.katalon.core.webui.exception.BrowserNotOpenedException: Browser is not opened\nBuild info: version: \u00273.7.1\u0027, revision: \u00278a0099a\u0027, time: \u00272017-11-06T21:07:36.161Z\u0027\nSystem info: host: \u0027SARANYA-PC\u0027, ip: \u0027192.168.1.142\u0027, os.name: \u0027Windows 7\u0027, os.arch: \u0027amd64\u0027, os.version: \u00276.1\u0027, java.version: \u00271.8.0_102\u0027\nDriver info: driver.version: unknown)","description":"","startTime":1540958625567,"endTime":1540958625602,"childRecords":[{"testStatus":{"stackTrace":"","statusValue":"WARNING"},"type":"MESSAGE","name":"","message":"Cannot take screenshot","startTime":1540958625597,"endTime":0,"childRecords":[],"interuppted":false},{"testStatus":{"stackTrace":"","statusValue":"FAILED"},"type":"MESSAGE","name":"","message":"Unable to click on object \u0027Object Repository/create_Tour/Page_Tours Management/a_Tours\u0027 (Root cause: com.kms.katalon.core.webui.exception.BrowserNotOpenedException: Browser is not opened\nBuild info: version: \u00273.7.1\u0027, revision: \u00278a0099a\u0027, time: \u00272017-11-06T21:07:36.161Z\u0027\nSystem info: host: \u0027SARANYA-PC\u0027, ip: \u0027192.168.1.142\u0027, os.name: \u0027Windows 7\u0027, os.arch: \u0027amd64\u0027, os.version: \u00276.1\u0027, java.version: \u00271.8.0_102\u0027\nDriver info: driver.version: unknown)","startTime":1540958625599,"endTime":0,"childRecords":[],"interuppted":false},{"testStatus":{"stackTrace":"","statusValue":"FAILED"},"type":"MESSAGE","name":"","message":"Unable to click on object \u0027Object Repository/create_Tour/Page_Tours Management/a_Tours\u0027 (Root cause: com.kms.katalon.core.webui.exception.BrowserNotOpenedException: Browser is not opened\nBuild info: version: \u00273.7.1\u0027, revision: \u00278a0099a\u0027, time: \u00272017-11-06T21:07:36.161Z\u0027\nSystem info: host: \u0027SARANYA-PC\u0027, ip: \u0027192.168.1.142\u0027, os.name: \u0027Windows 7\u0027, os.arch: \u0027amd64\u0027, os.version: \u00276.1\u0027, java.version: \u00271.8.0_102\u0027\nDriver info: driver.version: unknown)","startTime":1540958625601,"endTime":0,"childRecords":[],"interuppted":false}],"interuppted":false},{"testStatus":{"stackTrace":"","statusValue":"FAILED"},"type":"MESSAGE","name":"","message":"Test Cases/CreateTour/CreateATour FAILED because (of) Unable to click on object \u0027Object Repository/create_Tour/Page_Tours Management/a_Tours\u0027 (Root cause: com.kms.katalon.core.webui.exception.BrowserNotOpenedException: Browser is not opened\nBuild info: version: \u00273.7.1\u0027, revision: \u00278a0099a\u0027, time: \u00272017-11-06T21:07:36.161Z\u0027\nSystem info: host: \u0027SARANYA-PC\u0027, ip: \u0027192.168.1.142\u0027, os.name: \u0027Windows 7\u0027, os.arch: \u0027amd64\u0027, os.version: \u00276.1\u0027, java.version: \u00271.8.0_102\u0027\nDriver info: driver.version: unknown)","startTime":1540958625603,"endTime":0,"childRecords":[],"interuppted":false}],"interuppted":false},{"isOptional":false,"type":"TEST_CASE","name":"Test Cases/CreateUser/CreateNewSupplier","id":"Test Cases/CreateUser/CreateNewSupplier","source":"C:\\\\Users\\\\Saranya\\\\Katalon Studio\\\\Saranya_Katalon_Assignment2\\\\Test Cases\\\\CreateUser\\\\CreateNewSupplier.tc","message":"Test Cases/CreateUser/CreateNewSupplier FAILED because (of) Unable to click on object \u0027Object Repository/user/create_new_supplier/Page_Dashboard/a_Accounts\u0027 (Root cause: com.kms.katalon.core.webui.exception.BrowserNotOpenedException: Browser is not opened\nBuild info: version: \u00273.7.1\u0027, revision: \u00278a0099a\u0027, time: \u00272017-11-06T21:07:36.161Z\u0027\nSystem info: host: \u0027SARANYA-PC\u0027, ip: \u0027192.168.1.142\u0027, os.name: \u0027Windows 7\u0027, os.arch: \u0027amd64\u0027, os.version: \u00276.1\u0027, java.version: \u00271.8.0_102\u0027\nDriver info: driver.version: unknown)","description":"","startTime":1540958625610,"endTime":1540958626391,"childRecords":[{"testStatus":{"stackTrace":"","statusValue":"INFO"},"type":"MESSAGE","name":"","message":"Evaluating variables for test case","startTime":1540958625618,"endTime":0,"childRecords":[],"interuppted":false},{"index":1,"isIgnoredIfFailed":false,"type":"TEST_STEP","name":"phpTravels.SupplierKeys.navigateToCreateSupplierPage","message":"Unable to click on object \u0027Object Repository/user/create_new_supplier/Page_Dashboard/a_Accounts\u0027 (Root cause: com.kms.katalon.core.webui.exception.BrowserNotOpenedException: Browser is not opened\nBuild info: version: \u00273.7.1\u0027, revision: \u00278a0099a\u0027, time: \u00272017-11-06T21:07:36.161Z\u0027\nSystem info: host: \u0027SARANYA-PC\u0027, ip: \u0027192.168.1.142\u0027, os.name: \u0027Windows 7\u0027, os.arch: \u0027amd64\u0027, os.version: \u00276.1\u0027, java.version: \u00271.8.0_102\u0027\nDriver info: driver.version: unknown)","description":"","startTime":1540958625897,"endTime":1540958625938,"childRecords":[{"testStatus":{"stackTrace":"","statusValue":"WARNING"},"type":"MESSAGE","name":"","message":"Cannot take screenshot","startTime":1540958625924,"endTime":0,"childRecords":[],"interuppted":false},{"testStatus":{"stackTrace":"","statusValue":"FAILED"},"type":"MESSAGE","name":"","message":"Unable to click on object \u0027Object Repository/user/create_new_supplier/Page_Dashboard/a_Accounts\u0027 (Root cause: com.kms.katalon.core.webui.exception.BrowserNotOpenedException: Browser is not opened\nBuild info: version: \u00273.7.1\u0027, revision: \u00278a0099a\u0027, time: \u00272017-11-06T21:07:36.161Z\u0027\nSystem info: host: \u0027SARANYA-PC\u0027, ip: \u0027192.168.1.142\u0027, os.name: \u0027Windows 7\u0027, os.arch: \u0027amd64\u0027, os.version: \u00276.1\u0027, java.version: \u00271.8.0_102\u0027\nDriver info: driver.version: unknown)","startTime":1540958625928,"endTime":0,"childRecords":[],"interuppted":false},{"testStatus":{"stackTrace":"","statusValue":"FAILED"},"type":"MESSAGE","name":"","message":"Unable to click on object \u0027Object Repository/user/create_new_supplier/Page_Dashboard/a_Accounts\u0027 (Root cause: com.kms.katalon.core.webui.exception.BrowserNotOpenedException: Browser is not opened\nBuild info: version: \u00273.7.1\u0027, revision: \u00278a0099a\u0027, time: \u00272017-11-06T21:07:36.161Z\u0027\nSystem info: host: \u0027SARANYA-PC\u0027, ip: \u0027192.168.1.142\u0027, os.name: \u0027Windows 7\u0027, os.arch: \u0027amd64\u0027, os.version: \u00276.1\u0027, java.version: \u00271.8.0_102\u0027\nDriver info: driver.version: unknown)","startTime":1540958625930,"endTime":0,"childRecords":[],"interuppted":false}],"interuppted":false},{"testStatus":{"stackTrace":"","statusValue":"FAILED"},"type":"MESSAGE","name":"","message":"Test Cases/CreateUser/CreateNewSupplier FAILED because (of) Unable to click on object \u0027Object Repository/user/create_new_supplier/Page_Dashboard/a_Accounts\u0027 (Root cause: com.kms.katalon.core.webui.exception.BrowserNotOpenedException: Browser is not opened\nBuild info: version: \u00273.7.1\u0027, revision: \u00278a0099a\u0027, time: \u00272017-11-06T21:07:36.161Z\u0027\nSystem info: host: \u0027SARANYA-PC\u0027, ip: \u0027192.168.1.142\u0027, os.name: \u0027Windows 7\u0027, os.arch: \u0027amd64\u0027, os.version: \u00276.1\u0027, java.version: \u00271.8.0_102\u0027\nDriver info: driver.version: unknown)","startTime":1540958625940,"endTime":0,"childRecords":[],"interuppted":false}],"interuppted":false},{"isOptional":false,"type":"TEST_CASE","name":"Test Cases/Common/DeleteAllTestData","id":"Test Cases/Common/DeleteAllTestData","source":"C:\\\\Users\\\\Saranya\\\\Katalon Studio\\\\Saranya_Katalon_Assignment2\\\\Test Cases\\\\Common\\\\DeleteAllTestData.tc","message":"Test Cases/Common/DeleteAllTestData FAILED because (of) Unable to click on object \u0027Object Repository/user/create_new_supplier/Page_Dashboard/a_Accounts\u0027 (Root cause: com.kms.katalon.core.webui.exception.BrowserNotOpenedException: Browser is not opened\nBuild info: version: \u00273.7.1\u0027, revision: \u00278a0099a\u0027, time: \u00272017-11-06T21:07:36.161Z\u0027\nSystem info: host: \u0027SARANYA-PC\u0027, ip: \u0027192.168.1.142\u0027, os.name: \u0027Windows 7\u0027, os.arch: \u0027amd64\u0027, os.version: \u00276.1\u0027, java.version: \u00271.8.0_102\u0027\nDriver info: driver.version: unknown)","description":"","startTime":1540958626395,"endTime":1540958626949,"childRecords":[{"testStatus":{"stackTrace":"","statusValue":"INFO"},"type":"MESSAGE","name":"","message":"Evaluating variables for test case","startTime":1540958626408,"endTime":0,"childRecords":[],"interuppted":false},{"index":1,"isIgnoredIfFailed":false,"type":"TEST_STEP","name":"phpTravels.commonUtils.deleteSupplierData","message":"Unable to click on object \u0027Object Repository/user/create_new_supplier/Page_Dashboard/a_Accounts\u0027 (Root cause: com.kms.katalon.core.webui.exception.BrowserNotOpenedException: Browser is not opened\nBuild info: version: \u00273.7.1\u0027, revision: \u00278a0099a\u0027, time: \u00272017-11-06T21:07:36.161Z\u0027\nSystem info: host: \u0027SARANYA-PC\u0027, ip: \u0027192.168.1.142\u0027, os.name: \u0027Windows 7\u0027, os.arch: \u0027amd64\u0027, os.version: \u00276.1\u0027, java.version: \u00271.8.0_102\u0027\nDriver info: driver.version: unknown)","description":"","startTime":1540958626670,"endTime":1540958626752,"childRecords":[{"testStatus":{"stackTrace":"","statusValue":"WARNING"},"type":"MESSAGE","name":"","message":"Cannot take screenshot","startTime":1540958626701,"endTime":0,"childRecords":[],"interuppted":false},{"testStatus":{"stackTrace":"","statusValue":"FAILED"},"type":"MESSAGE","name":"","message":"Unable to click on object \u0027Object Repository/user/create_new_supplier/Page_Dashboard/a_Accounts\u0027 (Root cause: com.kms.katalon.core.webui.exception.BrowserNotOpenedException: Browser is not opened\nBuild info: version: \u00273.7.1\u0027, revision: \u00278a0099a\u0027, time: \u00272017-11-06T21:07:36.161Z\u0027\nSystem info: host: \u0027SARANYA-PC\u0027, ip: \u0027192.168.1.142\u0027, os.name: \u0027Windows 7\u0027, os.arch: \u0027amd64\u0027, os.version: \u00276.1\u0027, java.version: \u00271.8.0_102\u0027\nDriver info: driver.version: unknown)","startTime":1540958626701,"endTime":0,"childRecords":[],"interuppted":false},{"testStatus":{"stackTrace":"","statusValue":"FAILED"},"type":"MESSAGE","name":"","message":"Unable to click on object \u0027Object Repository/user/create_new_supplier/Page_Dashboard/a_Accounts\u0027 (Root cause: com.kms.katalon.core.webui.exception.BrowserNotOpenedException: Browser is not opened\nBuild info: version: \u00273.7.1\u0027, revision: \u00278a0099a\u0027, time: \u00272017-11-06T21:07:36.161Z\u0027\nSystem info: host: \u0027SARANYA-PC\u0027, ip: \u0027192.168.1.142\u0027, os.name: \u0027Windows 7\u0027, os.arch: \u0027amd64\u0027, os.version: \u00276.1\u0027, java.version: \u00271.8.0_102\u0027\nDriver info: driver.version: unknown)","startTime":1540958626749,"endTime":0,"childRecords":[],"interuppted":false}],"interuppted":false},{"testStatus":{"stackTrace":"","statusValue":"FAILED"},"type":"MESSAGE","name":"","message":"Test Cases/Common/DeleteAllTestData FAILED because (of) Unable to click on object \u0027Object Repository/user/create_new_supplier/Page_Dashboard/a_Accounts\u0027 (Root cause: com.kms.katalon.core.webui.exception.BrowserNotOpenedException: Browser is not opened\nBuild info: version: \u00273.7.1\u0027, revision: \u00278a0099a\u0027, time: \u00272017-11-06T21:07:36.161Z\u0027\nSystem info: host: \u0027SARANYA-PC\u0027, ip: \u0027192.168.1.142\u0027, os.name: \u0027Windows 7\u0027, os.arch: \u0027amd64\u0027, os.version: \u00276.1\u0027, java.version: \u00271.8.0_102\u0027\nDriver info: driver.version: unknown)","startTime":1540958626753,"endTime":0,"childRecords":[],"interuppted":false}],"interuppted":false}],"interuppted":false}