<?xml version="1.0" encoding="UTF-8"?>
<testsuites name="scenario1" time="689" tests="5" failures="1" errors="0">
   <testsuite name="scenario1" tests="5" failures="1" errors="0" time="689" timestamp="2018-11-01 13:18:22" hostname="Saranya - Saranya-PC" id="Test Suites/scenario1">
      <properties>
         <property name="deviceName" value=""/>
         <property name="devicePlatform" value=""/>
         <property name="logFolder" value="C:\\Users\\Saranya\\git\\Katalon_Saranya_Assignment\\Reports\\scenario1\\20181101_131814"/>
         <property name="logFiles" value="C:\\Users\\Saranya\\git\\Katalon_Saranya_Assignment\\Reports\\scenario1\\20181101_131814\\execution0.log"/>
         <property name="attachments" value="C:\\Users\\Saranya\\git\\Katalon_Saranya_Assignment\\Reports\\scenario1\\20181101_131814\\1541058968191.png, C:\\Users\\Saranya\\git\\Katalon_Saranya_Assignment\\Reports\\scenario1\\20181101_131814\\1541058969614.png, C:\\Users\\Saranya\\git\\Katalon_Saranya_Assignment\\Reports\\scenario1\\20181101_131814\\1541059175839.png, C:\\Users\\Saranya\\git\\Katalon_Saranya_Assignment\\Reports\\scenario1\\20181101_131814\\1541059189272.png"/>
         <property name="hostName" value="Saranya - Saranya-PC"/>
         <property name="os" value="Windows 7 64bit"/>
         <property name="katalonVersion" value="5.4.1.1"/>
         <property name="dbServerInfo" value="MySQL 5.6.20"/>
         <property name="browser" value="Chrome 70.0.3538.77"/>
         <property name="hostAddress" value="192.168.1.142"/>
         <property name="sessionId" value="148d64e9879615a5cdf61d2e9b8cd667"/>
         <property name="seleniumVersion" value="3.7.1"/>
         <property name="proxyInformation" value="ProxyInformation{proxyOption=NO_PROXY, proxyServerType=HTTP, password=, proxyServerAddress=, proxyServerPort=0}"/>
         <property name="platform" value="Windows 7"/>
      </properties>
      <testcase name="Test Cases/Common/LoginAsSuperAdmin" classname="Test Cases/Common/LoginAsSuperAdmin" status="PASSED">
         <system-out><![CDATA[2018-11-01 13:18:23 - [TEST_CASE][PASSED] - Test Cases/Common/LoginAsSuperAdmin: Test Cases/Common/LoginAsSuperAdmin

2018-11-01 13:18:24 - [TEST_STEP][PASSED] - Statement - dbdata = com.kms.katalon.core.testdata.TestDataFactory.findTestData(adminDetails): Reading database data with query 'SELECT * FROM katalon_saranya_16_oct_18.users'

2018-11-01 13:18:25 - [TEST_STEP][PASSED] - Statement - userName = dbdata.getValue(5, 2): null

2018-11-01 13:18:25 - [TEST_STEP][PASSED] - Statement - password = dbdata.getValue(2, 2): null

2018-11-01 13:18:25 - [TEST_STEP][PASSED] - phpTravels.commonUtils.loginToPHPTravels: phpTravels.commonUtils.loginToPHPTravels is PASSED

2018-11-01 13:18:44 - [MESSAGE][PASSED] - Browser is opened with url: ''

2018-11-01 13:18:50 - [MESSAGE][PASSED] - Navigate to 'https://www.phptravels.net/admin' successfully

2018-11-01 13:18:52 - [MESSAGE][PASSED] - Current window maximized

2018-11-01 13:18:57 - [MESSAGE][PASSED] - Text 'admin@phptravels.com' is set on object 'Object Repository/common/super_admin/Page_Administator Login/input_email'

2018-11-01 13:19:01 - [MESSAGE][PASSED] - Text 'demoadmin' is set on object 'Object Repository/common/super_admin/Page_Administator Login/input_password'

2018-11-01 13:19:03 - [MESSAGE][PASSED] - Object: 'Object Repository/common/super_admin/Page_Administator Login/button_Login' is clicked on

2018-11-01 13:19:03 - [MESSAGE][PASSED] - phpTravels.commonUtils.loginToPHPTravels is PASSED]]></system-out>
         <system-err><![CDATA[]]></system-err>
      </testcase>
      <testcase name="Test Cases/CreateUser/CreateNewAdmin" classname="Test Cases/CreateUser/CreateNewAdmin" status="PASSED">
         <system-out><![CDATA[2018-11-01 13:19:03 - [TEST_CASE][PASSED] - Test Cases/CreateUser/CreateNewAdmin: Test Cases/CreateUser/CreateNewAdmin

2018-11-01 13:19:04 - [TEST_STEP][PASSED] - phpTravels.PhpKeys.navigateToCreateAdminPage: phpTravels.PhpKeys.navigateToCreateAdminPage is PASSED

2018-11-01 13:19:13 - [MESSAGE][PASSED] - Object: 'Object Repository/user/create_new_admin/Page_Dashboard/a_Accounts' is clicked on

2018-11-01 13:19:17 - [MESSAGE][PASSED] - Object: 'Object Repository/user/create_new_admin/Page_Dashboard/a_Admins' is clicked on

2018-11-01 13:19:22 - [MESSAGE][PASSED] - Object: 'Object Repository/user/create_new_admin/Page_Admins Management/button_Add' is clicked on

2018-11-01 13:19:22 - [MESSAGE][PASSED] - phpTravels.PhpKeys.navigateToCreateAdminPage is PASSED

2018-11-01 13:19:22 - [TEST_STEP][PASSED] - phpTravels.PhpKeys.provideAdminDetails: phpTravels.PhpKeys.provideAdminDetails is PASSED

2018-11-01 13:19:27 - [MESSAGE][PASSED] - Text 'Saranya' is set on object 'Object Repository/user/create_new_admin/Page_Add Admin/input_fname'

2018-11-01 13:19:31 - [MESSAGE][PASSED] - Text 'Rohit' is set on object 'Object Repository/user/create_new_admin/Page_Add Admin/input_lname'

2018-11-01 13:19:35 - [MESSAGE][PASSED] - Text 'sj@demo.com' is set on object 'Object Repository/user/create_new_admin/Page_Add Admin/input_email'

2018-11-01 13:19:40 - [MESSAGE][PASSED] - Text 'Password1!' is set on object 'Object Repository/user/create_new_admin/Page_Add Admin/input_password'

2018-11-01 13:19:44 - [MESSAGE][PASSED] - Text '8301256958' is set on object 'Object Repository/user/create_new_admin/Page_Add Admin/input_mobile'

2018-11-01 13:19:46 - [MESSAGE][PASSED] - Object: 'Object Repository/user/create_new_admin/Page_Add Admin/autocomplete_country1' is clicked on

2018-11-01 13:19:48 - [MESSAGE][PASSED] - Object: 'Object Repository/user/create_new_admin/Page_Add Admin/autocomplete_country2' is clicked on

2018-11-01 13:19:53 - [MESSAGE][PASSED] - Text 'India' is set on object 'Object Repository/user/create_new_admin/Page_Add Admin/autocomplete_country2'

2018-11-01 13:19:55 - [MESSAGE][PASSED] - Object: 'Object Repository/user/create_new_admin/Page_Add Admin/autocomplete_country3' is clicked on

2018-11-01 13:19:59 - [MESSAGE][PASSED] - Text 'Rakendu,ABRA365' is set on object 'Object Repository/user/create_new_admin/Page_Add Admin/input_address1'

2018-11-01 13:20:04 - [MESSAGE][PASSED] - Text 'church road' is set on object 'Object Repository/user/create_new_admin/Page_Add Admin/input_address2'

2018-11-01 13:20:11 - [MESSAGE][PASSED] - All options with index in [0] are selected on object 'Object Repository/user/create_new_admin/Page_Add Admin/select_status'

2018-11-01 13:20:11 - [MESSAGE][PASSED] - phpTravels.PhpKeys.provideAdminDetails is PASSED

2018-11-01 13:20:11 - [TEST_STEP][PASSED] - phpTravels.PhpKeys.provideAccessDetailsForAdd: phpTravels.PhpKeys.provideAccessDetailsForAdd is PASSED

2018-11-01 13:20:14 - [MESSAGE][PASSED] - Object 'Object Repository/common/Access/add/Page_Add Admin/checkbox_all' is checked

2018-11-01 13:20:17 - [MESSAGE][PASSED] - Object 'Object Repository/common/Access/add/Page_Add Admin/checkbox_all' is checked

2018-11-01 13:20:20 - [MESSAGE][PASSED] - Object 'Object Repository/common/Access/add/Page_Add Admin/checkbox_all' is checked

2018-11-01 13:20:24 - [MESSAGE][PASSED] - Object 'Object Repository/common/Access/add/Page_Add Admin/checkbox_all' is checked

2018-11-01 13:20:27 - [MESSAGE][PASSED] - Object 'Object Repository/common/Access/add/Page_Add Admin/checkbox_all' is checked

2018-11-01 13:20:27 - [MESSAGE][PASSED] - phpTravels.PhpKeys.provideAccessDetailsForAdd is PASSED

2018-11-01 13:20:27 - [TEST_STEP][PASSED] - phpTravels.PhpKeys.provideAccessDetailsForEdit: phpTravels.PhpKeys.provideAccessDetailsForEdit is PASSED

2018-11-01 13:20:30 - [MESSAGE][PASSED] - Object 'Object Repository/common/Access/edit/Page_Add Admin/checkbox_all' is checked

2018-11-01 13:20:33 - [MESSAGE][PASSED] - Object 'Object Repository/common/Access/edit/Page_Add Admin/checkbox_all' is checked

2018-11-01 13:20:37 - [MESSAGE][PASSED] - Object 'Object Repository/common/Access/edit/Page_Add Admin/checkbox_all' is checked

2018-11-01 13:20:40 - [MESSAGE][PASSED] - Object 'Object Repository/common/Access/edit/Page_Add Admin/checkbox_all' is checked

2018-11-01 13:20:43 - [MESSAGE][PASSED] - Object 'Object Repository/common/Access/edit/Page_Add Admin/checkbox_all' is checked

2018-11-01 13:20:43 - [MESSAGE][PASSED] - phpTravels.PhpKeys.provideAccessDetailsForEdit is PASSED

2018-11-01 13:20:43 - [TEST_STEP][PASSED] - phpTravels.PhpKeys.provideAccessDetailsForRemove: phpTravels.PhpKeys.provideAccessDetailsForRemove is PASSED

2018-11-01 13:20:44 - [MESSAGE][PASSED] - Browser is scrolled to position x = 9999999, y = 9999999

2018-11-01 13:20:47 - [MESSAGE][PASSED] - Object 'Object Repository/common/Access/remove/Page_Add Admin/checkbox_all' is checked

2018-11-01 13:20:50 - [MESSAGE][PASSED] - Object 'Object Repository/common/Access/remove/Page_Add Admin/checkbox_all' is checked

2018-11-01 13:20:54 - [MESSAGE][PASSED] - Object 'Object Repository/common/Access/remove/Page_Add Admin/checkbox_all' is checked

2018-11-01 13:20:57 - [MESSAGE][PASSED] - Object 'Object Repository/common/Access/remove/Page_Add Admin/checkbox_all' is checked

2018-11-01 13:21:00 - [MESSAGE][PASSED] - Object 'Object Repository/common/Access/remove/Page_Add Admin/checkbox_all' is checked

2018-11-01 13:21:00 - [MESSAGE][PASSED] - phpTravels.PhpKeys.provideAccessDetailsForRemove is PASSED

2018-11-01 13:21:00 - [TEST_STEP][PASSED] - phpTravels.PhpKeys.saveAdmin: phpTravels.PhpKeys.saveAdmin is PASSED

2018-11-01 13:21:05 - [MESSAGE][PASSED] - Object: 'Object Repository/user/create_new_admin/Page_Update Admin/button_Submit' is clicked on

2018-11-01 13:21:07 - [MESSAGE][PASSED] - Wait for page load successfully

2018-11-01 13:21:08 - [MESSAGE][PASSED] - Object 'Object Repository/user/create_new_admin/Page_Update Admin/table_Admin' is present

2018-11-01 13:21:08 - [MESSAGE][PASSED] - phpTravels.PhpKeys.saveAdmin is PASSED]]></system-out>
         <system-err><![CDATA[]]></system-err>
      </testcase>
      <testcase name="Test Cases/Common/LoginAsNewAdmin" classname="Test Cases/Common/LoginAsNewAdmin" status="PASSED">
         <system-out><![CDATA[2018-11-01 13:21:08 - [TEST_CASE][PASSED] - Test Cases/Common/LoginAsNewAdmin: Test Cases/Common/LoginAsNewAdmin

2018-11-01 13:21:08 - [TEST_STEP][PASSED] - Statement - dbdata = com.kms.katalon.core.testdata.TestDataFactory.findTestData(adminDetails): Reading database data with query 'SELECT * FROM katalon_saranya_16_oct_18.users'

2018-11-01 13:21:08 - [TEST_STEP][PASSED] - Statement - userName = dbdata.getValue(5, 1): null

2018-11-01 13:21:08 - [TEST_STEP][PASSED] - Statement - password = dbdata.getValue(2, 1): null

2018-11-01 13:21:08 - [TEST_STEP][PASSED] - phpTravels.commonUtils.loginToPHPTravels: phpTravels.commonUtils.loginToPHPTravels is PASSED

2018-11-01 13:21:08 - [MESSAGE][WARNING] - A browser is already opened. Closing browser and opening a new one

2018-11-01 13:21:15 - [MESSAGE][PASSED] - Browser is opened with url: ''

2018-11-01 13:21:19 - [MESSAGE][PASSED] - Navigate to 'https://www.phptravels.net/admin' successfully

2018-11-01 13:21:21 - [MESSAGE][PASSED] - Current window maximized

2018-11-01 13:21:25 - [MESSAGE][PASSED] - Text 'sj@demo.com' is set on object 'Object Repository/common/super_admin/Page_Administator Login/input_email'

2018-11-01 13:21:29 - [MESSAGE][PASSED] - Text 'Password1!' is set on object 'Object Repository/common/super_admin/Page_Administator Login/input_password'

2018-11-01 13:21:31 - [MESSAGE][PASSED] - Object: 'Object Repository/common/super_admin/Page_Administator Login/button_Login' is clicked on

2018-11-01 13:21:31 - [MESSAGE][PASSED] - phpTravels.commonUtils.loginToPHPTravels is PASSED]]></system-out>
         <system-err><![CDATA[]]></system-err>
      </testcase>
      <testcase name="Test Cases/CreateTour/CreateATour" classname="Test Cases/CreateTour/CreateATour" status="FAILED">
         <failure type="FAILED" message="Unable to verify object 'Object Repository/create_Tour/Page_Add Tour/table_Tour' is present (Root cause: com.kms.katalon.core.webui.exception.WebElementNotFoundException: Web element with id: 'Object Repository/create_Tour/Page_Add Tour/table_Tour' located by 'By.xpath: .//tbody//*[contains(text(),'Trip to Ootty')]' not found)"/>
         <system-out><![CDATA[2018-11-01 13:21:31 - [TEST_CASE][FAILED] - Test Cases/CreateTour/CreateATour: Test Cases/CreateTour/CreateATour FAILED because (of) Unable to verify object 'Object Repository/create_Tour/Page_Add Tour/table_Tour' is present (Root cause: com.kms.katalon.core.webui.exception.WebElementNotFoundException: Web element with id: 'Object Repository/create_Tour/Page_Add Tour/table_Tour' located by 'By.xpath: .//tbody//*[contains(text(),'Trip to Ootty')]' not found)

2018-11-01 13:21:32 - [TEST_STEP][PASSED] - phpTravels.TourKeys.navigateToNewTour: phpTravels.TourKeys.navigateToNewTour is PASSED

2018-11-01 13:21:43 - [MESSAGE][PASSED] - Object: 'Object Repository/create_Tour/Page_Tours Management/a_Tours' is clicked on

2018-11-01 13:21:50 - [MESSAGE][PASSED] - Object: 'Object Repository/create_Tour/Page_Tours Management/a_Add New' is clicked on

2018-11-01 13:21:50 - [MESSAGE][PASSED] - phpTravels.TourKeys.navigateToNewTour is PASSED

2018-11-01 13:21:50 - [TEST_STEP][PASSED] - phpTravels.TourKeys.provideTourDetails: phpTravels.TourKeys.provideTourDetails is PASSED

2018-11-01 13:22:02 - [MESSAGE][PASSED] - All options with value 'Yes' are selected in object 'Object Repository/create_Tour/Page_Add Tour/select_TourStatus'  using regular expression

2018-11-01 13:22:07 - [MESSAGE][PASSED] - Text 'Trip to Ootty' is set on object 'Object Repository/create_Tour/Page_Add Tour/input_tourname'

2018-11-01 13:22:11 - [MESSAGE][PASSED] - Object: 'Object Repository/create_Tour/Page_Add Tour/iframeBody' is clicked on

2018-11-01 13:22:15 - [MESSAGE][PASSED] - Text 'Enjoy Holidays with Family' is set on object 'Object Repository/create_Tour/Page_Add Tour/iframeBody'

2018-11-01 13:22:22 - [MESSAGE][PASSED] - Text '2' is set on object 'Object Repository/create_Tour/Page_Add Tour/input_maxadult'

2018-11-01 13:22:26 - [MESSAGE][PASSED] - Text '1000' is set on object 'Object Repository/create_Tour/Page_Add Tour/input_adultprice'

2018-11-01 13:22:27 - [MESSAGE][PASSED] - Browser is scrolled to position x = 9999999, y = 9999999

2018-11-01 13:22:29 - [MESSAGE][PASSED] - Object: 'Object Repository/create_Tour/Page_Add Tour/span_EnableChild' is clicked on

2018-11-01 13:22:33 - [MESSAGE][PASSED] - Text '1' is set on object 'Object Repository/create_Tour/Page_Add Tour/input_maxchild'

2018-11-01 13:22:38 - [MESSAGE][PASSED] - Text '500' is set on object 'Object Repository/create_Tour/Page_Add Tour/input_childprice'

2018-11-01 13:22:40 - [MESSAGE][PASSED] - Object: 'Object Repository/create_Tour/Page_Add Tour/span_EnableInfant' is clicked on

2018-11-01 13:22:44 - [MESSAGE][PASSED] - Text '1' is set on object 'Object Repository/create_Tour/Page_Add Tour/input_maxinfant'

2018-11-01 13:22:48 - [MESSAGE][PASSED] - Text '250' is set on object 'Object Repository/create_Tour/Page_Add Tour/input_infantprice'

2018-11-01 13:23:11 - [MESSAGE][PASSED] - All options with value '4' are selected in object 'Object Repository/create_Tour/Page_Add Tour/select_Select'  using regular expression

2018-11-01 13:23:15 - [MESSAGE][PASSED] - Text '4' is set on object 'Object Repository/create_Tour/Page_Add Tour/input_tourdays'

2018-11-01 13:23:19 - [MESSAGE][PASSED] - Text '3' is set on object 'Object Repository/create_Tour/Page_Add Tour/input_tournights'

2018-11-01 13:23:22 - [MESSAGE][PASSED] - Object: 'Object Repository/create_Tour/Page_Add Tour/select_TourType' is clicked on

2018-11-01 13:23:24 - [MESSAGE][PASSED] - Object: 'Object Repository/create_Tour/Page_Add Tour/select_TourTypeOption' is clicked on

2018-11-01 13:23:37 - [MESSAGE][PASSED] - All options with value 'yes' are selected in object 'Object Repository/create_Tour/Page_Add Tour/select_Featured'  using regular expression

2018-11-01 13:23:39 - [MESSAGE][PASSED] - Object: 'Object Repository/create_Tour/Page_Add Tour/autocomplete_Location1' is clicked on

2018-11-01 13:23:44 - [MESSAGE][PASSED] - Text 'Beatric' is set on object 'Object Repository/create_Tour/Page_Add Tour/autocomplete_Location2'

2018-11-01 13:23:46 - [MESSAGE][PASSED] - Object: 'Object Repository/create_Tour/Page_Add Tour/autocomplete_Location3' is clicked on

2018-11-01 13:23:46 - [MESSAGE][PASSED] - phpTravels.TourKeys.provideTourDetails is PASSED

2018-11-01 13:23:46 - [TEST_STEP][PASSED] - phpTravels.TourKeys.provideTourInclusions: phpTravels.TourKeys.provideTourInclusions is PASSED

2018-11-01 13:23:48 - [MESSAGE][PASSED] - Object: 'Object Repository/create_Tour/Page_Add Tour/a_Inclusions' is clicked on

2018-11-01 13:23:49 - [MESSAGE][PASSED] - Wait for page load successfully

2018-11-01 13:23:51 - [MESSAGE][PASSED] - Object: 'Object Repository/create_Tour/Page_Add Tour/checkbox_Inclusions' is clicked on

2018-11-01 13:23:53 - [MESSAGE][PASSED] - Object: 'Object Repository/create_Tour/Page_Add Tour/checkbox_Inclusions' is clicked on

2018-11-01 13:23:56 - [MESSAGE][PASSED] - Object: 'Object Repository/create_Tour/Page_Add Tour/checkbox_Inclusions' is clicked on

2018-11-01 13:23:58 - [MESSAGE][PASSED] - Object: 'Object Repository/create_Tour/Page_Add Tour/checkbox_Inclusions' is clicked on

2018-11-01 13:24:00 - [MESSAGE][PASSED] - Object: 'Object Repository/create_Tour/Page_Add Tour/checkbox_Inclusions' is clicked on

2018-11-01 13:24:02 - [MESSAGE][PASSED] - Object: 'Object Repository/create_Tour/Page_Add Tour/checkbox_Inclusions' is clicked on

2018-11-01 13:24:04 - [MESSAGE][PASSED] - Object: 'Object Repository/create_Tour/Page_Add Tour/checkbox_Inclusions' is clicked on

2018-11-01 13:24:06 - [MESSAGE][PASSED] - Object: 'Object Repository/create_Tour/Page_Add Tour/checkbox_Inclusions' is clicked on

2018-11-01 13:24:09 - [MESSAGE][PASSED] - Object: 'Object Repository/create_Tour/Page_Add Tour/checkbox_Inclusions' is clicked on

2018-11-01 13:24:11 - [MESSAGE][PASSED] - Object: 'Object Repository/create_Tour/Page_Add Tour/checkbox_Inclusions' is clicked on

2018-11-01 13:24:13 - [MESSAGE][PASSED] - Object: 'Object Repository/create_Tour/Page_Add Tour/checkbox_Inclusions' is clicked on

2018-11-01 13:24:15 - [MESSAGE][PASSED] - Object: 'Object Repository/create_Tour/Page_Add Tour/checkbox_Inclusions' is clicked on

2018-11-01 13:24:17 - [MESSAGE][PASSED] - Object: 'Object Repository/create_Tour/Page_Add Tour/checkbox_Inclusions' is clicked on

2018-11-01 13:24:19 - [MESSAGE][PASSED] - Object: 'Object Repository/create_Tour/Page_Add Tour/checkbox_Inclusions' is clicked on

2018-11-01 13:24:21 - [MESSAGE][PASSED] - Object: 'Object Repository/create_Tour/Page_Add Tour/checkbox_Inclusions' is clicked on

2018-11-01 13:24:24 - [MESSAGE][PASSED] - Object: 'Object Repository/create_Tour/Page_Add Tour/checkbox_Inclusions' is clicked on

2018-11-01 13:24:26 - [MESSAGE][PASSED] - Object: 'Object Repository/create_Tour/Page_Add Tour/checkbox_Inclusions' is clicked on

2018-11-01 13:24:28 - [MESSAGE][PASSED] - Object: 'Object Repository/create_Tour/Page_Add Tour/checkbox_Inclusions' is clicked on

2018-11-01 13:24:30 - [MESSAGE][PASSED] - Object: 'Object Repository/create_Tour/Page_Add Tour/checkbox_Inclusions' is clicked on

2018-11-01 13:24:32 - [MESSAGE][PASSED] - Object: 'Object Repository/create_Tour/Page_Add Tour/checkbox_Inclusions' is clicked on

2018-11-01 13:24:34 - [MESSAGE][PASSED] - Object: 'Object Repository/create_Tour/Page_Add Tour/checkbox_Inclusions' is clicked on

2018-11-01 13:24:37 - [MESSAGE][PASSED] - Object: 'Object Repository/create_Tour/Page_Add Tour/checkbox_Inclusions' is clicked on

2018-11-01 13:24:39 - [MESSAGE][PASSED] - Object: 'Object Repository/create_Tour/Page_Add Tour/checkbox_Inclusions' is clicked on

2018-11-01 13:24:41 - [MESSAGE][PASSED] - Object: 'Object Repository/create_Tour/Page_Add Tour/checkbox_Inclusions' is clicked on

2018-11-01 13:24:43 - [MESSAGE][PASSED] - Object: 'Object Repository/create_Tour/Page_Add Tour/checkbox_Inclusions' is clicked on

2018-11-01 13:24:45 - [MESSAGE][PASSED] - Object: 'Object Repository/create_Tour/Page_Add Tour/checkbox_Inclusions' is clicked on

2018-11-01 13:24:47 - [MESSAGE][PASSED] - Object: 'Object Repository/create_Tour/Page_Add Tour/checkbox_Inclusions' is clicked on

2018-11-01 13:24:49 - [MESSAGE][PASSED] - Object: 'Object Repository/create_Tour/Page_Add Tour/checkbox_Inclusions' is clicked on

2018-11-01 13:24:52 - [MESSAGE][PASSED] - Object: 'Object Repository/create_Tour/Page_Add Tour/checkbox_Inclusions' is clicked on

2018-11-01 13:24:54 - [MESSAGE][PASSED] - Object: 'Object Repository/create_Tour/Page_Add Tour/checkbox_Inclusions' is clicked on

2018-11-01 13:24:56 - [MESSAGE][PASSED] - Object: 'Object Repository/create_Tour/Page_Add Tour/checkbox_Inclusions' is clicked on

2018-11-01 13:24:58 - [MESSAGE][PASSED] - Object: 'Object Repository/create_Tour/Page_Add Tour/checkbox_Inclusions' is clicked on

2018-11-01 13:25:00 - [MESSAGE][PASSED] - Object: 'Object Repository/create_Tour/Page_Add Tour/checkbox_Inclusions' is clicked on

2018-11-01 13:25:02 - [MESSAGE][PASSED] - Object: 'Object Repository/create_Tour/Page_Add Tour/checkbox_Inclusions' is clicked on

2018-11-01 13:25:05 - [MESSAGE][PASSED] - Object: 'Object Repository/create_Tour/Page_Add Tour/checkbox_Inclusions' is clicked on

2018-11-01 13:25:07 - [MESSAGE][PASSED] - Object: 'Object Repository/create_Tour/Page_Add Tour/checkbox_Inclusions' is clicked on

2018-11-01 13:25:09 - [MESSAGE][PASSED] - Object: 'Object Repository/create_Tour/Page_Add Tour/checkbox_Inclusions' is clicked on

2018-11-01 13:25:09 - [MESSAGE][PASSED] - phpTravels.TourKeys.provideTourInclusions is PASSED

2018-11-01 13:25:09 - [TEST_STEP][PASSED] - phpTravels.TourKeys.provideTourExclusions: phpTravels.TourKeys.provideTourExclusions is PASSED

2018-11-01 13:25:11 - [MESSAGE][PASSED] - Object: 'Object Repository/create_Tour/Page_Add Tour/a_Exclusions' is clicked on

2018-11-01 13:25:12 - [MESSAGE][PASSED] - Wait for page load successfully

2018-11-01 13:25:14 - [MESSAGE][PASSED] - Object: 'Object Repository/create_Tour/Page_Add Tour/checkbox_Exclusions' is clicked on

2018-11-01 13:25:16 - [MESSAGE][PASSED] - Object: 'Object Repository/create_Tour/Page_Add Tour/checkbox_Exclusions' is clicked on

2018-11-01 13:25:19 - [MESSAGE][PASSED] - Object: 'Object Repository/create_Tour/Page_Add Tour/checkbox_Exclusions' is clicked on

2018-11-01 13:25:21 - [MESSAGE][PASSED] - Object: 'Object Repository/create_Tour/Page_Add Tour/checkbox_Exclusions' is clicked on

2018-11-01 13:25:23 - [MESSAGE][PASSED] - Object: 'Object Repository/create_Tour/Page_Add Tour/checkbox_Exclusions' is clicked on

2018-11-01 13:25:25 - [MESSAGE][PASSED] - Object: 'Object Repository/create_Tour/Page_Add Tour/checkbox_Exclusions' is clicked on

2018-11-01 13:25:27 - [MESSAGE][PASSED] - Object: 'Object Repository/create_Tour/Page_Add Tour/checkbox_Exclusions' is clicked on

2018-11-01 13:25:29 - [MESSAGE][PASSED] - Object: 'Object Repository/create_Tour/Page_Add Tour/checkbox_Exclusions' is clicked on

2018-11-01 13:25:29 - [MESSAGE][PASSED] - phpTravels.TourKeys.provideTourExclusions is PASSED

2018-11-01 13:25:29 - [TEST_STEP][FAILED] - phpTravels.TourKeys.SaveTour: Unable to verify object 'Object Repository/create_Tour/Page_Add Tour/table_Tour' is present (Root cause: com.kms.katalon.core.webui.exception.WebElementNotFoundException: Web element with id: 'Object Repository/create_Tour/Page_Add Tour/table_Tour' located by 'By.xpath: .//tbody//*[contains(text(),'Trip to Ootty')]' not found)

2018-11-01 13:25:32 - [MESSAGE][PASSED] - Object: 'Object Repository/common/button_Submit' is clicked on

2018-11-01 13:26:09 - [MESSAGE][FAILED] - com.kms.katalon.core.webui.exception.WebElementNotFoundException: Web element with id: 'Object Repository/create_Tour/Page_Add Tour/table_Tour' located by 'By.xpath: .//tbody//*[contains(text(),'Trip to Ootty')]' not found
[[ATTACHMENT|C:\\Users\\Saranya\\git\\Katalon_Saranya_Assignment\\Reports\\scenario1\\20181101_131814\\1541058968191.png]]

2018-11-01 13:26:10 - [MESSAGE][FAILED] - Unable to verify object 'Object Repository/create_Tour/Page_Add Tour/table_Tour' is present (Root cause: com.kms.katalon.core.webui.exception.WebElementNotFoundException: Web element with id: 'Object Repository/create_Tour/Page_Add Tour/table_Tour' located by 'By.xpath: .//tbody//*[contains(text(),'Trip to Ootty')]' not found)
[[ATTACHMENT|C:\\Users\\Saranya\\git\\Katalon_Saranya_Assignment\\Reports\\scenario1\\20181101_131814\\1541058969614.png]]

2018-11-01 13:26:10 - [MESSAGE][FAILED] - Unable to verify object 'Object Repository/create_Tour/Page_Add Tour/table_Tour' is present (Root cause: com.kms.katalon.core.webui.exception.WebElementNotFoundException: Web element with id: 'Object Repository/create_Tour/Page_Add Tour/table_Tour' located by 'By.xpath: .//tbody//*[contains(text(),'Trip to Ootty')]' not found)]]></system-out>
         <system-err><![CDATA[2018-11-01 13:21:31 - [TEST_CASE][FAILED] - Test Cases/CreateTour/CreateATour: Test Cases/CreateTour/CreateATour FAILED because (of) Unable to verify object 'Object Repository/create_Tour/Page_Add Tour/table_Tour' is present (Root cause: com.kms.katalon.core.webui.exception.WebElementNotFoundException: Web element with id: 'Object Repository/create_Tour/Page_Add Tour/table_Tour' located by 'By.xpath: .//tbody//*[contains(text(),'Trip to Ootty')]' not found)]]></system-err>
      </testcase>
      <testcase name="Test Cases/CreateUser/CreateNewSupplier" classname="Test Cases/CreateUser/CreateNewSupplier" status="PASSED">
         <system-out><![CDATA[2018-11-01 13:26:10 - [TEST_CASE][PASSED] - Test Cases/CreateUser/CreateNewSupplier: Test Cases/CreateUser/CreateNewSupplier

2018-11-01 13:26:11 - [TEST_STEP][PASSED] - phpTravels.SupplierKeys.navigateToCreateSupplierPage: phpTravels.SupplierKeys.navigateToCreateSupplierPage is PASSED

2018-11-01 13:26:13 - [MESSAGE][PASSED] - Object: 'Object Repository/user/create_new_supplier/Page_Dashboard/a_Accounts' is clicked on

2018-11-01 13:26:17 - [MESSAGE][PASSED] - Object: 'Object Repository/user/create_new_supplier/Page_Dashboard/a_Suppliers' is clicked on

2018-11-01 13:26:21 - [MESSAGE][PASSED] - Object: 'Object Repository/user/create_new_supplier/Page_Suppliers Management/button_Add' is clicked on

2018-11-01 13:26:21 - [MESSAGE][PASSED] - phpTravels.SupplierKeys.navigateToCreateSupplierPage is PASSED

2018-11-01 13:26:21 - [TEST_STEP][PASSED] - phpTravels.SupplierKeys.provideSupplierDetails: phpTravels.SupplierKeys.provideSupplierDetails is PASSED

2018-11-01 13:26:26 - [MESSAGE][PASSED] - Text 'Sukanya' is set on object 'Object Repository/user/create_new_supplier/Page_Add Supplier/input_fname'

2018-11-01 13:26:30 - [MESSAGE][PASSED] - Text 'J' is set on object 'Object Repository/user/create_new_supplier/Page_Add Supplier/input_lname'

2018-11-01 13:26:35 - [MESSAGE][PASSED] - Text 'saranya@demo.com' is set on object 'Object Repository/user/create_new_supplier/Page_Add Supplier/input_email'

2018-11-01 13:26:39 - [MESSAGE][PASSED] - Text 'password1!' is set on object 'Object Repository/user/create_new_supplier/Page_Add Supplier/input_password'

2018-11-01 13:26:43 - [MESSAGE][PASSED] - Text '8301089504' is set on object 'Object Repository/user/create_new_supplier/Page_Add Supplier/input_mobile'

2018-11-01 13:26:46 - [MESSAGE][PASSED] - Object: 'Object Repository/user/create_new_supplier/Page_Add Supplier/autocomplete_Country1' is clicked on

2018-11-01 13:26:48 - [MESSAGE][PASSED] - Object: 'Object Repository/user/create_new_supplier/Page_Add Supplier/autocomplete_Country2' is clicked on

2018-11-01 13:26:52 - [MESSAGE][PASSED] - Text 'India' is set on object 'Object Repository/user/create_new_supplier/Page_Add Supplier/autocomplete_Country2'

2018-11-01 13:26:54 - [MESSAGE][PASSED] - Object: 'Object Repository/user/create_new_supplier/Page_Add Supplier/autocomplete_Country3' is clicked on

2018-11-01 13:26:59 - [MESSAGE][PASSED] - Text 'Rakendu,ABRA352' is set on object 'Object Repository/user/create_new_supplier/Page_Add Supplier/input_address1'

2018-11-01 13:27:03 - [MESSAGE][PASSED] - Text 'Annooor, Church road' is set on object 'Object Repository/user/create_new_supplier/Page_Add Supplier/input_address2'

2018-11-01 13:27:15 - [MESSAGE][PASSED] - All options with value 'yes' are selected in object 'Object Repository/user/create_new_supplier/Page_Add Supplier/select_Status'  using regular expression

2018-11-01 13:27:29 - [MESSAGE][PASSED] - All options with value 'Tours' are selected in object 'Object Repository/user/create_new_supplier/Page_Add Supplier/select_SupplyFor'  using regular expression

2018-11-01 13:27:33 - [MESSAGE][PASSED] - Text 'Saranya' is set on object 'Object Repository/user/create_new_supplier/Page_Add Supplier/input_Name'

2018-11-01 13:27:36 - [MESSAGE][PASSED] - Object: 'Object Repository/user/create_new_supplier/Page_Add Supplier/autocomplete_AssignHotel' is clicked on

2018-11-01 13:27:38 - [MESSAGE][PASSED] - Object: 'Object Repository/user/create_new_supplier/Page_Add Supplier/autocomplete_AssignHotel2' is clicked on

2018-11-01 13:27:40 - [MESSAGE][PASSED] - Object: 'Object Repository/user/create_new_supplier/Page_Add Supplier/autocomplete_AssignTour1' is clicked on

2018-11-01 13:27:42 - [MESSAGE][PASSED] - Object: 'Object Repository/user/create_new_supplier/Page_Add Supplier/autocomplete_AssignTour2' is clicked on

2018-11-01 13:27:45 - [MESSAGE][PASSED] - Object: 'Object Repository/user/create_new_supplier/Page_Add Supplier/autocomplete_Cars1' is clicked on

2018-11-01 13:27:47 - [MESSAGE][PASSED] - Object: 'Object Repository/user/create_new_supplier/Page_Add Supplier/autocomplete_Cars2' is clicked on

2018-11-01 13:27:47 - [MESSAGE][PASSED] - phpTravels.SupplierKeys.provideSupplierDetails is PASSED

2018-11-01 13:27:47 - [TEST_STEP][PASSED] - phpTravels.SupplierKeys.provideAccessDetailsForAdd: phpTravels.SupplierKeys.provideAccessDetailsForAdd is PASSED

2018-11-01 13:27:50 - [MESSAGE][PASSED] - Object 'Object Repository/common/Access/add/Page_Add Admin/checkbox_all' is checked

2018-11-01 13:27:53 - [MESSAGE][PASSED] - Object 'Object Repository/common/Access/add/Page_Add Admin/checkbox_all' is checked

2018-11-01 13:27:56 - [MESSAGE][PASSED] - Object 'Object Repository/common/Access/add/Page_Add Admin/checkbox_all' is checked

2018-11-01 13:28:00 - [MESSAGE][PASSED] - Object 'Object Repository/common/Access/add/Page_Add Admin/checkbox_all' is checked

2018-11-01 13:28:03 - [MESSAGE][PASSED] - Object 'Object Repository/common/Access/add/Page_Add Admin/checkbox_all' is checked

2018-11-01 13:28:03 - [MESSAGE][PASSED] - phpTravels.SupplierKeys.provideAccessDetailsForAdd is PASSED

2018-11-01 13:28:03 - [TEST_STEP][PASSED] - phpTravels.SupplierKeys.provideAccessDetailsForEdit: phpTravels.SupplierKeys.provideAccessDetailsForEdit is PASSED

2018-11-01 13:28:06 - [MESSAGE][PASSED] - Object 'Object Repository/common/Access/edit/Page_Add Admin/checkbox_all' is checked

2018-11-01 13:28:09 - [MESSAGE][PASSED] - Object 'Object Repository/common/Access/edit/Page_Add Admin/checkbox_all' is checked

2018-11-01 13:28:12 - [MESSAGE][PASSED] - Object 'Object Repository/common/Access/edit/Page_Add Admin/checkbox_all' is checked

2018-11-01 13:28:16 - [MESSAGE][PASSED] - Object 'Object Repository/common/Access/edit/Page_Add Admin/checkbox_all' is checked

2018-11-01 13:28:19 - [MESSAGE][PASSED] - Object 'Object Repository/common/Access/edit/Page_Add Admin/checkbox_all' is checked

2018-11-01 13:28:19 - [MESSAGE][PASSED] - phpTravels.SupplierKeys.provideAccessDetailsForEdit is PASSED

2018-11-01 13:28:19 - [TEST_STEP][PASSED] - phpTravels.SupplierKeys.provideAccessDetailsForRemove: phpTravels.SupplierKeys.provideAccessDetailsForRemove is PASSED

2018-11-01 13:28:20 - [MESSAGE][PASSED] - Browser is scrolled to position x = 9999999, y = 9999999

2018-11-01 13:28:23 - [MESSAGE][PASSED] - Object 'Object Repository/common/Access/remove/Page_Add Admin/checkbox_all' is checked

2018-11-01 13:28:26 - [MESSAGE][PASSED] - Object 'Object Repository/common/Access/remove/Page_Add Admin/checkbox_all' is checked

2018-11-01 13:28:29 - [MESSAGE][PASSED] - Object 'Object Repository/common/Access/remove/Page_Add Admin/checkbox_all' is checked

2018-11-01 13:28:33 - [MESSAGE][PASSED] - Object 'Object Repository/common/Access/remove/Page_Add Admin/checkbox_all' is checked

2018-11-01 13:28:36 - [MESSAGE][PASSED] - Object 'Object Repository/common/Access/remove/Page_Add Admin/checkbox_all' is checked

2018-11-01 13:28:36 - [MESSAGE][PASSED] - phpTravels.SupplierKeys.provideAccessDetailsForRemove is PASSED

2018-11-01 13:28:36 - [TEST_STEP][PASSED] - phpTravels.SupplierKeys.saveSupplier: phpTravels.SupplierKeys.saveSupplier is PASSED

2018-11-01 13:28:44 - [MESSAGE][PASSED] - Object: 'Object Repository/common/button_Submit' is clicked on

2018-11-01 13:28:45 - [MESSAGE][PASSED] - Wait for page load successfully

2018-11-01 13:28:46 - [MESSAGE][PASSED] - Object 'Object Repository/user/create_new_supplier/Page_Suppliers Management/table_Supplier' is present

2018-11-01 13:28:46 - [MESSAGE][PASSED] - phpTravels.SupplierKeys.saveSupplier is PASSED]]></system-out>
         <system-err><![CDATA[]]></system-err>
      </testcase>
      <testcase name="Test Cases/Common/DeleteAllTestData" classname="Test Cases/Common/DeleteAllTestData" status="PASSED">
         <system-out><![CDATA[2018-11-01 13:28:46 - [TEST_CASE][PASSED] - Test Cases/Common/DeleteAllTestData: Test Cases/Common/DeleteAllTestData

2018-11-01 13:28:46 - [TEST_STEP][PASSED] - callTestCase: Call Test Case 'Test Cases/Common/LoginAsSuperAdmin' successfully

2018-11-01 13:28:46 - [TEST_CASE][PASSED] - Test Cases/Common/LoginAsSuperAdmin: Test Cases/Common/LoginAsSuperAdmin

2018-11-01 13:28:46 - [TEST_STEP][PASSED] - Statement - dbdata = com.kms.katalon.core.testdata.TestDataFactory.findTestData(adminDetails): Reading database data with query 'SELECT * FROM katalon_saranya_16_oct_18.users'

2018-11-01 13:28:46 - [TEST_STEP][PASSED] - Statement - userName = dbdata.getValue(5, 2): null

2018-11-01 13:28:46 - [TEST_STEP][PASSED] - Statement - password = dbdata.getValue(2, 2): null

2018-11-01 13:28:46 - [TEST_STEP][PASSED] - phpTravels.commonUtils.loginToPHPTravels: phpTravels.commonUtils.loginToPHPTravels is PASSED

2018-11-01 13:28:46 - [MESSAGE][WARNING] - A browser is already opened. Closing browser and opening a new one

2018-11-01 13:28:52 - [MESSAGE][PASSED] - Browser is opened with url: ''

2018-11-01 13:28:56 - [MESSAGE][PASSED] - Navigate to 'https://www.phptravels.net/admin' successfully

2018-11-01 13:28:58 - [MESSAGE][PASSED] - Current window maximized

2018-11-01 13:29:02 - [MESSAGE][PASSED] - Text 'admin@phptravels.com' is set on object 'Object Repository/common/super_admin/Page_Administator Login/input_email'

2018-11-01 13:29:06 - [MESSAGE][PASSED] - Text 'demoadmin' is set on object 'Object Repository/common/super_admin/Page_Administator Login/input_password'

2018-11-01 13:29:08 - [MESSAGE][PASSED] - Object: 'Object Repository/common/super_admin/Page_Administator Login/button_Login' is clicked on

2018-11-01 13:29:08 - [MESSAGE][PASSED] - phpTravels.commonUtils.loginToPHPTravels is PASSED

2018-11-01 13:29:08 - [MESSAGE][PASSED] - Call Test Case 'Test Cases/Common/LoginAsSuperAdmin' successfully

2018-11-01 13:29:09 - [TEST_STEP][PASSED] - phpTravels.commonUtils.deleteSupplierData: phpTravels.commonUtils.deleteSupplierData is PASSED

2018-11-01 13:29:14 - [MESSAGE][PASSED] - Object: 'Object Repository/user/create_new_supplier/Page_Dashboard/a_Accounts' is clicked on

2018-11-01 13:29:18 - [MESSAGE][PASSED] - Object: 'Object Repository/user/create_new_supplier/Page_Dashboard/a_Suppliers' is clicked on

2018-11-01 13:29:19 - [MESSAGE][PASSED] - Object 'Object Repository/user/create_new_supplier/Page_Suppliers Management/select_Supplier' is present

2018-11-01 13:29:21 - [MESSAGE][PASSED] - Object: 'Object Repository/user/create_new_supplier/Page_Suppliers Management/select_Supplier' is clicked on

2018-11-01 13:29:24 - [MESSAGE][PASSED] - Object: 'Object Repository/common/button_Delete' is clicked on

2018-11-01 13:29:26 - [MESSAGE][PASSED] - Alert accepted

2018-11-01 13:29:26 - [MESSAGE][PASSED] - phpTravels.commonUtils.deleteSupplierData is PASSED

2018-11-01 13:29:26 - [TEST_STEP][PASSED] - phpTravels.commonUtils.deleteTourData: phpTravels.commonUtils.deleteTourData is PASSED

2018-11-01 13:29:29 - [MESSAGE][PASSED] - Object: 'Object Repository/create_Tour/Page_Tours Management/a_Tours' is clicked on

2018-11-01 13:29:35 - [MESSAGE][PASSED] - Object: 'Object Repository/create_Tour/Page_Tours Management/a_TourSubTab' is clicked on

2018-11-01 13:29:35 - [MESSAGE][WARNING] - Test object with id 'Object Repository/create_Tour/Page_Add Tour/select_Supplier' does not exist

2018-11-01 13:29:35 - [MESSAGE][WARNING] - Test object with id 'Object Repository/' does not exist

2018-11-01 13:29:37 - [MESSAGE][WARNING] - Unable to verify object is present (Root cause: java.lang.IllegalArgumentException: Object is null)
[[ATTACHMENT|C:\\Users\\Saranya\\git\\Katalon_Saranya_Assignment\\Reports\\scenario1\\20181101_131814\\1541059175839.png]]

2018-11-01 13:29:37 - [MESSAGE][PASSED] - phpTravels.commonUtils.deleteTourData is PASSED

2018-11-01 13:29:37 - [TEST_STEP][PASSED] - phpTravels.commonUtils.deleteAdminData: phpTravels.commonUtils.deleteAdminData is PASSED

2018-11-01 13:29:39 - [MESSAGE][PASSED] - Object: 'Object Repository/user/create_new_admin/Page_Dashboard/a_Accounts' is clicked on

2018-11-01 13:29:43 - [MESSAGE][PASSED] - Object: 'Object Repository/user/create_new_admin/Page_Dashboard/a_Admins' is clicked on

2018-11-01 13:29:50 - [MESSAGE][WARNING] - com.kms.katalon.core.webui.exception.WebElementNotFoundException: Web element with id: 'Object Repository/user/create_new_admin/Page_Update Admin/select_Admin' located by 'By.xpath: .//tbody//*[contains(text(),'Trip to Ootty')]//parent::*//preceding-sibling::*//child::*' not found
[[ATTACHMENT|C:\\Users\\Saranya\\git\\Katalon_Saranya_Assignment\\Reports\\scenario1\\20181101_131814\\1541059189272.png]]

2018-11-01 13:29:50 - [MESSAGE][PASSED] - phpTravels.commonUtils.deleteAdminData is PASSED]]></system-out>
         <system-err><![CDATA[]]></system-err>
      </testcase>
      <system-out><![CDATA[2018-11-01 13:18:22 - [TEST_SUITE][FAILED] - scenario1: Test Cases/CreateTour/CreateATour FAILED because (of) Unable to verify object 'Object Repository/create_Tour/Page_Add Tour/table_Tour' is present (Root cause: com.kms.katalon.core.webui.exception.WebElementNotFoundException: Web element with id: 'Object Repository/create_Tour/Page_Add Tour/table_Tour' located by 'By.xpath: .//tbody//*[contains(text(),'Trip to Ootty')]' not found)]]></system-out>
      <system-err><![CDATA[2018-11-01 13:18:22 - [TEST_SUITE][FAILED] - scenario1: Test Cases/CreateTour/CreateATour FAILED because (of) Unable to verify object 'Object Repository/create_Tour/Page_Add Tour/table_Tour' is present (Root cause: com.kms.katalon.core.webui.exception.WebElementNotFoundException: Web element with id: 'Object Repository/create_Tour/Page_Add Tour/table_Tour' located by 'By.xpath: .//tbody//*[contains(text(),'Trip to Ootty')]' not found)]]></system-err>
   </testsuite>
</testsuites>
