<?xml version="1.0" encoding="UTF-8"?>
<testsuites name="CreateNewAdminAndLogin" time="20" tests="1" failures="0" errors="1">
   <testsuite name="CreateNewAdminAndLogin" tests="1" failures="0" errors="1" time="20" timestamp="2018-10-23 11:20:15" hostname="Saranya - Saranya-PC" id="Test Suites/CreateNewAdminAndLogin">
      <properties>
         <property name="deviceName" value=""/>
         <property name="devicePlatform" value=""/>
         <property name="logFolder" value="C:\\Users\\Saranya\\Katalon Studio\\Saranya_Katalon_Assignment2\\Reports\\CreateNewAdminAndLogin\\20181023_112011"/>
         <property name="logFiles" value="C:\\Users\\Saranya\\Katalon Studio\\Saranya_Katalon_Assignment2\\Reports\\CreateNewAdminAndLogin\\20181023_112011\\execution0.log"/>
         <property name="attachments" value=""/>
         <property name="hostName" value="Saranya - Saranya-PC"/>
         <property name="os" value="Windows 7 64bit"/>
         <property name="katalonVersion" value="5.4.1.1"/>
         <property name="browser" value="Chrome 69.0.3497.100"/>
         <property name="dbServerInfo" value="MySQL 5.6.20"/>
         <property name="hostAddress" value="192.168.1.142"/>
         <property name="sessionId" value="09384b8142ddbb68522efabc5095c4ba"/>
         <property name="seleniumVersion" value="3.7.1"/>
         <property name="proxyInformation" value="ProxyInformation{proxyOption=NO_PROXY, proxyServerType=HTTP, password=, proxyServerAddress=, proxyServerPort=0}"/>
         <property name="platform" value="Windows 7"/>
      </properties>
      <testcase name="Test Cases/Common/LoginAsSuperAdmin" classname="Test Cases/Common/LoginAsSuperAdmin" status="PASSED">
         <system-out><![CDATA[2018-10-23 11:20:16 - [TEST_CASE][PASSED] - Test Cases/Common/LoginAsSuperAdmin: Test Cases/Common/LoginAsSuperAdmin

2018-10-23 11:20:16 - [TEST_STEP][PASSED] - openBrowser: Browser is opened with url: ''

2018-10-23 11:20:22 - [MESSAGE][PASSED] - Browser is opened with url: ''

2018-10-23 11:20:22 - [TEST_STEP][PASSED] - navigateToUrl: Navigate to 'https://www.phptravels.net/admin' successfully

2018-10-23 11:20:24 - [MESSAGE][PASSED] - Navigate to 'https://www.phptravels.net/admin' successfully

2018-10-23 11:20:24 - [TEST_STEP][PASSED] - setText: Text 'admin@phptravels.com' is set on object 'Object Repository/common/super_admin/Page_Administator Login/input_email'

2018-10-23 11:20:25 - [MESSAGE][PASSED] - Text 'admin@phptravels.com' is set on object 'Object Repository/common/super_admin/Page_Administator Login/input_email'

2018-10-23 11:20:25 - [TEST_STEP][PASSED] - setText: Text 'demoadmin' is set on object 'Object Repository/common/super_admin/Page_Administator Login/input_password'

2018-10-23 11:20:25 - [MESSAGE][PASSED] - Text 'demoadmin' is set on object 'Object Repository/common/super_admin/Page_Administator Login/input_password'

2018-10-23 11:20:25 - [TEST_STEP][PASSED] - click: Object: 'Object Repository/common/super_admin/Page_Administator Login/button_Login' is clicked on

2018-10-23 11:20:26 - [MESSAGE][PASSED] - Object: 'Object Repository/common/super_admin/Page_Administator Login/button_Login' is clicked on]]></system-out>
         <system-err><![CDATA[]]></system-err>
      </testcase>
      <testcase name="Test Cases/CreateUser/CreateNewAdmin" classname="Test Cases/CreateUser/CreateNewAdmin" status="ERROR">
         <error type="ERROR" message="Test Cases/CreateUser/CreateNewAdmin FAILED because (of) java.lang.IllegalArgumentException: Invalid row index 3 for test data 'jdbc:mysql://10.10.0.143'. Row index must be between 1..2"/>
         <system-out><![CDATA[2018-10-23 11:20:26 - [TEST_CASE][ERROR] - Test Cases/CreateUser/CreateNewAdmin: Test Cases/CreateUser/CreateNewAdmin FAILED because (of) java.lang.IllegalArgumentException: Invalid row index 3 for test data 'jdbc:mysql://10.10.0.143'. Row index must be between 1..2

2018-10-23 11:20:26 - [TEST_STEP][PASSED] - phpTravels.PhpKeys.navigateToCreateAdminPage: phpTravels.PhpKeys.navigateToCreateAdminPage is PASSED

2018-10-23 11:20:30 - [MESSAGE][PASSED] - Object: 'Object Repository/user/create_new_admin/Page_Dashboard/a_Accounts' is clicked on

2018-10-23 11:20:32 - [MESSAGE][PASSED] - Object: 'Object Repository/user/create_new_admin/Page_Dashboard/a_Admins' is clicked on

2018-10-23 11:20:34 - [MESSAGE][PASSED] - Object: 'Object Repository/user/create_new_admin/Page_Admins Management/button_Add' is clicked on

2018-10-23 11:20:34 - [MESSAGE][PASSED] - phpTravels.PhpKeys.navigateToCreateAdminPage is PASSED

2018-10-23 11:20:34 - [TEST_STEP][ERROR] - phpTravels.PhpKeys.provideAdminDetails: Invalid row index 3 for test data 'jdbc:mysql://10.10.0.143'. Row index must be between 1..2

2018-10-23 11:20:35 - [MESSAGE][ERROR] - Invalid row index 3 for test data 'jdbc:mysql://10.10.0.143'. Row index must be between 1..2]]></system-out>
         <system-err><![CDATA[2018-10-23 11:20:26 - [TEST_CASE][ERROR] - Test Cases/CreateUser/CreateNewAdmin: Test Cases/CreateUser/CreateNewAdmin FAILED because (of) java.lang.IllegalArgumentException: Invalid row index 3 for test data 'jdbc:mysql://10.10.0.143'. Row index must be between 1..2]]></system-err>
      </testcase>
      <system-out><![CDATA[2018-10-23 11:20:15 - [TEST_SUITE][ERROR] - CreateNewAdminAndLogin: Test Cases/CreateUser/CreateNewAdmin FAILED because (of) java.lang.IllegalArgumentException: Invalid row index 3 for test data 'jdbc:mysql://10.10.0.143'. Row index must be between 1..2]]></system-out>
      <system-err><![CDATA[2018-10-23 11:20:15 - [TEST_SUITE][ERROR] - CreateNewAdminAndLogin: Test Cases/CreateUser/CreateNewAdmin FAILED because (of) java.lang.IllegalArgumentException: Invalid row index 3 for test data 'jdbc:mysql://10.10.0.143'. Row index must be between 1..2]]></system-err>
   </testsuite>
</testsuites>
