<?xml version="1.0" encoding="UTF-8"?>
<testsuites name="CreateNewAdminAndLogin" time="59" tests="1" failures="1" errors="0">
   <testsuite name="CreateNewAdminAndLogin" tests="1" failures="1" errors="0" time="59" timestamp="2018-10-18 14:14:39" hostname="Saranya - Saranya-PC" id="Test Suites/CreateNewAdminAndLogin">
      <properties>
         <property name="deviceName" value=""/>
         <property name="devicePlatform" value=""/>
         <property name="logFolder" value="C:\\Users\\Saranya\\Katalon Studio\\Saranya_Katalon_Assignment2\\Reports\\CreateNewAdminAndLogin\\20181018_141437"/>
         <property name="logFiles" value="C:\\Users\\Saranya\\Katalon Studio\\Saranya_Katalon_Assignment2\\Reports\\CreateNewAdminAndLogin\\20181018_141437\\execution0.log"/>
         <property name="attachments" value="C:\\Users\\Saranya\\Katalon Studio\\Saranya_Katalon_Assignment2\\Reports\\CreateNewAdminAndLogin\\20181018_141437\\1539852338909.png"/>
         <property name="hostName" value="Saranya - Saranya-PC"/>
         <property name="os" value="Windows 7 64bit"/>
         <property name="katalonVersion" value="5.4.1.1"/>
         <property name="browser" value="Firefox 47.0"/>
         <property name="hostAddress" value="192.168.1.142"/>
         <property name="sessionId" value="8bb34aeb-b7c5-4b91-85ae-9f18ba77d832"/>
         <property name="seleniumVersion" value="3.7.1"/>
         <property name="proxyInformation" value="ProxyInformation{proxyOption=NO_PROXY, proxyServerType=HTTP, password=, proxyServerAddress=, proxyServerPort=0}"/>
         <property name="platform" value="Windows 7"/>
      </properties>
      <testcase name="Test Cases/Common/LoginAsSuperAdmin" classname="Test Cases/Common/LoginAsSuperAdmin" status="PASSED">
         <system-out><![CDATA[2018-10-18 14:14:40 - [TEST_CASE][PASSED] - Test Cases/Common/LoginAsSuperAdmin: Test Cases/Common/LoginAsSuperAdmin

2018-10-18 14:14:41 - [TEST_STEP][PASSED] - openBrowser: Browser is opened with url: ''

2018-10-18 14:14:54 - [MESSAGE][PASSED] - Browser is opened with url: ''

2018-10-18 14:14:54 - [TEST_STEP][PASSED] - navigateToUrl: Navigate to 'https://www.phptravels.net/admin' successfully

2018-10-18 14:14:57 - [MESSAGE][PASSED] - Navigate to 'https://www.phptravels.net/admin' successfully

2018-10-18 14:14:57 - [TEST_STEP][PASSED] - setText: Text 'admin@phptravels.com' is set on object 'Object Repository/common/super_admin/Page_Administator Login/input_email'

2018-10-18 14:14:57 - [MESSAGE][PASSED] - Text 'admin@phptravels.com' is set on object 'Object Repository/common/super_admin/Page_Administator Login/input_email'

2018-10-18 14:14:57 - [TEST_STEP][PASSED] - setText: Text 'demoadmin' is set on object 'Object Repository/common/super_admin/Page_Administator Login/input_password'

2018-10-18 14:14:57 - [MESSAGE][PASSED] - Text 'demoadmin' is set on object 'Object Repository/common/super_admin/Page_Administator Login/input_password'

2018-10-18 14:14:57 - [TEST_STEP][PASSED] - click: Object: 'Object Repository/common/super_admin/Page_Administator Login/button_Login' is clicked on

2018-10-18 14:14:58 - [MESSAGE][PASSED] - Object: 'Object Repository/common/super_admin/Page_Administator Login/button_Login' is clicked on]]></system-out>
         <system-err><![CDATA[]]></system-err>
      </testcase>
      <testcase name="Test Cases/CreateUser/CreateNewAdmin" classname="Test Cases/CreateUser/CreateNewAdmin" status="FAILED">
         <failure type="FAILED" message="Unable to set text 'fName' of object 'Object Repository/user/create_new_admin/Page_Add Admin/input_fname' (Root cause: com.kms.katalon.core.webui.exception.WebElementNotFoundException: Web element with id: 'Object Repository/user/create_new_admin/Page_Add Admin/input_fname' located by 'By.xpath: //input[@type = 'text' and @placeholder = 'First name' and @name = 'fname']' not found)"/>
         <system-out><![CDATA[2018-10-18 14:14:58 - [TEST_CASE][FAILED] - Test Cases/CreateUser/CreateNewAdmin: Test Cases/CreateUser/CreateNewAdmin FAILED because (of) Unable to set text 'fName' of object 'Object Repository/user/create_new_admin/Page_Add Admin/input_fname' (Root cause: com.kms.katalon.core.webui.exception.WebElementNotFoundException: Web element with id: 'Object Repository/user/create_new_admin/Page_Add Admin/input_fname' located by 'By.xpath: //input[@type = 'text' and @placeholder = 'First name' and @name = 'fname']' not found)

2018-10-18 14:14:59 - [TEST_STEP][PASSED] - phpTravels.PhpKeys.navigateToCreateAdminPage: phpTravels.PhpKeys.navigateToCreateAdminPage is PASSED

2018-10-18 14:15:04 - [MESSAGE][PASSED] - Object: 'Object Repository/user/create_new_admin/Page_Dashboard/a_Accounts' is clicked on

2018-10-18 14:15:04 - [MESSAGE][PASSED] - Object: 'Object Repository/user/create_new_admin/Page_Dashboard/a_Admins' is clicked on

2018-10-18 14:15:06 - [MESSAGE][PASSED] - Object: 'Object Repository/user/create_new_admin/Page_Admins Management/button_Add' is clicked on

2018-10-18 14:15:06 - [MESSAGE][PASSED] - phpTravels.PhpKeys.navigateToCreateAdminPage is PASSED

2018-10-18 14:15:06 - [TEST_STEP][FAILED] - phpTravels.PhpKeys.provideAdminDetails: Unable to set text 'fName' of object 'Object Repository/user/create_new_admin/Page_Add Admin/input_fname' (Root cause: com.kms.katalon.core.webui.exception.WebElementNotFoundException: Web element with id: 'Object Repository/user/create_new_admin/Page_Add Admin/input_fname' located by 'By.xpath: //input[@type = 'text' and @placeholder = 'First name' and @name = 'fname']' not found)

2018-10-18 14:15:39 - [MESSAGE][FAILED] - Unable to set text 'fName' of object 'Object Repository/user/create_new_admin/Page_Add Admin/input_fname' (Root cause: com.kms.katalon.core.webui.exception.WebElementNotFoundException: Web element with id: 'Object Repository/user/create_new_admin/Page_Add Admin/input_fname' located by 'By.xpath: //input[@type = 'text' and @placeholder = 'First name' and @name = 'fname']' not found)
[[ATTACHMENT|C:\\Users\\Saranya\\Katalon Studio\\Saranya_Katalon_Assignment2\\Reports\\CreateNewAdminAndLogin\\20181018_141437\\1539852338909.png]]

2018-10-18 14:15:39 - [MESSAGE][FAILED] - Unable to set text 'fName' of object 'Object Repository/user/create_new_admin/Page_Add Admin/input_fname' (Root cause: com.kms.katalon.core.webui.exception.WebElementNotFoundException: Web element with id: 'Object Repository/user/create_new_admin/Page_Add Admin/input_fname' located by 'By.xpath: //input[@type = 'text' and @placeholder = 'First name' and @name = 'fname']' not found)]]></system-out>
         <system-err><![CDATA[2018-10-18 14:14:58 - [TEST_CASE][FAILED] - Test Cases/CreateUser/CreateNewAdmin: Test Cases/CreateUser/CreateNewAdmin FAILED because (of) Unable to set text 'fName' of object 'Object Repository/user/create_new_admin/Page_Add Admin/input_fname' (Root cause: com.kms.katalon.core.webui.exception.WebElementNotFoundException: Web element with id: 'Object Repository/user/create_new_admin/Page_Add Admin/input_fname' located by 'By.xpath: //input[@type = 'text' and @placeholder = 'First name' and @name = 'fname']' not found)]]></system-err>
      </testcase>
      <system-out><![CDATA[2018-10-18 14:14:39 - [TEST_SUITE][FAILED] - CreateNewAdminAndLogin: Test Cases/CreateUser/CreateNewAdmin FAILED because (of) Unable to set text 'fName' of object 'Object Repository/user/create_new_admin/Page_Add Admin/input_fname' (Root cause: com.kms.katalon.core.webui.exception.WebElementNotFoundException: Web element with id: 'Object Repository/user/create_new_admin/Page_Add Admin/input_fname' located by 'By.xpath: //input[@type = 'text' and @placeholder = 'First name' and @name = 'fname']' not found)]]></system-out>
      <system-err><![CDATA[2018-10-18 14:14:39 - [TEST_SUITE][FAILED] - CreateNewAdminAndLogin: Test Cases/CreateUser/CreateNewAdmin FAILED because (of) Unable to set text 'fName' of object 'Object Repository/user/create_new_admin/Page_Add Admin/input_fname' (Root cause: com.kms.katalon.core.webui.exception.WebElementNotFoundException: Web element with id: 'Object Repository/user/create_new_admin/Page_Add Admin/input_fname' located by 'By.xpath: //input[@type = 'text' and @placeholder = 'First name' and @name = 'fname']' not found)]]></system-err>
   </testsuite>
</testsuites>
